{"C:\\Users\\samsam\\Downloads\\tempo-app-v4_1\\tempo-app\\src\\App.jsx": {"path":"C:\\Users\\samsam\\Downloads\\tempo-app-v4_1\\tempo-app\\src\\App.jsx","statementMap":{"0":{"start":{"line":12,"column":4},"end":{"line":12,"column":null}},"1":{"start":{"line":13,"column":4},"end":{"line":13,"column":null}},"2":{"start":{"line":16,"column":4},"end":{"line":16,"column":null}},"3":{"start":{"line":19,"column":4},"end":{"line":19,"column":null}},"4":{"start":{"line":19,"column":30},"end":{"line":19,"column":null}},"5":{"start":{"line":20,"column":4},"end":{"line":35,"column":null}},"6":{"start":{"line":31,"column":29},"end":{"line":31,"column":78}},"7":{"start":{"line":31,"column":78},"end":{"line":31,"column":null}},"8":{"start":{"line":42,"column":23},"end":{"line":42,"column":null}},"9":{"start":{"line":42,"column":40},"end":{"line":42,"column":null}},"10":{"start":{"line":43,"column":23},"end":{"line":43,"column":null}},"11":{"start":{"line":43,"column":40},"end":{"line":43,"column":null}},"12":{"start":{"line":44,"column":23},"end":{"line":44,"column":null}},"13":{"start":{"line":44,"column":40},"end":{"line":44,"column":null}},"14":{"start":{"line":47,"column":6},"end":{"line":111,"column":null}},"15":{"start":{"line":48,"column":2},"end":{"line":111,"column":null}},"16":{"start":{"line":77,"column":10},"end":{"line":88,"column":null}},"17":{"start":{"line":77,"column":44},"end":{"line":77,"column":58}},"18":{"start":{"line":82,"column":33},"end":{"line":82,"column":90}},"19":{"start":{"line":82,"column":90},"end":{"line":82,"column":null}},"20":{"start":{"line":83,"column":33},"end":{"line":83,"column":93}},"21":{"start":{"line":83,"column":93},"end":{"line":83,"column":null}},"22":{"start":{"line":92,"column":29},"end":{"line":92,"column":46}},"23":{"start":{"line":96,"column":29},"end":{"line":96,"column":null}},"24":{"start":{"line":97,"column":29},"end":{"line":97,"column":null}},"25":{"start":{"line":115,"column":6},"end":{"line":199,"column":null}},"26":{"start":{"line":116,"column":76},"end":{"line":116,"column":96}},"27":{"start":{"line":117,"column":38},"end":{"line":117,"column":58}},"28":{"start":{"line":118,"column":36},"end":{"line":118,"column":56}},"29":{"start":{"line":119,"column":56},"end":{"line":119,"column":77}},"30":{"start":{"line":122,"column":2},"end":{"line":123,"column":null}},"31":{"start":{"line":123,"column":4},"end":{"line":123,"column":null}},"32":{"start":{"line":123,"column":40},"end":{"line":123,"column":68}},"33":{"start":{"line":127,"column":2},"end":{"line":128,"column":null}},"34":{"start":{"line":128,"column":4},"end":{"line":128,"column":null}},"35":{"start":{"line":128,"column":38},"end":{"line":128,"column":69}},"36":{"start":{"line":128,"column":69},"end":{"line":128,"column":91}},"37":{"start":{"line":131,"column":2},"end":{"line":136,"column":null}},"38":{"start":{"line":131,"column":15},"end":{"line":136,"column":null}},"39":{"start":{"line":141,"column":2},"end":{"line":147,"column":null}},"40":{"start":{"line":142,"column":4},"end":{"line":147,"column":null}},"41":{"start":{"line":153,"column":2},"end":{"line":170,"column":null}},"42":{"start":{"line":156,"column":4},"end":{"line":165,"column":null}},"43":{"start":{"line":157,"column":6},"end":{"line":158,"column":null}},"44":{"start":{"line":158,"column":8},"end":{"line":158,"column":null}},"45":{"start":{"line":160,"column":6},"end":{"line":165,"column":null}},"46":{"start":{"line":162,"column":104},"end":{"line":162,"column":126}},"47":{"start":{"line":163,"column":104},"end":{"line":163,"column":126}},"48":{"start":{"line":164,"column":71},"end":{"line":164,"column":89}},"49":{"start":{"line":169,"column":4},"end":{"line":169,"column":null}},"50":{"start":{"line":169,"column":19},"end":{"line":169,"column":null}},"51":{"start":{"line":170,"column":4},"end":{"line":170,"column":null}},"52":{"start":{"line":170,"column":19},"end":{"line":170,"column":null}},"53":{"start":{"line":174,"column":2},"end":{"line":175,"column":null}},"54":{"start":{"line":175,"column":4},"end":{"line":175,"column":null}},"55":{"start":{"line":179,"column":2},"end":{"line":199,"column":null}},"56":{"start":{"line":190,"column":35},"end":{"line":190,"column":56}},"57":{"start":{"line":191,"column":35},"end":{"line":191,"column":63}},"58":{"start":{"line":192,"column":35},"end":{"line":192,"column":62}},"59":{"start":{"line":203,"column":6},"end":{"line":208,"column":null}},"60":{"start":{"line":204,"column":2},"end":{"line":208,"column":null}},"61":{"start":{"line":213,"column":2},"end":{"line":222,"column":null}}},"fnMap":{"0":{"name":"(anonymous_0)","decl":{"start":{"line":11,"column":2},"end":{"line":11,"column":14}},"loc":{"start":{"line":11,"column":21},"end":{"line":13,"column":null}},"line":11},"1":{"name":"(anonymous_1)","decl":{"start":{"line":15,"column":9},"end":{"line":15,"column":34}},"loc":{"start":{"line":15,"column":41},"end":{"line":16,"column":null}},"line":15},"2":{"name":"(anonymous_2)","decl":{"start":{"line":18,"column":2},"end":{"line":18,"column":11}},"loc":{"start":{"line":18,"column":11},"end":{"line":35,"column":null}},"line":18},"3":{"name":"(anonymous_3)","decl":{"start":{"line":31,"column":12},"end":{"line":31,"column":27}},"loc":{"start":{"line":31,"column":27},"end":{"line":31,"column":null}},"line":31},"4":{"name":"(anonymous_4)","decl":{"start":{"line":42,"column":29},"end":{"line":42,"column":40}},"loc":{"start":{"line":42,"column":40},"end":{"line":42,"column":null}},"line":42},"5":{"name":"(anonymous_5)","decl":{"start":{"line":43,"column":29},"end":{"line":43,"column":40}},"loc":{"start":{"line":43,"column":40},"end":{"line":43,"column":null}},"line":43},"6":{"name":"(anonymous_6)","decl":{"start":{"line":44,"column":29},"end":{"line":44,"column":40}},"loc":{"start":{"line":44,"column":40},"end":{"line":44,"column":null}},"line":44},"7":{"name":"(anonymous_7)","decl":{"start":{"line":47,"column":6},"end":{"line":47,"column":27}},"loc":{"start":{"line":48,"column":2},"end":{"line":111,"column":null}},"line":48},"8":{"name":"(anonymous_8)","decl":{"start":{"line":76,"column":10},"end":{"line":76,"column":15}},"loc":{"start":{"line":77,"column":10},"end":{"line":88,"column":null}},"line":77},"9":{"name":"(anonymous_9)","decl":{"start":{"line":77,"column":29},"end":{"line":77,"column":44}},"loc":{"start":{"line":77,"column":44},"end":{"line":77,"column":58}},"line":77},"10":{"name":"(anonymous_10)","decl":{"start":{"line":82,"column":12},"end":{"line":82,"column":26}},"loc":{"start":{"line":82,"column":31},"end":{"line":82,"column":null}},"line":82},"11":{"name":"(anonymous_11)","decl":{"start":{"line":83,"column":12},"end":{"line":83,"column":26}},"loc":{"start":{"line":83,"column":31},"end":{"line":83,"column":null}},"line":83},"12":{"name":"(anonymous_12)","decl":{"start":{"line":92,"column":14},"end":{"line":92,"column":29}},"loc":{"start":{"line":92,"column":29},"end":{"line":92,"column":46}},"line":92},"13":{"name":"(anonymous_13)","decl":{"start":{"line":96,"column":8},"end":{"line":96,"column":22}},"loc":{"start":{"line":96,"column":27},"end":{"line":96,"column":null}},"line":96},"14":{"name":"(anonymous_14)","decl":{"start":{"line":97,"column":8},"end":{"line":97,"column":22}},"loc":{"start":{"line":97,"column":27},"end":{"line":97,"column":null}},"line":97},"15":{"name":"(anonymous_15)","decl":{"start":{"line":115,"column":6},"end":{"line":115,"column":24}},"loc":{"start":{"line":115,"column":24},"end":{"line":199,"column":null}},"line":115},"16":{"name":"(anonymous_16)","decl":{"start":{"line":123,"column":26},"end":{"line":123,"column":40}},"loc":{"start":{"line":123,"column":40},"end":{"line":123,"column":68}},"line":123},"17":{"name":"(anonymous_17)","decl":{"start":{"line":128,"column":17},"end":{"line":128,"column":30}},"loc":{"start":{"line":128,"column":36},"end":{"line":128,"column":null}},"line":128},"18":{"name":"(anonymous_18)","decl":{"start":{"line":162,"column":85},"end":{"line":162,"column":104}},"loc":{"start":{"line":162,"column":104},"end":{"line":162,"column":126}},"line":162},"19":{"name":"(anonymous_19)","decl":{"start":{"line":163,"column":85},"end":{"line":163,"column":104}},"loc":{"start":{"line":163,"column":104},"end":{"line":163,"column":126}},"line":163},"20":{"name":"(anonymous_20)","decl":{"start":{"line":164,"column":52},"end":{"line":164,"column":71}},"loc":{"start":{"line":164,"column":71},"end":{"line":164,"column":89}},"line":164},"21":{"name":"(anonymous_21)","decl":{"start":{"line":190,"column":20},"end":{"line":190,"column":35}},"loc":{"start":{"line":190,"column":35},"end":{"line":190,"column":56}},"line":190},"22":{"name":"(anonymous_22)","decl":{"start":{"line":191,"column":20},"end":{"line":191,"column":35}},"loc":{"start":{"line":191,"column":35},"end":{"line":191,"column":63}},"line":191},"23":{"name":"(anonymous_23)","decl":{"start":{"line":192,"column":20},"end":{"line":192,"column":35}},"loc":{"start":{"line":192,"column":35},"end":{"line":192,"column":62}},"line":192},"24":{"name":"(anonymous_24)","decl":{"start":{"line":203,"column":6},"end":{"line":203,"column":null}},"loc":{"start":{"line":204,"column":2},"end":{"line":208,"column":null}},"line":204},"25":{"name":"App","decl":{"start":{"line":212,"column":24},"end":{"line":212,"column":30}},"loc":{"start":{"line":212,"column":30},"end":{"line":222,"column":null}},"line":212}},"branchMap":{"0":{"loc":{"start":{"line":19,"column":4},"end":{"line":19,"column":null}},"type":"if","locations":[{"start":{"line":19,"column":4},"end":{"line":19,"column":null}},{"start":{},"end":{}}],"line":19},"1":{"loc":{"start":{"line":28,"column":13},"end":{"line":28,"column":null}},"type":"binary-expr","locations":[{"start":{"line":28,"column":13},"end":{"line":28,"column":42}},{"start":{"line":28,"column":42},"end":{"line":28,"column":null}}],"line":28},"2":{"loc":{"start":{"line":122,"column":2},"end":{"line":123,"column":null}},"type":"if","locations":[{"start":{"line":122,"column":2},"end":{"line":123,"column":null}},{"start":{},"end":{}}],"line":122},"3":{"loc":{"start":{"line":127,"column":2},"end":{"line":128,"column":null}},"type":"if","locations":[{"start":{"line":127,"column":2},"end":{"line":128,"column":null}},{"start":{},"end":{}}],"line":127},"4":{"loc":{"start":{"line":127,"column":6},"end":{"line":127,"column":36}},"type":"binary-expr","locations":[{"start":{"line":127,"column":6},"end":{"line":127,"column":29}},{"start":{"line":127,"column":29},"end":{"line":127,"column":36}}],"line":127},"5":{"loc":{"start":{"line":131,"column":2},"end":{"line":136,"column":null}},"type":"if","locations":[{"start":{"line":131,"column":2},"end":{"line":136,"column":null}},{"start":{},"end":{}}],"line":131},"6":{"loc":{"start":{"line":141,"column":2},"end":{"line":147,"column":null}},"type":"if","locations":[{"start":{"line":141,"column":2},"end":{"line":147,"column":null}},{"start":{},"end":{}}],"line":141},"7":{"loc":{"start":{"line":141,"column":6},"end":{"line":141,"column":24}},"type":"binary-expr","locations":[{"start":{"line":141,"column":6},"end":{"line":141,"column":14}},{"start":{"line":141,"column":14},"end":{"line":141,"column":24}}],"line":141},"8":{"loc":{"start":{"line":153,"column":2},"end":{"line":170,"column":null}},"type":"if","locations":[{"start":{"line":153,"column":2},"end":{"line":170,"column":null}},{"start":{},"end":{}}],"line":153},"9":{"loc":{"start":{"line":153,"column":6},"end":{"line":153,"column":23}},"type":"binary-expr","locations":[{"start":{"line":153,"column":6},"end":{"line":153,"column":14}},{"start":{"line":153,"column":14},"end":{"line":153,"column":23}}],"line":153},"10":{"loc":{"start":{"line":156,"column":4},"end":{"line":165,"column":null}},"type":"if","locations":[{"start":{"line":156,"column":4},"end":{"line":165,"column":null}},{"start":{},"end":{}}],"line":156},"11":{"loc":{"start":{"line":157,"column":6},"end":{"line":158,"column":null}},"type":"if","locations":[{"start":{"line":157,"column":6},"end":{"line":158,"column":null}},{"start":{},"end":{}}],"line":157},"12":{"loc":{"start":{"line":162,"column":11},"end":{"line":162,"column":null}},"type":"binary-expr","locations":[{"start":{"line":162,"column":11},"end":{"line":162,"column":42}},{"start":{"line":162,"column":42},"end":{"line":162,"column":null}}],"line":162},"13":{"loc":{"start":{"line":163,"column":11},"end":{"line":163,"column":null}},"type":"binary-expr","locations":[{"start":{"line":163,"column":11},"end":{"line":163,"column":42}},{"start":{"line":163,"column":42},"end":{"line":163,"column":null}}],"line":163},"14":{"loc":{"start":{"line":164,"column":11},"end":{"line":164,"column":null}},"type":"binary-expr","locations":[{"start":{"line":164,"column":11},"end":{"line":164,"column":42}},{"start":{"line":164,"column":42},"end":{"line":164,"column":null}}],"line":164},"15":{"loc":{"start":{"line":169,"column":4},"end":{"line":169,"column":null}},"type":"if","locations":[{"start":{"line":169,"column":4},"end":{"line":169,"column":null}},{"start":{},"end":{}}],"line":169},"16":{"loc":{"start":{"line":170,"column":4},"end":{"line":170,"column":null}},"type":"if","locations":[{"start":{"line":170,"column":4},"end":{"line":170,"column":null}},{"start":{},"end":{}}],"line":170},"17":{"loc":{"start":{"line":174,"column":2},"end":{"line":175,"column":null}},"type":"if","locations":[{"start":{"line":174,"column":2},"end":{"line":175,"column":null}},{"start":{},"end":{}}],"line":174},"18":{"loc":{"start":{"line":174,"column":6},"end":{"line":174,"column":92}},"type":"binary-expr","locations":[{"start":{"line":174,"column":6},"end":{"line":174,"column":31}},{"start":{"line":174,"column":31},"end":{"line":174,"column":63}},{"start":{"line":174,"column":63},"end":{"line":174,"column":92}}],"line":174}},"s":{"0":0,"1":0,"2":0,"3":0,"4":0,"5":0,"6":0,"7":0,"8":0,"9":0,"10":0,"11":0,"12":0,"13":0,"14":0,"15":0,"16":0,"17":0,"18":0,"19":0,"20":0,"21":0,"22":0,"23":0,"24":0,"25":0,"26":0,"27":0,"28":0,"29":0,"30":0,"31":0,"32":0,"33":0,"34":0,"35":0,"36":0,"37":0,"38":0,"39":0,"40":0,"41":0,"42":0,"43":0,"44":0,"45":0,"46":0,"47":0,"48":0,"49":0,"50":0,"51":0,"52":0,"53":0,"54":0,"55":0,"56":0,"57":0,"58":0,"59":0,"60":0,"61":0},"f":{"0":0,"1":0,"2":0,"3":0,"4":0,"5":0,"6":0,"7":0,"8":0,"9":0,"10":0,"11":0,"12":0,"13":0,"14":0,"15":0,"16":0,"17":0,"18":0,"19":0,"20":0,"21":0,"22":0,"23":0,"24":0,"25":0},"b":{"0":[0,0],"1":[0,0],"2":[0,0],"3":[0,0],"4":[0,0],"5":[0,0],"6":[0,0],"7":[0,0],"8":[0,0],"9":[0,0],"10":[0,0],"11":[0,0],"12":[0,0],"13":[0,0],"14":[0,0],"15":[0,0],"16":[0,0],"17":[0,0],"18":[0,0,0]},"meta":{"lastBranch":19,"lastFunction":26,"lastStatement":62,"seen":{"f:11:2:11:14":0,"s:12:4:12:Infinity":0,"s:13:4:13:Infinity":1,"f:15:9:15:34":1,"s:16:4:16:Infinity":2,"f:18:2:18:11":2,"b:19:4:19:Infinity:undefined:undefined:undefined:undefined":0,"s:19:4:19:Infinity":3,"s:19:30:19:Infinity":4,"s:20:4:35:Infinity":5,"b:28:13:28:42:28:42:28:Infinity":1,"f:31:12:31:27":3,"s:31:29:31:78":6,"s:31:78:31:Infinity":7,"s:42:23:42:Infinity":8,"f:42:29:42:40":4,"s:42:40:42:Infinity":9,"s:43:23:43:Infinity":10,"f:43:29:43:40":5,"s:43:40:43:Infinity":11,"s:44:23:44:Infinity":12,"f:44:29:44:40":6,"s:44:40:44:Infinity":13,"s:47:6:111:Infinity":14,"f:47:6:47:27":7,"s:48:2:111:Infinity":15,"f:76:10:76:15":8,"s:77:10:88:Infinity":16,"f:77:29:77:44":9,"s:77:44:77:58":17,"f:82:12:82:26":10,"s:82:33:82:90":18,"s:82:90:82:Infinity":19,"f:83:12:83:26":11,"s:83:33:83:93":20,"s:83:93:83:Infinity":21,"f:92:14:92:29":12,"s:92:29:92:46":22,"f:96:8:96:22":13,"s:96:29:96:Infinity":23,"f:97:8:97:22":14,"s:97:29:97:Infinity":24,"s:115:6:199:Infinity":25,"f:115:6:115:24":15,"s:116:76:116:96":26,"s:117:38:117:58":27,"s:118:36:118:56":28,"s:119:56:119:77":29,"b:122:2:123:Infinity:undefined:undefined:undefined:undefined":2,"s:122:2:123:Infinity":30,"s:123:4:123:Infinity":31,"f:123:26:123:40":16,"s:123:40:123:68":32,"b:127:2:128:Infinity:undefined:undefined:undefined:undefined":3,"s:127:2:128:Infinity":33,"b:127:6:127:29:127:29:127:36":4,"s:128:4:128:Infinity":34,"f:128:17:128:30":17,"s:128:38:128:69":35,"s:128:69:128:91":36,"b:131:2:136:Infinity:undefined:undefined:undefined:undefined":5,"s:131:2:136:Infinity":37,"s:131:15:136:Infinity":38,"b:141:2:147:Infinity:undefined:undefined:undefined:undefined":6,"s:141:2:147:Infinity":39,"b:141:6:141:14:141:14:141:24":7,"s:142:4:147:Infinity":40,"b:153:2:170:Infinity:undefined:undefined:undefined:undefined":8,"s:153:2:170:Infinity":41,"b:153:6:153:14:153:14:153:23":9,"b:156:4:165:Infinity:undefined:undefined:undefined:undefined":10,"s:156:4:165:Infinity":42,"b:157:6:158:Infinity:undefined:undefined:undefined:undefined":11,"s:157:6:158:Infinity":43,"s:158:8:158:Infinity":44,"s:160:6:165:Infinity":45,"b:162:11:162:42:162:42:162:Infinity":12,"f:162:85:162:104":18,"s:162:104:162:126":46,"b:163:11:163:42:163:42:163:Infinity":13,"f:163:85:163:104":19,"s:163:104:163:126":47,"b:164:11:164:42:164:42:164:Infinity":14,"f:164:52:164:71":20,"s:164:71:164:89":48,"b:169:4:169:Infinity:undefined:undefined:undefined:undefined":15,"s:169:4:169:Infinity":49,"s:169:19:169:Infinity":50,"b:170:4:170:Infinity:undefined:undefined:undefined:undefined":16,"s:170:4:170:Infinity":51,"s:170:19:170:Infinity":52,"b:174:2:175:Infinity:undefined:undefined:undefined:undefined":17,"s:174:2:175:Infinity":53,"b:174:6:174:31:174:31:174:63:174:63:174:92":18,"s:175:4:175:Infinity":54,"s:179:2:199:Infinity":55,"f:190:20:190:35":21,"s:190:35:190:56":56,"f:191:20:191:35":22,"s:191:35:191:63":57,"f:192:20:192:35":23,"s:192:35:192:62":58,"s:203:6:208:Infinity":59,"f:203:6:203:Infinity":24,"s:204:2:208:Infinity":60,"f:212:24:212:30":25,"s:213:2:222:Infinity":61}}}
,"C:\\Users\\samsam\\Downloads\\tempo-app-v4_1\\tempo-app\\src\\components\\AnimatedCounter.jsx": {"path":"C:\\Users\\samsam\\Downloads\\tempo-app-v4_1\\tempo-app\\src\\components\\AnimatedCounter.jsx","statementMap":{"0":{"start":{"line":5,"column":8},"end":{"line":5,"column":26}},"1":{"start":{"line":6,"column":8},"end":{"line":6,"column":62}},"2":{"start":{"line":7,"column":8},"end":{"line":7,"column":39}},"3":{"start":{"line":8,"column":18},"end":{"line":8,"column":43}},"4":{"start":{"line":10,"column":2},"end":{"line":18,"column":null}},"5":{"start":{"line":11,"column":4},"end":{"line":11,"column":null}},"6":{"start":{"line":11,"column":19},"end":{"line":11,"column":null}},"7":{"start":{"line":12,"column":10},"end":{"line":16,"column":6}},"8":{"start":{"line":15,"column":23},"end":{"line":15,"column":null}},"9":{"start":{"line":17,"column":4},"end":{"line":17,"column":null}},"10":{"start":{"line":17,"column":17},"end":{"line":17,"column":32}},"11":{"start":{"line":20,"column":2},"end":{"line":22,"column":null}}},"fnMap":{"0":{"name":"AnimatedCounter","decl":{"start":{"line":4,"column":24},"end":{"line":4,"column":40}},"loc":{"start":{"line":4,"column":105},"end":{"line":22,"column":null}},"line":4},"1":{"name":"(anonymous_1)","decl":{"start":{"line":10,"column":2},"end":{"line":10,"column":18}},"loc":{"start":{"line":10,"column":18},"end":{"line":18,"column":6}},"line":10},"2":{"name":"(anonymous_2)","decl":{"start":{"line":15,"column":6},"end":{"line":15,"column":17}},"loc":{"start":{"line":15,"column":23},"end":{"line":15,"column":null}},"line":15},"3":{"name":"(anonymous_3)","decl":{"start":{"line":17,"column":4},"end":{"line":17,"column":17}},"loc":{"start":{"line":17,"column":17},"end":{"line":17,"column":32}},"line":17}},"branchMap":{"0":{"loc":{"start":{"line":4,"column":49},"end":{"line":4,"column":62}},"type":"default-arg","locations":[{"start":{"line":4,"column":58},"end":{"line":4,"column":62}}],"line":4},"1":{"loc":{"start":{"line":4,"column":62},"end":{"line":4,"column":75}},"type":"default-arg","locations":[{"start":{"line":4,"column":71},"end":{"line":4,"column":75}}],"line":4},"2":{"loc":{"start":{"line":4,"column":75},"end":{"line":4,"column":91}},"type":"default-arg","locations":[{"start":{"line":4,"column":86},"end":{"line":4,"column":91}}],"line":4},"3":{"loc":{"start":{"line":4,"column":91},"end":{"line":4,"column":101}},"type":"default-arg","locations":[{"start":{"line":4,"column":99},"end":{"line":4,"column":101}}],"line":4},"4":{"loc":{"start":{"line":11,"column":4},"end":{"line":11,"column":null}},"type":"if","locations":[{"start":{"line":11,"column":4},"end":{"line":11,"column":null}},{"start":{},"end":{}}],"line":11}},"s":{"0":13,"1":13,"2":13,"3":13,"4":13,"5":9,"6":0,"7":9,"8":9,"9":9,"10":9,"11":13},"f":{"0":13,"1":9,"2":9,"3":9},"b":{"0":[13],"1":[13],"2":[13],"3":[13],"4":[0,9]},"meta":{"lastBranch":5,"lastFunction":4,"lastStatement":12,"seen":{"f:4:24:4:40":0,"b:4:58:4:62":0,"b:4:71:4:75":1,"b:4:86:4:91":2,"b:4:99:4:101":3,"s:5:8:5:26":0,"s:6:8:6:62":1,"s:7:8:7:39":2,"s:8:18:8:43":3,"s:10:2:18:Infinity":4,"f:10:2:10:18":1,"b:11:4:11:Infinity:undefined:undefined:undefined:undefined":4,"s:11:4:11:Infinity":5,"s:11:19:11:Infinity":6,"s:12:10:16:6":7,"f:15:6:15:17":2,"s:15:23:15:Infinity":8,"s:17:4:17:Infinity":9,"f:17:4:17:17":3,"s:17:17:17:32":10,"s:20:2:22:Infinity":11}}}
,"C:\\Users\\samsam\\Downloads\\tempo-app-v4_1\\tempo-app\\src\\components\\ContractModal.jsx": {"path":"C:\\Users\\samsam\\Downloads\\tempo-app-v4_1\\tempo-app\\src\\components\\ContractModal.jsx","statementMap":{"0":{"start":{"line":5,"column":6},"end":{"line":5,"column":null}},"1":{"start":{"line":5,"column":26},"end":{"line":5,"column":null}},"2":{"start":{"line":8,"column":20},"end":{"line":8,"column":50}},"3":{"start":{"line":9,"column":19},"end":{"line":9,"column":49}},"4":{"start":{"line":10,"column":8},"end":{"line":10,"column":25}},"5":{"start":{"line":12,"column":8},"end":{"line":14,"column":null}},"6":{"start":{"line":13,"column":4},"end":{"line":13,"column":null}},"7":{"start":{"line":13,"column":33},"end":{"line":13,"column":null}},"8":{"start":{"line":14,"column":4},"end":{"line":14,"column":null}},"9":{"start":{"line":18,"column":2},"end":{"line":22,"column":null}},"10":{"start":{"line":19,"column":10},"end":{"line":19,"column":null}},"11":{"start":{"line":19,"column":27},"end":{"line":19,"column":null}},"12":{"start":{"line":19,"column":63},"end":{"line":19,"column":null}},"13":{"start":{"line":20,"column":4},"end":{"line":20,"column":null}},"14":{"start":{"line":21,"column":4},"end":{"line":21,"column":null}},"15":{"start":{"line":21,"column":17},"end":{"line":21,"column":63}},"16":{"start":{"line":24,"column":20},"end":{"line":26,"column":null}},"17":{"start":{"line":28,"column":2},"end":{"line":103,"column":null}},"18":{"start":{"line":54,"column":12},"end":{"line":57,"column":null}},"19":{"start":{"line":82,"column":67},"end":{"line":82,"column":96}}},"fnMap":{"0":{"name":"(anonymous_0)","decl":{"start":{"line":5,"column":6},"end":{"line":5,"column":20}},"loc":{"start":{"line":5,"column":26},"end":{"line":5,"column":null}},"line":5},"1":{"name":"ContractModal","decl":{"start":{"line":7,"column":24},"end":{"line":7,"column":38}},"loc":{"start":{"line":7,"column":100},"end":{"line":103,"column":null}},"line":7},"2":{"name":"(anonymous_2)","decl":{"start":{"line":12,"column":8},"end":{"line":12,"column":27}},"loc":{"start":{"line":12,"column":27},"end":{"line":14,"column":null}},"line":12},"3":{"name":"(anonymous_3)","decl":{"start":{"line":18,"column":2},"end":{"line":18,"column":18}},"loc":{"start":{"line":18,"column":18},"end":{"line":22,"column":6}},"line":18},"4":{"name":"(anonymous_4)","decl":{"start":{"line":19,"column":10},"end":{"line":19,"column":19}},"loc":{"start":{"line":19,"column":25},"end":{"line":19,"column":null}},"line":19},"5":{"name":"(anonymous_5)","decl":{"start":{"line":21,"column":4},"end":{"line":21,"column":17}},"loc":{"start":{"line":21,"column":17},"end":{"line":21,"column":63}},"line":21},"6":{"name":"(anonymous_6)","decl":{"start":{"line":53,"column":12},"end":{"line":53,"column":17}},"loc":{"start":{"line":54,"column":12},"end":{"line":57,"column":null}},"line":54},"7":{"name":"(anonymous_7)","decl":{"start":{"line":82,"column":52},"end":{"line":82,"column":62}},"loc":{"start":{"line":82,"column":67},"end":{"line":82,"column":96}},"line":82}},"branchMap":{"0":{"loc":{"start":{"line":5,"column":26},"end":{"line":5,"column":null}},"type":"cond-expr","locations":[{"start":{"line":5,"column":30},"end":{"line":5,"column":121}},{"start":{"line":5,"column":124},"end":{"line":5,"column":null}}],"line":5},"1":{"loc":{"start":{"line":13,"column":4},"end":{"line":13,"column":null}},"type":"if","locations":[{"start":{"line":13,"column":4},"end":{"line":13,"column":null}},{"start":{},"end":{}}],"line":13},"2":{"loc":{"start":{"line":13,"column":8},"end":{"line":13,"column":33}},"type":"binary-expr","locations":[{"start":{"line":13,"column":8},"end":{"line":13,"column":22}},{"start":{"line":13,"column":22},"end":{"line":13,"column":33}}],"line":13},"3":{"loc":{"start":{"line":19,"column":27},"end":{"line":19,"column":null}},"type":"if","locations":[{"start":{"line":19,"column":27},"end":{"line":19,"column":null}},{"start":{},"end":{}}],"line":19},"4":{"loc":{"start":{"line":19,"column":31},"end":{"line":19,"column":63}},"type":"binary-expr","locations":[{"start":{"line":19,"column":31},"end":{"line":19,"column":53}},{"start":{"line":19,"column":53},"end":{"line":19,"column":63}}],"line":19},"5":{"loc":{"start":{"line":24,"column":20},"end":{"line":26,"column":null}},"type":"cond-expr","locations":[{"start":{"line":25,"column":6},"end":{"line":25,"column":92}},{"start":{"line":26,"column":6},"end":{"line":26,"column":null}}],"line":24},"6":{"loc":{"start":{"line":24,"column":20},"end":{"line":24,"column":null}},"type":"binary-expr","locations":[{"start":{"line":24,"column":20},"end":{"line":24,"column":43}},{"start":{"line":24,"column":43},"end":{"line":24,"column":null}}],"line":24},"7":{"loc":{"start":{"line":25,"column":62},"end":{"line":25,"column":92}},"type":"cond-expr","locations":[{"start":{"line":25,"column":82},"end":{"line":25,"column":89}},{"start":{"line":25,"column":89},"end":{"line":25,"column":92}}],"line":25},"8":{"loc":{"start":{"line":46,"column":27},"end":{"line":46,"column":48}},"type":"binary-expr","locations":[{"start":{"line":46,"column":27},"end":{"line":46,"column":44}},{"start":{"line":46,"column":44},"end":{"line":46,"column":48}}],"line":46},"9":{"loc":{"start":{"line":47,"column":28},"end":{"line":47,"column":105}},"type":"cond-expr","locations":[{"start":{"line":47,"column":37},"end":{"line":47,"column":98}},{"start":{"line":47,"column":101},"end":{"line":47,"column":105}}],"line":47},"10":{"loc":{"start":{"line":47,"column":40},"end":{"line":47,"column":64}},"type":"binary-expr","locations":[{"start":{"line":47,"column":40},"end":{"line":47,"column":61}},{"start":{"line":47,"column":61},"end":{"line":47,"column":64}}],"line":47},"11":{"loc":{"start":{"line":47,"column":67},"end":{"line":47,"column":92}},"type":"binary-expr","locations":[{"start":{"line":47,"column":67},"end":{"line":47,"column":87}},{"start":{"line":47,"column":87},"end":{"line":47,"column":92}}],"line":47},"12":{"loc":{"start":{"line":49,"column":22},"end":{"line":49,"column":90}},"type":"cond-expr","locations":[{"start":{"line":49,"column":44},"end":{"line":49,"column":78}},{"start":{"line":49,"column":78},"end":{"line":49,"column":90}}],"line":49},"13":{"loc":{"start":{"line":51,"column":21},"end":{"line":51,"column":41}},"type":"binary-expr","locations":[{"start":{"line":51,"column":21},"end":{"line":51,"column":37}},{"start":{"line":51,"column":37},"end":{"line":51,"column":41}}],"line":51},"14":{"loc":{"start":{"line":52,"column":16},"end":{"line":52,"column":null}},"type":"cond-expr","locations":[{"start":{"line":52,"column":28},"end":{"line":52,"column":103}},{"start":{"line":52,"column":106},"end":{"line":52,"column":null}}],"line":52},"15":{"loc":{"start":{"line":52,"column":65},"end":{"line":52,"column":102}},"type":"cond-expr","locations":[{"start":{"line":52,"column":85},"end":{"line":52,"column":94}},{"start":{"line":52,"column":94},"end":{"line":52,"column":102}}],"line":52},"16":{"loc":{"start":{"line":71,"column":67},"end":{"line":71,"column":130}},"type":"cond-expr","locations":[{"start":{"line":71,"column":87},"end":{"line":71,"column":106}},{"start":{"line":71,"column":106},"end":{"line":71,"column":130}}],"line":71},"17":{"loc":{"start":{"line":73,"column":9},"end":{"line":75,"column":null}},"type":"binary-expr","locations":[{"start":{"line":73,"column":9},"end":{"line":73,"column":null}},{"start":{"line":74,"column":10},"end":{"line":75,"column":null}}],"line":73},"18":{"loc":{"start":{"line":96,"column":49},"end":{"line":96,"column":null}},"type":"binary-expr","locations":[{"start":{"line":96,"column":49},"end":{"line":96,"column":63}},{"start":{"line":96,"column":63},"end":{"line":96,"column":76}},{"start":{"line":96,"column":76},"end":{"line":96,"column":null}}],"line":96},"19":{"loc":{"start":{"line":97,"column":24},"end":{"line":97,"column":null}},"type":"cond-expr","locations":[{"start":{"line":97,"column":34},"end":{"line":97,"column":57}},{"start":{"line":97,"column":57},"end":{"line":97,"column":null}}],"line":97},"20":{"loc":{"start":{"line":98,"column":162},"end":{"line":98,"column":210}},"type":"cond-expr","locations":[{"start":{"line":98,"column":200},"end":{"line":98,"column":207}},{"start":{"line":98,"column":207},"end":{"line":98,"column":210}}],"line":98},"21":{"loc":{"start":{"line":98,"column":162},"end":{"line":98,"column":200}},"type":"binary-expr","locations":[{"start":{"line":98,"column":162},"end":{"line":98,"column":176}},{"start":{"line":98,"column":176},"end":{"line":98,"column":189}},{"start":{"line":98,"column":189},"end":{"line":98,"column":200}}],"line":98},"22":{"loc":{"start":{"line":98,"column":219},"end":{"line":98,"column":284}},"type":"cond-expr","locations":[{"start":{"line":98,"column":257},"end":{"line":98,"column":273}},{"start":{"line":98,"column":273},"end":{"line":98,"column":284}}],"line":98},"23":{"loc":{"start":{"line":98,"column":219},"end":{"line":98,"column":257}},"type":"binary-expr","locations":[{"start":{"line":98,"column":219},"end":{"line":98,"column":233}},{"start":{"line":98,"column":233},"end":{"line":98,"column":246}},{"start":{"line":98,"column":246},"end":{"line":98,"column":257}}],"line":98},"24":{"loc":{"start":{"line":99,"column":13},"end":{"line":99,"column":null}},"type":"cond-expr","locations":[{"start":{"line":99,"column":23},"end":{"line":99,"column":49}},{"start":{"line":99,"column":49},"end":{"line":99,"column":null}}],"line":99}},"s":{"0":0,"1":0,"2":0,"3":0,"4":0,"5":0,"6":0,"7":0,"8":0,"9":0,"10":0,"11":0,"12":0,"13":0,"14":0,"15":0,"16":0,"17":0,"18":0,"19":0},"f":{"0":0,"1":0,"2":0,"3":0,"4":0,"5":0,"6":0,"7":0},"b":{"0":[0,0],"1":[0,0],"2":[0,0],"3":[0,0],"4":[0,0],"5":[0,0],"6":[0,0],"7":[0,0],"8":[0,0],"9":[0,0],"10":[0,0],"11":[0,0],"12":[0,0],"13":[0,0],"14":[0,0],"15":[0,0],"16":[0,0],"17":[0,0],"18":[0,0,0],"19":[0,0],"20":[0,0],"21":[0,0,0],"22":[0,0],"23":[0,0,0],"24":[0,0]},"meta":{"lastBranch":25,"lastFunction":8,"lastStatement":20,"seen":{"s:5:6:5:Infinity":0,"f:5:6:5:20":0,"s:5:26:5:Infinity":1,"b:5:30:5:121:5:124:5:Infinity":0,"f:7:24:7:38":1,"s:8:20:8:50":2,"s:9:19:9:49":3,"s:10:8:10:25":4,"s:12:8:14:Infinity":5,"f:12:8:12:27":2,"b:13:4:13:Infinity:undefined:undefined:undefined:undefined":1,"s:13:4:13:Infinity":6,"b:13:8:13:22:13:22:13:33":2,"s:13:33:13:Infinity":7,"s:14:4:14:Infinity":8,"s:18:2:22:Infinity":9,"f:18:2:18:18":3,"s:19:10:19:Infinity":10,"f:19:10:19:19":4,"b:19:27:19:Infinity:undefined:undefined:undefined:undefined":3,"s:19:27:19:Infinity":11,"b:19:31:19:53:19:53:19:63":4,"s:19:63:19:Infinity":12,"s:20:4:20:Infinity":13,"s:21:4:21:Infinity":14,"f:21:4:21:17":5,"s:21:17:21:63":15,"s:24:20:26:Infinity":16,"b:25:6:25:92:26:6:26:Infinity":5,"b:24:20:24:43:24:43:24:Infinity":6,"b:25:82:25:89:25:89:25:92":7,"s:28:2:103:Infinity":17,"b:46:27:46:44:46:44:46:48":8,"b:47:37:47:98:47:101:47:105":9,"b:47:40:47:61:47:61:47:64":10,"b:47:67:47:87:47:87:47:92":11,"b:49:44:49:78:49:78:49:90":12,"b:51:21:51:37:51:37:51:41":13,"b:52:28:52:103:52:106:52:Infinity":14,"b:52:85:52:94:52:94:52:102":15,"f:53:12:53:17":6,"s:54:12:57:Infinity":18,"b:71:87:71:106:71:106:71:130":16,"b:73:9:73:Infinity:74:10:75:Infinity":17,"f:82:52:82:62":7,"s:82:67:82:96":19,"b:96:49:96:63:96:63:96:76:96:76:96:Infinity":18,"b:97:34:97:57:97:57:97:Infinity":19,"b:98:200:98:207:98:207:98:210":20,"b:98:162:98:176:98:176:98:189:98:189:98:200":21,"b:98:257:98:273:98:273:98:284":22,"b:98:219:98:233:98:233:98:246:98:246:98:257":23,"b:99:23:99:49:99:49:99:Infinity":24}}}
,"C:\\Users\\samsam\\Downloads\\tempo-app-v4_1\\tempo-app\\src\\components\\MissionsMap.jsx": {"path":"C:\\Users\\samsam\\Downloads\\tempo-app-v4_1\\tempo-app\\src\\components\\MissionsMap.jsx","statementMap":{"0":{"start":{"line":7,"column":0},"end":{"line":7,"column":null}},"1":{"start":{"line":8,"column":0},"end":{"line":12,"column":null}},"2":{"start":{"line":14,"column":20},"end":{"line":26,"column":null}},"3":{"start":{"line":28,"column":23},"end":{"line":28,"column":40}},"4":{"start":{"line":31,"column":2},"end":{"line":31,"column":null}},"5":{"start":{"line":31,"column":34},"end":{"line":31,"column":null}},"6":{"start":{"line":32,"column":2},"end":{"line":32,"column":null}},"7":{"start":{"line":32,"column":56},"end":{"line":32,"column":null}},"8":{"start":{"line":33,"column":8},"end":{"line":33,"column":56}},"9":{"start":{"line":34,"column":2},"end":{"line":34,"column":null}},"10":{"start":{"line":34,"column":25},"end":{"line":34,"column":null}},"11":{"start":{"line":36,"column":2},"end":{"line":37,"column":null}},"12":{"start":{"line":37,"column":4},"end":{"line":37,"column":null}},"13":{"start":{"line":37,"column":50},"end":{"line":37,"column":null}},"14":{"start":{"line":39,"column":2},"end":{"line":39,"column":null}},"15":{"start":{"line":42,"column":6},"end":{"line":42,"column":null}},"16":{"start":{"line":42,"column":26},"end":{"line":42,"column":null}},"17":{"start":{"line":45,"column":19},"end":{"line":45,"column":104}},"18":{"start":{"line":45,"column":38},"end":{"line":45,"column":81}},"19":{"start":{"line":45,"column":94},"end":{"line":45,"column":104}},"20":{"start":{"line":47,"column":2},"end":{"line":52,"column":null}},"21":{"start":{"line":48,"column":4},"end":{"line":52,"column":null}},"22":{"start":{"line":57,"column":2},"end":{"line":94,"column":null}},"23":{"start":{"line":65,"column":10},"end":{"line":91,"column":null}},"24":{"start":{"line":79,"column":41},"end":{"line":79,"column":59}},"25":{"start":{"line":83,"column":41},"end":{"line":83,"column":51}}},"fnMap":{"0":{"name":"getCoordsForMission","decl":{"start":{"line":30,"column":9},"end":{"line":30,"column":29}},"loc":{"start":{"line":30,"column":38},"end":{"line":39,"column":null}},"line":30},"1":{"name":"(anonymous_1)","decl":{"start":{"line":42,"column":6},"end":{"line":42,"column":20}},"loc":{"start":{"line":42,"column":26},"end":{"line":42,"column":null}},"line":42},"2":{"name":"MissionsMap","decl":{"start":{"line":44,"column":24},"end":{"line":44,"column":36}},"loc":{"start":{"line":44,"column":88},"end":{"line":94,"column":null}},"line":44},"3":{"name":"(anonymous_3)","decl":{"start":{"line":45,"column":28},"end":{"line":45,"column":32}},"loc":{"start":{"line":45,"column":38},"end":{"line":45,"column":81}},"line":45},"4":{"name":"(anonymous_4)","decl":{"start":{"line":45,"column":82},"end":{"line":45,"column":89}},"loc":{"start":{"line":45,"column":94},"end":{"line":45,"column":104}},"line":45},"5":{"name":"(anonymous_5)","decl":{"start":{"line":64,"column":18},"end":{"line":64,"column":22}},"loc":{"start":{"line":65,"column":10},"end":{"line":91,"column":null}},"line":65},"6":{"name":"(anonymous_6)","decl":{"start":{"line":79,"column":26},"end":{"line":79,"column":41}},"loc":{"start":{"line":79,"column":41},"end":{"line":79,"column":59}},"line":79},"7":{"name":"(anonymous_7)","decl":{"start":{"line":83,"column":26},"end":{"line":83,"column":41}},"loc":{"start":{"line":83,"column":41},"end":{"line":83,"column":51}},"line":83}},"branchMap":{"0":{"loc":{"start":{"line":31,"column":2},"end":{"line":31,"column":null}},"type":"if","locations":[{"start":{"line":31,"column":2},"end":{"line":31,"column":null}},{"start":{},"end":{}}],"line":31},"1":{"loc":{"start":{"line":31,"column":6},"end":{"line":31,"column":34}},"type":"binary-expr","locations":[{"start":{"line":31,"column":6},"end":{"line":31,"column":21}},{"start":{"line":31,"column":21},"end":{"line":31,"column":34}}],"line":31},"2":{"loc":{"start":{"line":32,"column":2},"end":{"line":32,"column":null}},"type":"if","locations":[{"start":{"line":32,"column":2},"end":{"line":32,"column":null}},{"start":{},"end":{}}],"line":32},"3":{"loc":{"start":{"line":32,"column":6},"end":{"line":32,"column":56}},"type":"binary-expr","locations":[{"start":{"line":32,"column":6},"end":{"line":32,"column":32}},{"start":{"line":32,"column":32},"end":{"line":32,"column":56}}],"line":32},"4":{"loc":{"start":{"line":33,"column":16},"end":{"line":33,"column":36}},"type":"binary-expr","locations":[{"start":{"line":33,"column":16},"end":{"line":33,"column":32}},{"start":{"line":33,"column":32},"end":{"line":33,"column":36}}],"line":33},"5":{"loc":{"start":{"line":34,"column":2},"end":{"line":34,"column":null}},"type":"if","locations":[{"start":{"line":34,"column":2},"end":{"line":34,"column":null}},{"start":{},"end":{}}],"line":34},"6":{"loc":{"start":{"line":37,"column":4},"end":{"line":37,"column":null}},"type":"if","locations":[{"start":{"line":37,"column":4},"end":{"line":37,"column":null}},{"start":{},"end":{}}],"line":37},"7":{"loc":{"start":{"line":37,"column":8},"end":{"line":37,"column":48}},"type":"binary-expr","locations":[{"start":{"line":37,"column":8},"end":{"line":37,"column":26}},{"start":{"line":37,"column":30},"end":{"line":37,"column":48}}],"line":37},"8":{"loc":{"start":{"line":42,"column":26},"end":{"line":42,"column":null}},"type":"cond-expr","locations":[{"start":{"line":42,"column":30},"end":{"line":42,"column":105}},{"start":{"line":42,"column":108},"end":{"line":42,"column":null}}],"line":42},"9":{"loc":{"start":{"line":47,"column":2},"end":{"line":52,"column":null}},"type":"if","locations":[{"start":{"line":47,"column":2},"end":{"line":52,"column":null}},{"start":{},"end":{}}],"line":47},"10":{"loc":{"start":{"line":72,"column":19},"end":{"line":72,"column":null}},"type":"cond-expr","locations":[{"start":{"line":72,"column":35},"end":{"line":72,"column":60}},{"start":{"line":72,"column":60},"end":{"line":72,"column":null}}],"line":72},"11":{"loc":{"start":{"line":73,"column":19},"end":{"line":73,"column":null}},"type":"cond-expr","locations":[{"start":{"line":73,"column":34},"end":{"line":73,"column":69}},{"start":{"line":73,"column":69},"end":{"line":73,"column":null}}],"line":73},"12":{"loc":{"start":{"line":75,"column":17},"end":{"line":76,"column":null}},"type":"binary-expr","locations":[{"start":{"line":75,"column":17},"end":{"line":75,"column":null}},{"start":{"line":76,"column":18},"end":{"line":76,"column":null}}],"line":75},"13":{"loc":{"start":{"line":85,"column":84},"end":{"line":85,"column":126}},"type":"cond-expr","locations":[{"start":{"line":85,"column":103},"end":{"line":85,"column":115}},{"start":{"line":85,"column":115},"end":{"line":85,"column":126}}],"line":85},"14":{"loc":{"start":{"line":85,"column":133},"end":{"line":85,"column":172}},"type":"cond-expr","locations":[{"start":{"line":85,"column":152},"end":{"line":85,"column":164}},{"start":{"line":85,"column":164},"end":{"line":85,"column":172}}],"line":85},"15":{"loc":{"start":{"line":85,"column":213},"end":{"line":85,"column":255}},"type":"cond-expr","locations":[{"start":{"line":85,"column":232},"end":{"line":85,"column":244}},{"start":{"line":85,"column":244},"end":{"line":85,"column":255}}],"line":85},"16":{"loc":{"start":{"line":86,"column":21},"end":{"line":86,"column":null}},"type":"cond-expr","locations":[{"start":{"line":86,"column":40},"end":{"line":86,"column":54}},{"start":{"line":86,"column":54},"end":{"line":86,"column":null}}],"line":86}},"s":{"0":0,"1":0,"2":0,"3":0,"4":0,"5":0,"6":0,"7":0,"8":0,"9":0,"10":0,"11":0,"12":0,"13":0,"14":0,"15":0,"16":0,"17":0,"18":0,"19":0,"20":0,"21":0,"22":0,"23":0,"24":0,"25":0},"f":{"0":0,"1":0,"2":0,"3":0,"4":0,"5":0,"6":0,"7":0},"b":{"0":[0,0],"1":[0,0],"2":[0,0],"3":[0,0],"4":[0,0],"5":[0,0],"6":[0,0],"7":[0,0],"8":[0,0],"9":[0,0],"10":[0,0],"11":[0,0],"12":[0,0],"13":[0,0],"14":[0,0],"15":[0,0],"16":[0,0]},"meta":{"lastBranch":17,"lastFunction":8,"lastStatement":26,"seen":{"s:7:0:7:Infinity":0,"s:8:0:12:Infinity":1,"s:14:20:26:Infinity":2,"s:28:23:28:40":3,"f:30:9:30:29":0,"b:31:2:31:Infinity:undefined:undefined:undefined:undefined":0,"s:31:2:31:Infinity":4,"b:31:6:31:21:31:21:31:34":1,"s:31:34:31:Infinity":5,"b:32:2:32:Infinity:undefined:undefined:undefined:undefined":2,"s:32:2:32:Infinity":6,"b:32:6:32:32:32:32:32:56":3,"s:32:56:32:Infinity":7,"s:33:8:33:56":8,"b:33:16:33:32:33:32:33:36":4,"b:34:2:34:Infinity:undefined:undefined:undefined:undefined":5,"s:34:2:34:Infinity":9,"s:34:25:34:Infinity":10,"s:36:2:37:Infinity":11,"b:37:4:37:Infinity:undefined:undefined:undefined:undefined":6,"s:37:4:37:Infinity":12,"b:37:8:37:26:37:30:37:48":7,"s:37:50:37:Infinity":13,"s:39:2:39:Infinity":14,"s:42:6:42:Infinity":15,"f:42:6:42:20":1,"s:42:26:42:Infinity":16,"b:42:30:42:105:42:108:42:Infinity":8,"f:44:24:44:36":2,"s:45:19:45:104":17,"f:45:28:45:32":3,"s:45:38:45:81":18,"f:45:82:45:89":4,"s:45:94:45:104":19,"b:47:2:52:Infinity:undefined:undefined:undefined:undefined":9,"s:47:2:52:Infinity":20,"s:48:4:52:Infinity":21,"s:57:2:94:Infinity":22,"f:64:18:64:22":5,"s:65:10:91:Infinity":23,"b:72:35:72:60:72:60:72:Infinity":10,"b:73:34:73:69:73:69:73:Infinity":11,"b:75:17:75:Infinity:76:18:76:Infinity":12,"f:79:26:79:41":6,"s:79:41:79:59":24,"f:83:26:83:41":7,"s:83:41:83:51":25,"b:85:103:85:115:85:115:85:126":13,"b:85:152:85:164:85:164:85:172":14,"b:85:232:85:244:85:244:85:255":15,"b:86:40:86:54:86:54:86:Infinity":16}}}
,"C:\\Users\\samsam\\Downloads\\tempo-app-v4_1\\tempo-app\\src\\components\\RatingModal.jsx": {"path":"C:\\Users\\samsam\\Downloads\\tempo-app-v4_1\\tempo-app\\src\\components\\RatingModal.jsx","statementMap":{"0":{"start":{"line":5,"column":28},"end":{"line":5,"column":45}},"1":{"start":{"line":6,"column":28},"end":{"line":6,"column":45}},"2":{"start":{"line":7,"column":32},"end":{"line":7,"column":50}},"3":{"start":{"line":8,"column":8},"end":{"line":8,"column":25}},"4":{"start":{"line":11,"column":2},"end":{"line":15,"column":null}},"5":{"start":{"line":12,"column":10},"end":{"line":12,"column":null}},"6":{"start":{"line":12,"column":27},"end":{"line":12,"column":null}},"7":{"start":{"line":12,"column":63},"end":{"line":12,"column":null}},"8":{"start":{"line":13,"column":4},"end":{"line":13,"column":null}},"9":{"start":{"line":14,"column":4},"end":{"line":14,"column":null}},"10":{"start":{"line":14,"column":17},"end":{"line":14,"column":63}},"11":{"start":{"line":17,"column":2},"end":{"line":70,"column":null}},"12":{"start":{"line":29,"column":12},"end":{"line":39,"column":null}},"13":{"start":{"line":33,"column":29},"end":{"line":33,"column":40}},"14":{"start":{"line":34,"column":34},"end":{"line":34,"column":45}},"15":{"start":{"line":35,"column":34},"end":{"line":35,"column":45}},"16":{"start":{"line":54,"column":25},"end":{"line":54,"column":null}},"17":{"start":{"line":64,"column":27},"end":{"line":64,"column":51}}},"fnMap":{"0":{"name":"RatingModal","decl":{"start":{"line":4,"column":24},"end":{"line":4,"column":36}},"loc":{"start":{"line":4,"column":79},"end":{"line":70,"column":null}},"line":4},"1":{"name":"(anonymous_1)","decl":{"start":{"line":11,"column":2},"end":{"line":11,"column":18}},"loc":{"start":{"line":11,"column":18},"end":{"line":15,"column":6}},"line":11},"2":{"name":"(anonymous_2)","decl":{"start":{"line":12,"column":10},"end":{"line":12,"column":19}},"loc":{"start":{"line":12,"column":25},"end":{"line":12,"column":null}},"line":12},"3":{"name":"(anonymous_3)","decl":{"start":{"line":14,"column":4},"end":{"line":14,"column":17}},"loc":{"start":{"line":14,"column":17},"end":{"line":14,"column":63}},"line":14},"4":{"name":"(anonymous_4)","decl":{"start":{"line":28,"column":23},"end":{"line":28,"column":27}},"loc":{"start":{"line":29,"column":12},"end":{"line":39,"column":null}},"line":29},"5":{"name":"(anonymous_5)","decl":{"start":{"line":33,"column":14},"end":{"line":33,"column":29}},"loc":{"start":{"line":33,"column":29},"end":{"line":33,"column":40}},"line":33},"6":{"name":"(anonymous_6)","decl":{"start":{"line":34,"column":14},"end":{"line":34,"column":34}},"loc":{"start":{"line":34,"column":34},"end":{"line":34,"column":45}},"line":34},"7":{"name":"(anonymous_7)","decl":{"start":{"line":35,"column":14},"end":{"line":35,"column":34}},"loc":{"start":{"line":35,"column":34},"end":{"line":35,"column":45}},"line":35},"8":{"name":"(anonymous_8)","decl":{"start":{"line":54,"column":10},"end":{"line":54,"column":20}},"loc":{"start":{"line":54,"column":25},"end":{"line":54,"column":null}},"line":54},"9":{"name":"(anonymous_9)","decl":{"start":{"line":64,"column":12},"end":{"line":64,"column":27}},"loc":{"start":{"line":64,"column":27},"end":{"line":64,"column":51}},"line":64}},"branchMap":{"0":{"loc":{"start":{"line":12,"column":27},"end":{"line":12,"column":null}},"type":"if","locations":[{"start":{"line":12,"column":27},"end":{"line":12,"column":null}},{"start":{},"end":{}}],"line":12},"1":{"loc":{"start":{"line":12,"column":31},"end":{"line":12,"column":63}},"type":"binary-expr","locations":[{"start":{"line":12,"column":31},"end":{"line":12,"column":53}},{"start":{"line":12,"column":53},"end":{"line":12,"column":63}}],"line":12},"2":{"loc":{"start":{"line":31,"column":40},"end":{"line":31,"column":57}},"type":"cond-expr","locations":[{"start":{"line":31,"column":48},"end":{"line":31,"column":54}},{"start":{"line":31,"column":54},"end":{"line":31,"column":57}}],"line":31},"3":{"loc":{"start":{"line":36,"column":95},"end":{"line":36,"column":146}},"type":"cond-expr","locations":[{"start":{"line":36,"column":119},"end":{"line":36,"column":133}},{"start":{"line":36,"column":133},"end":{"line":36,"column":146}}],"line":36},"4":{"loc":{"start":{"line":36,"column":101},"end":{"line":36,"column":119}},"type":"binary-expr","locations":[{"start":{"line":36,"column":101},"end":{"line":36,"column":110}},{"start":{"line":36,"column":110},"end":{"line":36,"column":119}}],"line":36},"5":{"loc":{"start":{"line":42,"column":10},"end":{"line":45,"column":null}},"type":"binary-expr","locations":[{"start":{"line":42,"column":10},"end":{"line":42,"column":null}},{"start":{"line":43,"column":10},"end":{"line":45,"column":null}}],"line":42},"6":{"loc":{"start":{"line":42,"column":10},"end":{"line":42,"column":28}},"type":"binary-expr","locations":[{"start":{"line":42,"column":10},"end":{"line":42,"column":19}},{"start":{"line":42,"column":19},"end":{"line":42,"column":28}}],"line":42},"7":{"loc":{"start":{"line":44,"column":25},"end":{"line":44,"column":null}},"type":"binary-expr","locations":[{"start":{"line":44,"column":25},"end":{"line":44,"column":34}},{"start":{"line":44,"column":34},"end":{"line":44,"column":null}}],"line":44},"8":{"loc":{"start":{"line":61,"column":22},"end":{"line":61,"column":null}},"type":"binary-expr","locations":[{"start":{"line":61,"column":22},"end":{"line":61,"column":32}},{"start":{"line":61,"column":32},"end":{"line":61,"column":null}}],"line":61},"9":{"loc":{"start":{"line":62,"column":27},"end":{"line":62,"column":null}},"type":"binary-expr","locations":[{"start":{"line":62,"column":27},"end":{"line":62,"column":37}},{"start":{"line":62,"column":37},"end":{"line":62,"column":null}}],"line":62},"10":{"loc":{"start":{"line":63,"column":19},"end":{"line":63,"column":null}},"type":"cond-expr","locations":[{"start":{"line":63,"column":28},"end":{"line":63,"column":71}},{"start":{"line":63,"column":71},"end":{"line":63,"column":null}}],"line":63},"11":{"loc":{"start":{"line":66,"column":13},"end":{"line":66,"column":null}},"type":"cond-expr","locations":[{"start":{"line":66,"column":23},"end":{"line":66,"column":36}},{"start":{"line":66,"column":36},"end":{"line":66,"column":null}}],"line":66}},"s":{"0":0,"1":0,"2":0,"3":0,"4":0,"5":0,"6":0,"7":0,"8":0,"9":0,"10":0,"11":0,"12":0,"13":0,"14":0,"15":0,"16":0,"17":0},"f":{"0":0,"1":0,"2":0,"3":0,"4":0,"5":0,"6":0,"7":0,"8":0,"9":0},"b":{"0":[0,0],"1":[0,0],"2":[0,0],"3":[0,0],"4":[0,0],"5":[0,0],"6":[0,0],"7":[0,0],"8":[0,0],"9":[0,0],"10":[0,0],"11":[0,0]},"meta":{"lastBranch":12,"lastFunction":10,"lastStatement":18,"seen":{"f:4:24:4:36":0,"s:5:28:5:45":0,"s:6:28:6:45":1,"s:7:32:7:50":2,"s:8:8:8:25":3,"s:11:2:15:Infinity":4,"f:11:2:11:18":1,"s:12:10:12:Infinity":5,"f:12:10:12:19":2,"b:12:27:12:Infinity:undefined:undefined:undefined:undefined":0,"s:12:27:12:Infinity":6,"b:12:31:12:53:12:53:12:63":1,"s:12:63:12:Infinity":7,"s:13:4:13:Infinity":8,"s:14:4:14:Infinity":9,"f:14:4:14:17":3,"s:14:17:14:63":10,"s:17:2:70:Infinity":11,"f:28:23:28:27":4,"s:29:12:39:Infinity":12,"b:31:48:31:54:31:54:31:57":2,"f:33:14:33:29":5,"s:33:29:33:40":13,"f:34:14:34:34":6,"s:34:34:34:45":14,"f:35:14:35:34":7,"s:35:34:35:45":15,"b:36:119:36:133:36:133:36:146":3,"b:36:101:36:110:36:110:36:119":4,"b:42:10:42:Infinity:43:10:45:Infinity":5,"b:42:10:42:19:42:19:42:28":6,"b:44:25:44:34:44:34:44:Infinity":7,"f:54:10:54:20":8,"s:54:25:54:Infinity":16,"b:61:22:61:32:61:32:61:Infinity":8,"b:62:27:62:37:62:37:62:Infinity":9,"b:63:28:63:71:63:71:63:Infinity":10,"f:64:12:64:27":9,"s:64:27:64:51":17,"b:66:23:66:36:66:36:66:Infinity":11}}}
,"C:\\Users\\samsam\\Downloads\\tempo-app-v4_1\\tempo-app\\src\\components\\SignatureCanvas.jsx": {"path":"C:\\Users\\samsam\\Downloads\\tempo-app-v4_1\\tempo-app\\src\\components\\SignatureCanvas.jsx","statementMap":{"0":{"start":{"line":4,"column":8},"end":{"line":4,"column":32}},"1":{"start":{"line":5,"column":18},"end":{"line":5,"column":47}},"2":{"start":{"line":6,"column":19},"end":{"line":6,"column":49}},"3":{"start":{"line":8,"column":2},"end":{"line":15,"column":null}},"4":{"start":{"line":9,"column":19},"end":{"line":9,"column":null}},"5":{"start":{"line":10,"column":4},"end":{"line":10,"column":null}},"6":{"start":{"line":10,"column":17},"end":{"line":10,"column":null}},"7":{"start":{"line":11,"column":16},"end":{"line":11,"column":39}},"8":{"start":{"line":12,"column":4},"end":{"line":12,"column":null}},"9":{"start":{"line":13,"column":4},"end":{"line":13,"column":null}},"10":{"start":{"line":14,"column":4},"end":{"line":14,"column":null}},"11":{"start":{"line":17,"column":8},"end":{"line":24,"column":null}},"12":{"start":{"line":18,"column":19},"end":{"line":18,"column":null}},"13":{"start":{"line":19,"column":17},"end":{"line":19,"column":47}},"14":{"start":{"line":20,"column":19},"end":{"line":20,"column":null}},"15":{"start":{"line":21,"column":19},"end":{"line":21,"column":null}},"16":{"start":{"line":22,"column":20},"end":{"line":22,"column":null}},"17":{"start":{"line":23,"column":20},"end":{"line":23,"column":null}},"18":{"start":{"line":24,"column":4},"end":{"line":24,"column":null}},"19":{"start":{"line":27,"column":8},"end":{"line":33,"column":null}},"20":{"start":{"line":28,"column":4},"end":{"line":28,"column":null}},"21":{"start":{"line":29,"column":4},"end":{"line":29,"column":null}},"22":{"start":{"line":30,"column":16},"end":{"line":30,"column":50}},"23":{"start":{"line":31,"column":16},"end":{"line":31,"column":25}},"24":{"start":{"line":32,"column":4},"end":{"line":32,"column":null}},"25":{"start":{"line":33,"column":4},"end":{"line":33,"column":null}},"26":{"start":{"line":36,"column":8},"end":{"line":43,"column":null}},"27":{"start":{"line":37,"column":4},"end":{"line":37,"column":null}},"28":{"start":{"line":37,"column":18},"end":{"line":37,"column":null}},"29":{"start":{"line":38,"column":4},"end":{"line":38,"column":null}},"30":{"start":{"line":39,"column":16},"end":{"line":39,"column":50}},"31":{"start":{"line":40,"column":16},"end":{"line":40,"column":25}},"32":{"start":{"line":41,"column":4},"end":{"line":41,"column":null}},"33":{"start":{"line":42,"column":4},"end":{"line":42,"column":null}},"34":{"start":{"line":43,"column":4},"end":{"line":43,"column":null}},"35":{"start":{"line":46,"column":8},"end":{"line":46,"column":38}},"36":{"start":{"line":46,"column":21},"end":{"line":46,"column":38}},"37":{"start":{"line":48,"column":8},"end":{"line":52,"column":null}},"38":{"start":{"line":49,"column":19},"end":{"line":49,"column":null}},"39":{"start":{"line":50,"column":16},"end":{"line":50,"column":39}},"40":{"start":{"line":51,"column":4},"end":{"line":51,"column":null}},"41":{"start":{"line":52,"column":4},"end":{"line":52,"column":null}},"42":{"start":{"line":55,"column":8},"end":{"line":58,"column":null}},"43":{"start":{"line":56,"column":4},"end":{"line":56,"column":null}},"44":{"start":{"line":56,"column":19},"end":{"line":56,"column":null}},"45":{"start":{"line":57,"column":20},"end":{"line":57,"column":60}},"46":{"start":{"line":58,"column":4},"end":{"line":58,"column":null}},"47":{"start":{"line":61,"column":2},"end":{"line":111,"column":null}}},"fnMap":{"0":{"name":"SignatureCanvas","decl":{"start":{"line":3,"column":24},"end":{"line":3,"column":40}},"loc":{"start":{"line":3,"column":73},"end":{"line":111,"column":null}},"line":3},"1":{"name":"(anonymous_1)","decl":{"start":{"line":8,"column":2},"end":{"line":8,"column":18}},"loc":{"start":{"line":8,"column":18},"end":{"line":15,"column":7}},"line":8},"2":{"name":"(anonymous_2)","decl":{"start":{"line":17,"column":8},"end":{"line":17,"column":18}},"loc":{"start":{"line":17,"column":24},"end":{"line":24,"column":null}},"line":17},"3":{"name":"(anonymous_3)","decl":{"start":{"line":27,"column":8},"end":{"line":27,"column":17}},"loc":{"start":{"line":27,"column":23},"end":{"line":33,"column":null}},"line":27},"4":{"name":"(anonymous_4)","decl":{"start":{"line":36,"column":8},"end":{"line":36,"column":16}},"loc":{"start":{"line":36,"column":22},"end":{"line":43,"column":null}},"line":36},"5":{"name":"(anonymous_5)","decl":{"start":{"line":46,"column":8},"end":{"line":46,"column":21}},"loc":{"start":{"line":46,"column":21},"end":{"line":46,"column":38}},"line":46},"6":{"name":"(anonymous_6)","decl":{"start":{"line":48,"column":8},"end":{"line":48,"column":22}},"loc":{"start":{"line":48,"column":22},"end":{"line":52,"column":null}},"line":48},"7":{"name":"(anonymous_7)","decl":{"start":{"line":55,"column":8},"end":{"line":55,"column":21}},"loc":{"start":{"line":55,"column":21},"end":{"line":58,"column":null}},"line":55}},"branchMap":{"0":{"loc":{"start":{"line":3,"column":50},"end":{"line":3,"column":73}},"type":"default-arg","locations":[{"start":{"line":3,"column":58},"end":{"line":3,"column":73}}],"line":3},"1":{"loc":{"start":{"line":10,"column":4},"end":{"line":10,"column":null}},"type":"if","locations":[{"start":{"line":10,"column":4},"end":{"line":10,"column":null}},{"start":{},"end":{}}],"line":10},"2":{"loc":{"start":{"line":22,"column":20},"end":{"line":22,"column":null}},"type":"cond-expr","locations":[{"start":{"line":22,"column":32},"end":{"line":22,"column":55}},{"start":{"line":22,"column":55},"end":{"line":22,"column":null}}],"line":22},"3":{"loc":{"start":{"line":23,"column":20},"end":{"line":23,"column":null}},"type":"cond-expr","locations":[{"start":{"line":23,"column":32},"end":{"line":23,"column":55}},{"start":{"line":23,"column":55},"end":{"line":23,"column":null}}],"line":23},"4":{"loc":{"start":{"line":37,"column":4},"end":{"line":37,"column":null}},"type":"if","locations":[{"start":{"line":37,"column":4},"end":{"line":37,"column":null}},{"start":{},"end":{}}],"line":37},"5":{"loc":{"start":{"line":56,"column":4},"end":{"line":56,"column":null}},"type":"if","locations":[{"start":{"line":56,"column":4},"end":{"line":56,"column":null}},{"start":{},"end":{}}],"line":56},"6":{"loc":{"start":{"line":92,"column":7},"end":{"line":95,"column":null}},"type":"binary-expr","locations":[{"start":{"line":92,"column":7},"end":{"line":92,"column":null}},{"start":{"line":93,"column":8},"end":{"line":95,"column":null}}],"line":92},"7":{"loc":{"start":{"line":105,"column":22},"end":{"line":105,"column":null}},"type":"cond-expr","locations":[{"start":{"line":105,"column":33},"end":{"line":105,"column":58}},{"start":{"line":105,"column":58},"end":{"line":105,"column":null}}],"line":105},"8":{"loc":{"start":{"line":106,"column":99},"end":{"line":106,"column":137}},"type":"cond-expr","locations":[{"start":{"line":106,"column":110},"end":{"line":106,"column":124}},{"start":{"line":106,"column":124},"end":{"line":106,"column":137}}],"line":106},"9":{"loc":{"start":{"line":106,"column":144},"end":{"line":106,"column":177}},"type":"cond-expr","locations":[{"start":{"line":106,"column":155},"end":{"line":106,"column":164}},{"start":{"line":106,"column":164},"end":{"line":106,"column":177}}],"line":106},"10":{"loc":{"start":{"line":106,"column":185},"end":{"line":106,"column":219}},"type":"cond-expr","locations":[{"start":{"line":106,"column":196},"end":{"line":106,"column":208}},{"start":{"line":106,"column":208},"end":{"line":106,"column":219}}],"line":106}},"s":{"0":0,"1":0,"2":0,"3":0,"4":0,"5":0,"6":0,"7":0,"8":0,"9":0,"10":0,"11":0,"12":0,"13":0,"14":0,"15":0,"16":0,"17":0,"18":0,"19":0,"20":0,"21":0,"22":0,"23":0,"24":0,"25":0,"26":0,"27":0,"28":0,"29":0,"30":0,"31":0,"32":0,"33":0,"34":0,"35":0,"36":0,"37":0,"38":0,"39":0,"40":0,"41":0,"42":0,"43":0,"44":0,"45":0,"46":0,"47":0},"f":{"0":0,"1":0,"2":0,"3":0,"4":0,"5":0,"6":0,"7":0},"b":{"0":[0],"1":[0,0],"2":[0,0],"3":[0,0],"4":[0,0],"5":[0,0],"6":[0,0],"7":[0,0],"8":[0,0],"9":[0,0],"10":[0,0]},"meta":{"lastBranch":11,"lastFunction":8,"lastStatement":48,"seen":{"f:3:24:3:40":0,"b:3:58:3:73":0,"s:4:8:4:32":0,"s:5:18:5:47":1,"s:6:19:6:49":2,"s:8:2:15:Infinity":3,"f:8:2:8:18":1,"s:9:19:9:Infinity":4,"b:10:4:10:Infinity:undefined:undefined:undefined:undefined":1,"s:10:4:10:Infinity":5,"s:10:17:10:Infinity":6,"s:11:16:11:39":7,"s:12:4:12:Infinity":8,"s:13:4:13:Infinity":9,"s:14:4:14:Infinity":10,"s:17:8:24:Infinity":11,"f:17:8:17:18":2,"s:18:19:18:Infinity":12,"s:19:17:19:47":13,"s:20:19:20:Infinity":14,"s:21:19:21:Infinity":15,"s:22:20:22:Infinity":16,"b:22:32:22:55:22:55:22:Infinity":2,"s:23:20:23:Infinity":17,"b:23:32:23:55:23:55:23:Infinity":3,"s:24:4:24:Infinity":18,"s:27:8:33:Infinity":19,"f:27:8:27:17":3,"s:28:4:28:Infinity":20,"s:29:4:29:Infinity":21,"s:30:16:30:50":22,"s:31:16:31:25":23,"s:32:4:32:Infinity":24,"s:33:4:33:Infinity":25,"s:36:8:43:Infinity":26,"f:36:8:36:16":4,"b:37:4:37:Infinity:undefined:undefined:undefined:undefined":4,"s:37:4:37:Infinity":27,"s:37:18:37:Infinity":28,"s:38:4:38:Infinity":29,"s:39:16:39:50":30,"s:40:16:40:25":31,"s:41:4:41:Infinity":32,"s:42:4:42:Infinity":33,"s:43:4:43:Infinity":34,"s:46:8:46:38":35,"f:46:8:46:21":5,"s:46:21:46:38":36,"s:48:8:52:Infinity":37,"f:48:8:48:22":6,"s:49:19:49:Infinity":38,"s:50:16:50:39":39,"s:51:4:51:Infinity":40,"s:52:4:52:Infinity":41,"s:55:8:58:Infinity":42,"f:55:8:55:21":7,"b:56:4:56:Infinity:undefined:undefined:undefined:undefined":5,"s:56:4:56:Infinity":43,"s:56:19:56:Infinity":44,"s:57:20:57:60":45,"s:58:4:58:Infinity":46,"s:61:2:111:Infinity":47,"b:92:7:92:Infinity:93:8:95:Infinity":6,"b:105:33:105:58:105:58:105:Infinity":7,"b:106:110:106:124:106:124:106:137":8,"b:106:155:106:164:106:164:106:177":9,"b:106:196:106:208:106:208:106:219":10}}}
,"C:\\Users\\samsam\\Downloads\\tempo-app-v4_1\\tempo-app\\src\\contexts\\AuthContext.jsx": {"path":"C:\\Users\\samsam\\Downloads\\tempo-app-v4_1\\tempo-app\\src\\contexts\\AuthContext.jsx","statementMap":{"0":{"start":{"line":4,"column":13},"end":{"line":4,"column":46}},"1":{"start":{"line":7,"column":13},"end":{"line":141,"column":null}},"2":{"start":{"line":8,"column":15},"end":{"line":8,"column":52}},"3":{"start":{"line":9,"column":18},"end":{"line":9,"column":52}},"4":{"start":{"line":10,"column":19},"end":{"line":10,"column":52}},"5":{"start":{"line":11,"column":18},"end":{"line":11,"column":52}},"6":{"start":{"line":12,"column":21},"end":{"line":12,"column":53}},"7":{"start":{"line":13,"column":8},"end":{"line":13,"column":34}},"8":{"start":{"line":16,"column":8},"end":{"line":38,"column":8}},"9":{"start":{"line":17,"column":4},"end":{"line":36,"column":null}},"10":{"start":{"line":18,"column":36},"end":{"line":22,"column":22}},"11":{"start":{"line":24,"column":6},"end":{"line":24,"column":null}},"12":{"start":{"line":24,"column":26},"end":{"line":24,"column":null}},"13":{"start":{"line":26,"column":6},"end":{"line":26,"column":null}},"14":{"start":{"line":28,"column":6},"end":{"line":33,"column":null}},"15":{"start":{"line":29,"column":25},"end":{"line":29,"column":98}},"16":{"start":{"line":30,"column":8},"end":{"line":30,"column":null}},"17":{"start":{"line":31,"column":17},"end":{"line":33,"column":null}},"18":{"start":{"line":32,"column":25},"end":{"line":32,"column":100}},"19":{"start":{"line":33,"column":8},"end":{"line":33,"column":null}},"20":{"start":{"line":36,"column":6},"end":{"line":36,"column":null}},"21":{"start":{"line":41,"column":2},"end":{"line":75,"column":null}},"22":{"start":{"line":42,"column":39},"end":{"line":72,"column":null}},"23":{"start":{"line":43,"column":6},"end":{"line":47,"column":null}},"24":{"start":{"line":44,"column":8},"end":{"line":44,"column":null}},"25":{"start":{"line":45,"column":8},"end":{"line":45,"column":null}},"26":{"start":{"line":46,"column":8},"end":{"line":46,"column":null}},"27":{"start":{"line":47,"column":8},"end":{"line":47,"column":null}},"28":{"start":{"line":50,"column":6},"end":{"line":51,"column":null}},"29":{"start":{"line":51,"column":8},"end":{"line":51,"column":null}},"30":{"start":{"line":54,"column":6},"end":{"line":58,"column":null}},"31":{"start":{"line":55,"column":8},"end":{"line":55,"column":null}},"32":{"start":{"line":56,"column":8},"end":{"line":56,"column":null}},"33":{"start":{"line":58,"column":8},"end":{"line":58,"column":null}},"34":{"start":{"line":58,"column":27},"end":{"line":58,"column":null}},"35":{"start":{"line":61,"column":6},"end":{"line":68,"column":null}},"36":{"start":{"line":62,"column":8},"end":{"line":62,"column":null}},"37":{"start":{"line":63,"column":8},"end":{"line":63,"column":null}},"38":{"start":{"line":64,"column":8},"end":{"line":64,"column":null}},"39":{"start":{"line":65,"column":8},"end":{"line":65,"column":null}},"40":{"start":{"line":66,"column":8},"end":{"line":66,"column":null}},"41":{"start":{"line":67,"column":8},"end":{"line":67,"column":null}},"42":{"start":{"line":68,"column":8},"end":{"line":68,"column":null}},"43":{"start":{"line":71,"column":6},"end":{"line":71,"column":null}},"44":{"start":{"line":74,"column":4},"end":{"line":74,"column":null}},"45":{"start":{"line":74,"column":17},"end":{"line":74,"column":43}},"46":{"start":{"line":82,"column":2},"end":{"line":91,"column":null}},"47":{"start":{"line":83,"column":4},"end":{"line":83,"column":null}},"48":{"start":{"line":83,"column":15},"end":{"line":83,"column":null}},"49":{"start":{"line":85,"column":16},"end":{"line":87,"column":null}},"50":{"start":{"line":86,"column":6},"end":{"line":86,"column":null}},"51":{"start":{"line":87,"column":6},"end":{"line":87,"column":null}},"52":{"start":{"line":90,"column":4},"end":{"line":90,"column":null}},"53":{"start":{"line":94,"column":2},"end":{"line":100,"column":null}},"54":{"start":{"line":95,"column":4},"end":{"line":99,"column":null}},"55":{"start":{"line":96,"column":6},"end":{"line":96,"column":null}},"56":{"start":{"line":97,"column":6},"end":{"line":97,"column":null}},"57":{"start":{"line":97,"column":26},"end":{"line":97,"column":null}},"58":{"start":{"line":99,"column":19},"end":{"line":99,"column":36}},"59":{"start":{"line":102,"column":19},"end":{"line":110,"column":null}},"60":{"start":{"line":103,"column":4},"end":{"line":110,"column":null}},"61":{"start":{"line":104,"column":30},"end":{"line":107,"column":8}},"62":{"start":{"line":108,"column":6},"end":{"line":108,"column":null}},"63":{"start":{"line":110,"column":6},"end":{"line":110,"column":null}},"64":{"start":{"line":114,"column":16},"end":{"line":119,"column":null}},"65":{"start":{"line":115,"column":4},"end":{"line":119,"column":null}},"66":{"start":{"line":116,"column":30},"end":{"line":116,"column":89}},"67":{"start":{"line":117,"column":6},"end":{"line":117,"column":null}},"68":{"start":{"line":119,"column":6},"end":{"line":119,"column":null}},"69":{"start":{"line":123,"column":17},"end":{"line":124,"column":null}},"70":{"start":{"line":124,"column":4},"end":{"line":124,"column":null}},"71":{"start":{"line":127,"column":26},"end":{"line":128,"column":null}},"72":{"start":{"line":128,"column":4},"end":{"line":128,"column":null}},"73":{"start":{"line":128,"column":14},"end":{"line":128,"column":null}},"74":{"start":{"line":131,"column":2},"end":{"line":141,"column":null}}},"fnMap":{"0":{"name":"(anonymous_0)","decl":{"start":{"line":7,"column":13},"end":{"line":7,"column":29}},"loc":{"start":{"line":7,"column":46},"end":{"line":141,"column":null}},"line":7},"1":{"name":"(anonymous_1)","decl":{"start":{"line":16,"column":34},"end":{"line":16,"column":41}},"loc":{"start":{"line":16,"column":52},"end":{"line":38,"column":7}},"line":16},"2":{"name":"(anonymous_2)","decl":{"start":{"line":41,"column":2},"end":{"line":41,"column":18}},"loc":{"start":{"line":41,"column":18},"end":{"line":75,"column":7}},"line":41},"3":{"name":"(anonymous_3)","decl":{"start":{"line":42,"column":53},"end":{"line":42,"column":72}},"loc":{"start":{"line":42,"column":91},"end":{"line":72,"column":null}},"line":42},"4":{"name":"(anonymous_4)","decl":{"start":{"line":74,"column":4},"end":{"line":74,"column":17}},"loc":{"start":{"line":74,"column":17},"end":{"line":74,"column":43}},"line":74},"5":{"name":"(anonymous_5)","decl":{"start":{"line":82,"column":2},"end":{"line":82,"column":18}},"loc":{"start":{"line":82,"column":18},"end":{"line":91,"column":6}},"line":82},"6":{"name":"(anonymous_6)","decl":{"start":{"line":85,"column":16},"end":{"line":85,"column":28}},"loc":{"start":{"line":85,"column":28},"end":{"line":87,"column":null}},"line":85},"7":{"name":"(anonymous_7)","decl":{"start":{"line":94,"column":2},"end":{"line":94,"column":18}},"loc":{"start":{"line":94,"column":18},"end":{"line":100,"column":7}},"line":94},"8":{"name":"(anonymous_8)","decl":{"start":{"line":95,"column":31},"end":{"line":95,"column":37}},"loc":{"start":{"line":95,"column":63},"end":{"line":99,"column":7}},"line":95},"9":{"name":"(anonymous_9)","decl":{"start":{"line":99,"column":7},"end":{"line":99,"column":19}},"loc":{"start":{"line":99,"column":19},"end":{"line":99,"column":36}},"line":99},"10":{"name":"(anonymous_10)","decl":{"start":{"line":102,"column":19},"end":{"line":102,"column":26}},"loc":{"start":{"line":102,"column":90},"end":{"line":110,"column":null}},"line":102},"11":{"name":"(anonymous_11)","decl":{"start":{"line":114,"column":16},"end":{"line":114,"column":23}},"loc":{"start":{"line":114,"column":47},"end":{"line":119,"column":null}},"line":114},"12":{"name":"(anonymous_12)","decl":{"start":{"line":123,"column":17},"end":{"line":123,"column":29}},"loc":{"start":{"line":123,"column":29},"end":{"line":124,"column":null}},"line":123},"13":{"name":"(anonymous_13)","decl":{"start":{"line":127,"column":26},"end":{"line":127,"column":38}},"loc":{"start":{"line":127,"column":38},"end":{"line":128,"column":null}},"line":127}},"branchMap":{"0":{"loc":{"start":{"line":24,"column":6},"end":{"line":24,"column":null}},"type":"if","locations":[{"start":{"line":24,"column":6},"end":{"line":24,"column":null}},{"start":{},"end":{}}],"line":24},"1":{"loc":{"start":{"line":24,"column":10},"end":{"line":24,"column":26}},"type":"binary-expr","locations":[{"start":{"line":24,"column":10},"end":{"line":24,"column":19}},{"start":{"line":24,"column":19},"end":{"line":24,"column":26}}],"line":24},"2":{"loc":{"start":{"line":28,"column":6},"end":{"line":33,"column":null}},"type":"if","locations":[{"start":{"line":28,"column":6},"end":{"line":33,"column":null}},{"start":{"line":31,"column":17},"end":{"line":33,"column":null}}],"line":28},"3":{"loc":{"start":{"line":30,"column":20},"end":{"line":30,"column":33}},"type":"binary-expr","locations":[{"start":{"line":30,"column":20},"end":{"line":30,"column":28}},{"start":{"line":30,"column":28},"end":{"line":30,"column":33}}],"line":30},"4":{"loc":{"start":{"line":31,"column":17},"end":{"line":33,"column":null}},"type":"if","locations":[{"start":{"line":31,"column":17},"end":{"line":33,"column":null}},{"start":{},"end":{}}],"line":31},"5":{"loc":{"start":{"line":33,"column":20},"end":{"line":33,"column":33}},"type":"binary-expr","locations":[{"start":{"line":33,"column":20},"end":{"line":33,"column":28}},{"start":{"line":33,"column":28},"end":{"line":33,"column":33}}],"line":33},"6":{"loc":{"start":{"line":43,"column":6},"end":{"line":47,"column":null}},"type":"if","locations":[{"start":{"line":43,"column":6},"end":{"line":47,"column":null}},{"start":{},"end":{}}],"line":43},"7":{"loc":{"start":{"line":45,"column":16},"end":{"line":45,"column":38}},"type":"binary-expr","locations":[{"start":{"line":45,"column":16},"end":{"line":45,"column":33}},{"start":{"line":45,"column":33},"end":{"line":45,"column":38}}],"line":45},"8":{"loc":{"start":{"line":50,"column":6},"end":{"line":51,"column":null}},"type":"if","locations":[{"start":{"line":50,"column":6},"end":{"line":51,"column":null}},{"start":{},"end":{}}],"line":50},"9":{"loc":{"start":{"line":50,"column":10},"end":{"line":50,"column":55}},"type":"binary-expr","locations":[{"start":{"line":50,"column":10},"end":{"line":50,"column":35}},{"start":{"line":50,"column":35},"end":{"line":50,"column":55}}],"line":50},"10":{"loc":{"start":{"line":54,"column":6},"end":{"line":58,"column":null}},"type":"if","locations":[{"start":{"line":54,"column":6},"end":{"line":58,"column":null}},{"start":{},"end":{}}],"line":54},"11":{"loc":{"start":{"line":58,"column":8},"end":{"line":58,"column":null}},"type":"if","locations":[{"start":{"line":58,"column":8},"end":{"line":58,"column":null}},{"start":{},"end":{}}],"line":58},"12":{"loc":{"start":{"line":61,"column":6},"end":{"line":68,"column":null}},"type":"if","locations":[{"start":{"line":61,"column":6},"end":{"line":68,"column":null}},{"start":{},"end":{}}],"line":61},"13":{"loc":{"start":{"line":71,"column":14},"end":{"line":71,"column":36}},"type":"binary-expr","locations":[{"start":{"line":71,"column":14},"end":{"line":71,"column":31}},{"start":{"line":71,"column":31},"end":{"line":71,"column":36}}],"line":71},"14":{"loc":{"start":{"line":83,"column":4},"end":{"line":83,"column":null}},"type":"if","locations":[{"start":{"line":83,"column":4},"end":{"line":83,"column":null}},{"start":{},"end":{}}],"line":83},"15":{"loc":{"start":{"line":96,"column":14},"end":{"line":96,"column":36}},"type":"binary-expr","locations":[{"start":{"line":96,"column":14},"end":{"line":96,"column":31}},{"start":{"line":96,"column":31},"end":{"line":96,"column":36}}],"line":96},"16":{"loc":{"start":{"line":97,"column":6},"end":{"line":97,"column":null}},"type":"if","locations":[{"start":{"line":97,"column":6},"end":{"line":97,"column":null}},{"start":{},"end":{}}],"line":97},"17":{"loc":{"start":{"line":106,"column":45},"end":{"line":106,"column":62}},"type":"binary-expr","locations":[{"start":{"line":106,"column":45},"end":{"line":106,"column":58}},{"start":{"line":106,"column":58},"end":{"line":106,"column":62}}],"line":106},"18":{"loc":{"start":{"line":106,"column":73},"end":{"line":106,"column":89}},"type":"binary-expr","locations":[{"start":{"line":106,"column":73},"end":{"line":106,"column":85}},{"start":{"line":106,"column":85},"end":{"line":106,"column":89}}],"line":106},"19":{"loc":{"start":{"line":106,"column":103},"end":{"line":106,"column":122}},"type":"binary-expr","locations":[{"start":{"line":106,"column":103},"end":{"line":106,"column":118}},{"start":{"line":106,"column":118},"end":{"line":106,"column":122}}],"line":106},"20":{"loc":{"start":{"line":108,"column":13},"end":{"line":108,"column":null}},"type":"cond-expr","locations":[{"start":{"line":108,"column":21},"end":{"line":108,"column":30}},{"start":{"line":108,"column":33},"end":{"line":108,"column":null}}],"line":108},"21":{"loc":{"start":{"line":128,"column":4},"end":{"line":128,"column":null}},"type":"if","locations":[{"start":{"line":128,"column":4},"end":{"line":128,"column":null}},{"start":{},"end":{}}],"line":128}},"s":{"0":2,"1":2,"2":44,"3":44,"4":44,"5":44,"6":44,"7":44,"8":44,"9":7,"10":7,"11":6,"12":1,"13":5,"14":5,"15":3,"16":3,"17":2,"18":1,"19":1,"20":1,"21":44,"22":15,"23":8,"24":2,"25":2,"26":2,"27":2,"28":6,"29":0,"30":6,"31":1,"32":1,"33":1,"34":1,"35":6,"36":1,"37":1,"38":1,"39":1,"40":1,"41":1,"42":1,"43":5,"44":15,"45":15,"46":44,"47":21,"48":15,"49":6,"50":6,"51":6,"52":6,"53":44,"54":15,"55":14,"56":14,"57":14,"58":1,"59":44,"60":2,"61":2,"62":1,"63":1,"64":44,"65":2,"66":2,"67":1,"68":1,"69":44,"70":1,"71":44,"72":1,"73":0,"74":44},"f":{"0":44,"1":7,"2":15,"3":8,"4":15,"5":21,"6":6,"7":15,"8":14,"9":1,"10":2,"11":2,"12":1,"13":1},"b":{"0":[1,5],"1":[6,6],"2":[3,2],"3":[3,0],"4":[1,1],"5":[1,0],"6":[2,6],"7":[2,0],"8":[0,6],"9":[6,4],"10":[1,5],"11":[1,0],"12":[1,5],"13":[5,0],"14":[15,6],"15":[14,14],"16":[14,0],"17":[2,2],"18":[2,2],"19":[2,2],"20":[0,1],"21":[0,1]},"meta":{"lastBranch":22,"lastFunction":14,"lastStatement":75,"seen":{"s:4:13:4:46":0,"s:7:13:141:Infinity":1,"f:7:13:7:29":0,"s:8:15:8:52":2,"s:9:18:9:52":3,"s:10:19:10:52":4,"s:11:18:11:52":5,"s:12:21:12:53":6,"s:13:8:13:34":7,"s:16:8:38:8":8,"f:16:34:16:41":1,"s:17:4:36:Infinity":9,"s:18:36:22:22":10,"b:24:6:24:Infinity:undefined:undefined:undefined:undefined":0,"s:24:6:24:Infinity":11,"b:24:10:24:19:24:19:24:26":1,"s:24:26:24:Infinity":12,"s:26:6:26:Infinity":13,"b:28:6:33:Infinity:31:17:33:Infinity":2,"s:28:6:33:Infinity":14,"s:29:25:29:98":15,"s:30:8:30:Infinity":16,"b:30:20:30:28:30:28:30:33":3,"b:31:17:33:Infinity:undefined:undefined:undefined:undefined":4,"s:31:17:33:Infinity":17,"s:32:25:32:100":18,"s:33:8:33:Infinity":19,"b:33:20:33:28:33:28:33:33":5,"s:36:6:36:Infinity":20,"s:41:2:75:Infinity":21,"f:41:2:41:18":2,"s:42:39:72:Infinity":22,"f:42:53:42:72":3,"b:43:6:47:Infinity:undefined:undefined:undefined:undefined":6,"s:43:6:47:Infinity":23,"s:44:8:44:Infinity":24,"s:45:8:45:Infinity":25,"b:45:16:45:33:45:33:45:38":7,"s:46:8:46:Infinity":26,"s:47:8:47:Infinity":27,"b:50:6:51:Infinity:undefined:undefined:undefined:undefined":8,"s:50:6:51:Infinity":28,"b:50:10:50:35:50:35:50:55":9,"s:51:8:51:Infinity":29,"b:54:6:58:Infinity:undefined:undefined:undefined:undefined":10,"s:54:6:58:Infinity":30,"s:55:8:55:Infinity":31,"s:56:8:56:Infinity":32,"b:58:8:58:Infinity:undefined:undefined:undefined:undefined":11,"s:58:8:58:Infinity":33,"s:58:27:58:Infinity":34,"b:61:6:68:Infinity:undefined:undefined:undefined:undefined":12,"s:61:6:68:Infinity":35,"s:62:8:62:Infinity":36,"s:63:8:63:Infinity":37,"s:64:8:64:Infinity":38,"s:65:8:65:Infinity":39,"s:66:8:66:Infinity":40,"s:67:8:67:Infinity":41,"s:68:8:68:Infinity":42,"s:71:6:71:Infinity":43,"b:71:14:71:31:71:31:71:36":13,"s:74:4:74:Infinity":44,"f:74:4:74:17":4,"s:74:17:74:43":45,"s:82:2:91:Infinity":46,"f:82:2:82:18":5,"b:83:4:83:Infinity:undefined:undefined:undefined:undefined":14,"s:83:4:83:Infinity":47,"s:83:15:83:Infinity":48,"s:85:16:87:Infinity":49,"f:85:16:85:28":6,"s:86:6:86:Infinity":50,"s:87:6:87:Infinity":51,"s:90:4:90:Infinity":52,"s:94:2:100:Infinity":53,"f:94:2:94:18":7,"s:95:4:99:Infinity":54,"f:95:31:95:37":8,"s:96:6:96:Infinity":55,"b:96:14:96:31:96:31:96:36":15,"b:97:6:97:Infinity:undefined:undefined:undefined:undefined":16,"s:97:6:97:Infinity":56,"s:97:26:97:Infinity":57,"f:99:7:99:19":9,"s:99:19:99:36":58,"s:102:19:110:Infinity":59,"f:102:19:102:26":10,"s:103:4:110:Infinity":60,"s:104:30:107:8":61,"b:106:45:106:58:106:58:106:62":17,"b:106:73:106:85:106:85:106:89":18,"b:106:103:106:118:106:118:106:122":19,"s:108:6:108:Infinity":62,"b:108:21:108:30:108:33:108:Infinity":20,"s:110:6:110:Infinity":63,"s:114:16:119:Infinity":64,"f:114:16:114:23":11,"s:115:4:119:Infinity":65,"s:116:30:116:89":66,"s:117:6:117:Infinity":67,"s:119:6:119:Infinity":68,"s:123:17:124:Infinity":69,"f:123:17:123:29":12,"s:124:4:124:Infinity":70,"s:127:26:128:Infinity":71,"f:127:26:127:38":13,"b:128:4:128:Infinity:undefined:undefined:undefined:undefined":21,"s:128:4:128:Infinity":72,"s:128:14:128:Infinity":73,"s:131:2:141:Infinity":74}}}
,"C:\\Users\\samsam\\Downloads\\tempo-app-v4_1\\tempo-app\\src\\contexts\\I18nContext.jsx": {"path":"C:\\Users\\samsam\\Downloads\\tempo-app-v4_1\\tempo-app\\src\\contexts\\I18nContext.jsx","statementMap":{"0":{"start":{"line":5,"column":21},"end":{"line":5,"column":null}},"1":{"start":{"line":6,"column":6},"end":{"line":6,"column":35}},"2":{"start":{"line":9,"column":17},"end":{"line":9,"column":90}},"3":{"start":{"line":9,"column":45},"end":{"line":9,"column":90}},"4":{"start":{"line":11,"column":8},"end":{"line":14,"column":8}},"5":{"start":{"line":12,"column":4},"end":{"line":12,"column":null}},"6":{"start":{"line":13,"column":4},"end":{"line":13,"column":null}},"7":{"start":{"line":16,"column":8},"end":{"line":18,"column":14}},"8":{"start":{"line":17,"column":4},"end":{"line":17,"column":null}},"9":{"start":{"line":20,"column":2},"end":{"line":23,"column":null}},"10":{"start":{"line":27,"column":13},"end":{"line":27,"column":52}}},"fnMap":{"0":{"name":"I18nProvider","decl":{"start":{"line":8,"column":16},"end":{"line":8,"column":29}},"loc":{"start":{"line":8,"column":43},"end":{"line":23,"column":null}},"line":8},"1":{"name":"(anonymous_1)","decl":{"start":{"line":9,"column":30},"end":{"line":9,"column":45}},"loc":{"start":{"line":9,"column":45},"end":{"line":9,"column":90}},"line":9},"2":{"name":"(anonymous_2)","decl":{"start":{"line":11,"column":23},"end":{"line":11,"column":36}},"loc":{"start":{"line":11,"column":44},"end":{"line":14,"column":7}},"line":11},"3":{"name":"(anonymous_3)","decl":{"start":{"line":16,"column":12},"end":{"line":16,"column":25}},"loc":{"start":{"line":16,"column":33},"end":{"line":18,"column":6}},"line":16},"4":{"name":"(anonymous_4)","decl":{"start":{"line":27,"column":13},"end":{"line":27,"column":29}},"loc":{"start":{"line":27,"column":13},"end":{"line":27,"column":52}},"line":27}},"branchMap":{"0":{"loc":{"start":{"line":9,"column":45},"end":{"line":9,"column":90}},"type":"binary-expr","locations":[{"start":{"line":9,"column":45},"end":{"line":9,"column":81}},{"start":{"line":9,"column":85},"end":{"line":9,"column":90}}],"line":9},"1":{"loc":{"start":{"line":17,"column":11},"end":{"line":17,"column":null}},"type":"binary-expr","locations":[{"start":{"line":17,"column":11},"end":{"line":17,"column":42}},{"start":{"line":17,"column":42},"end":{"line":17,"column":66}},{"start":{"line":17,"column":66},"end":{"line":17,"column":null}}],"line":17}},"s":{"0":1,"1":1,"2":9,"3":7,"4":9,"5":2,"6":2,"7":9,"8":4,"9":9,"10":9},"f":{"0":9,"1":7,"2":2,"3":4,"4":9},"b":{"0":[7,5],"1":[4,2,1]},"meta":{"lastBranch":2,"lastFunction":5,"lastStatement":11,"seen":{"s:5:21:5:Infinity":0,"s:6:6:6:35":1,"f:8:16:8:29":0,"s:9:17:9:90":2,"f:9:30:9:45":1,"s:9:45:9:90":3,"b:9:45:9:81:9:85:9:90":0,"s:11:8:14:8":4,"f:11:23:11:36":2,"s:12:4:12:Infinity":5,"s:13:4:13:Infinity":6,"s:16:8:18:14":7,"f:16:12:16:25":3,"s:17:4:17:Infinity":8,"b:17:11:17:42:17:42:17:66:17:66:17:Infinity":1,"s:20:2:23:Infinity":9,"s:27:13:27:52":10,"f:27:13:27:29":4}}}
[...]
508:23":88,"s:509:20:509:36":388,"s:510:18:510:31":389,"s:511:4:538:Infinity":390,"b:512:85:512:98:512:98:512:104":134,"b:512:38:512:60:512:60:512:85":135,"f:513:8:513:23":89,"s:513:25:513:48":391,"s:513:48:513:Infinity":392,"f:520:20:520:29":90,"s:520:36:520:57":393,"s:520:57:520:Infinity":394,"b:521:34:521:58:521:58:521:Infinity":136,"b:522:90:522:104:522:104:522:117":137,"b:523:29:523:53:523:53:523:Infinity":138,"b:524:54:524:71:524:71:524:83":139,"b:530:12:530:31:530:31:530:33":140,"f:530:46:530:50":91,"s:530:55:530:96":395,"b:531:12:531:34:531:34:531:62:531:62:531:Infinity":141,"b:534:186:534:210:534:210:534:Infinity":142,"b:535:37:535:53:535:53:535:68":143,"f:536:12:536:21":92,"s:536:28:536:49":396,"s:536:49:536:67":397,"b:536:77:536:86:536:86:536:Infinity":144,"b:537:28:537:34:537:34:537:Infinity":145,"b:537:42:537:54:537:54:537:Infinity":146,"b:544:2:549:Infinity:undefined:undefined:undefined:undefined":147,"s:544:2:549:Infinity":398,"s:544:15:549:Infinity":399,"s:553:2:1514:Infinity":400,"b:555:7:555:Infinity:556:8:558:Infinity":148,"b:556:120:556:132:556:132:556:175":149,"b:556:152:556:162:556:162:556:175":150,"b:561:7:561:Infinity:562:8:589:Infinity":151,"f:575:14:575:19":93,"s:576:14:582:Infinity":401,"f:585:14:585:29":94,"s:585:31:585:57":402,"s:585:57:585:110":403,"b:592:7:592:Infinity:593:8:603:Infinity":152,"f:600:12:600:27":95,"s:600:27:600:49":404,"b:605:7:605:Infinity:606:8:611:Infinity":153,"f:610:10:610:25":96,"s:610:25:610:Infinity":405,"b:615:108:615:120:615:120:615:131":154,"b:623:42:623:52:623:52:623:56":155,"b:623:126:623:136:623:136:623:147":156,"b:624:84:624:97:624:97:624:119":157,"f:625:56:625:66":97,"s:625:71:625:100":406,"f:627:18:627:33":98,"s:627:33:627:76":407,"b:627:64:627:71:627:71:627:76":158,"b:628:31:628:38:628:38:628:Infinity":159,"b:630:66:630:91:630:91:630:116":160,"b:631:24:631:45:631:44:631:Infinity":161,"f:633:18:633:33":99,"s:633:35:633:58":408,"b:635:13:635:32:635:32:635:Infinity":162,"f:641:183:641:188":100,"s:642:10:647:Infinity":409,"f:642:26:642:41":101,"s:642:41:642:53":410,"b:642:156:642:168:642:168:642:181":163,"b:642:203:642:207:642:207:642:212":164,"b:642:236:642:258:642:258:642:283":165,"b:644:13:644:30:644:30:644:Infinity:645:14:645:Infinity":166,"b:653:9:653:Infinity:654:10:692:Infinity":167,"b:658:91:658:107:658:107:658:130":168,"b:658:134:658:153:658:153:658:156":169,"b:660:19:660:47:660:47:660:49":170,"b:660:81:660:121:660:122:660:126":171,"f:660:161:660:166":102,"s:661:18:664:Infinity":411,"b:668:13:668:Infinity:669:14:674:Infinity":172,"f:669:196:669:211":103,"s:669:211:669:232":412,"b:671:133:671:137:671:137:671:140":173,"b:671:173:671:177:671:177:671:Infinity":174,"b:678:14:684:Infinity:684:14:690:Infinity":175,"f:687:26:687:41":104,"s:687:41:687:62":413,"f:689:37:689:41":105,"s:689:46:689:79":414,"b:695:9:695:Infinity:696:10:806:Infinity":176,"b:698:139:698:143:698:143:698:146":177,"b:698:183:698:187:698:187:698:Infinity":178,"f:703:36:703:46":106,"s:703:51:703:81":415,"b:704:69:704:74:704:74:704:82":179,"b:706:15:706:30:706:30:706:Infinity":180,"f:706:38:706:53":107,"s:706:53:706:71":416,"f:711:55:711:65":108,"s:711:70:711:95":417,"f:720:22:720:37":109,"s:720:37:720:65":418,"b:721:93:721:119:721:119:721:142":181,"b:721:178:721:194:721:194:721:207":182,"b:721:238:721:254:721:254:721:267":183,"b:722:27:722:52:722:52:722:Infinity":184,"f:724:22:724:37":110,"s:724:37:724:57":419,"b:725:79:725:105:725:105:725:128":185,"b:725:150:725:166:725:166:725:179":186,"b:725:196:725:212:725:212:725:225":187,"b:726:27:726:94:726:94:726:Infinity":188,"b:728:15:728:Infinity:729:16:731:Infinity":189,"f:729:24:729:39":111,"s:729:39:729:59":420,"b:737:13:737:Infinity:738:14:780:Infinity":190,"f:742:97:742:107":112,"s:742:112:742:144":421,"f:746:99:746:109":113,"s:746:114:746:146":422,"f:750:101:750:111":114,"s:750:116:750:152":423,"f:754:103:754:113":115,"s:754:118:754:154":424,"f:760:68:760:78":116,"s:760:83:760:115":425,"f:769:67:769:77":117,"s:769:82:769:113":426,"f:777:24:777:39":118,"s:777:41:777:63":427,"s:777:63:777:85":428,"s:777:85:777:111":429,"s:777:111:777:137":430,"s:777:137:777:163":431,"s:777:163:777:Infinity":432,"f:786:153:786:158":119,"s:787:16:787:Infinity":433,"f:787:32:787:47":120,"s:787:47:787:66":434,"b:787:139:787:163:787:163:787:186":191,"b:787:215:787:229:787:229:787:242":192,"b:787:266:787:280:787:280:787:293":193,"b:787:353:787:357:787:357:787:362":194,"b:791:14:802:33:802:16:804:Infinity":195,"f:794:18:794:36":121,"s:794:44:794:67":435,"s:794:67:794:Infinity":436,"b:799:84:799:90:799:90:799:93":196,"b:803:16:804:33:804:16:804:Infinity":197,"f:804:33:804:37":122,"s:804:42:804:Infinity":437,"b:809:9:809:Infinity:810:10:822:Infinity":198,"b:814:120:814:124:814:124:814:Infinity":199,"f:816:22:816:37":123,"s:816:37:816:58":438,"b:819:16:820:25:820:16:820:109":200,"f:820:25:820:32":124,"s:820:37:820:65":439,"f:820:67:820:71":125,"s:820:76:820:109":440,"b:825:9:825:40:825:40:825:Infinity:826:10:871:Infinity":201,"f:827:20:827:35":126,"s:827:35:827:56":441,"f:831:24:831:39":127,"s:831:39:831:69":442,"b:832:60:832:84:832:84:832:Infinity":202,"b:833:116:833:130:833:130:833:143":203,"b:834:80:834:97:834:97:834:109":204,"f:839:18:839:33":128,"s:839:33:839:106":443,"b:844:15:844:46:844:46:844:Infinity":205,"b:846:18:846:51:846:51:846:53":206,"f:846:55:846:59":129,"s:846:64:846:105":444,"b:847:18:847:50:847:50:847:52":207,"f:847:54:847:58":130,"s:847:63:847:181":445,"b:851:54:851:88:851:88:851:100":208,"b:854:59:854:140:854:140:854:Infinity":209,"f:855:16:855:21":131,"s:856:16:859:Infinity":446,"b:858:62:858:66:858:66:858:71":210,"b:858:95:858:107:858:107:858:120":211,"f:866:67:866:82":132,"s:866:82:866:103":447,"b:867:75:867:105:867:107:867:137":212,"f:867:137:867:152":133,"s:867:152:867:180":448,"b:868:46:868:57:868:57:868:Infinity":213,"b:868:88:868:112:868:112:868:Infinity":214,"b:874:9:874:Infinity:875:10:989:Infinity":215,"b:877:137:877:143:877:143:877:146":216,"f:881:89:881:96":134,"s:881:99:881:120":449,"f:881:165:881:172":135,"s:881:175:881:197":450,"f:881:241:881:248":136,"s:881:251:881:273":451,"f:881:319:881:326":137,"s:881:329:881:362":452,"f:881:372:881:377":138,"s:882:16:884:Infinity":453,"f:882:32:882:47":139,"s:882:47:882:64":454,"b:882:135:882:159:882:159:882:182":217,"b:882:209:882:223:882:223:882:236":218,"b:882:258:882:272:882:272:882:285":219,"b:882:343:882:347:882:347:882:352":220,"b:883:23:883:32:883:32:883:Infinity":221,"b:889:14:896:Infinity:896:14:985:Infinity":222,"f:893:48:893:63":140,"s:893:63:893:84":455,"f:897:17:897:24":141,"b:898:18:898:Infinity:undefined:undefined:undefined:undefined":223,"s:898:18:898:Infinity":456,"s:898:46:898:Infinity":457,"b:899:18:899:Infinity:undefined:undefined:undefined:undefined":224,"s:899:18:899:Infinity":458,"s:899:51:899:Infinity":459,"s:900:18:900:Infinity":460,"f:902:17:902:21":142,"s:903:26:903:Infinity":461,"s:904:27:904:Infinity":462,"b:904:27:904:53:904:53:904:Infinity":225,"s:905:35:905:Infinity":463,"s:906:36:906:Infinity":464,"s:907:37:907:61":465,"s:908:34:908:Infinity":466,"b:908:69:908:117:908:120:908:Infinity":226,"b:908:34:908:52:908:52:908:69":227,"s:909:16:985:Infinity":467,"b:910:116:910:140:910:140:910:203":228,"b:910:154:910:178:910:178:910:203":229,"b:913:86:913:98:913:98:913:108":230,"b:914:73:914:95:914:95:914:99":231,"b:914:103:914:114:914:114:914:Infinity":232,"b:916:62:916:77:916:77:916:87":233,"b:916:140:916:153:916:153:916:169":234,"b:919:21:919:50:919:50:919:Infinity:920:22:936:Infinity":235,"f:921:123:921:128":143,"s:922:46:922:Infinity":468,"b:922:60:922:64:922:64:922:Infinity":236,"b:922:92:922:96:922:96:922:Infinity":237,"b:922:123:922:127:922:127:922:Infinity":238,"b:922:152:922:156:922:156:922:Infinity":239,"s:923:39:923:Infinity":469,"s:924:26:933:Infinity":470,"b:927:107:927:156:927:156:927:169":240,"b:927:127:927:141:927:141:927:156":241,"b:928:35:928:43:928:43:928:Infinity":242,"b:930:73:930:87:930:87:930:100":243,"b:930:132:930:138:930:138:930:143":244,"b:932:31:932:40:932:40:933:Infinity":245,"b:932:102:932:116:932:116:932:129":246,"b:939:23:939:41:939:41:939:Infinity":247,"b:940:23:940:41:940:41:940:Infinity":248,"b:941:23:941:40:941:40:941:Infinity":249,"b:942:23:942:38:942:38:942:Infinity":250,"b:943:23:943:42:943:42:943:Infinity":251,"b:944:23:944:36:944:36:944:Infinity":252,"b:946:21:946:Infinity:947:22:952:Infinity":253,"f:949:26:949:41":144,"s:949:41:949:63":471,"b:954:21:954:35:954:35:954:Infinity:955:22:968:Infinity":254,"b:957:26:961:27:961:26:966:25":255,"f:962:28:962:43":145,"s:962:43:962:142":472,"b:962:105:962:127:962:127:962:141":256,"f:967:26:967:41":146,"s:967:41:967:127":473,"b:967:50:967:70:967:70:967:85":257,"b:967:85:967:107:967:107:967:121":258,"b:972:21:972:36:972:36:972:Infinity:973:22:978:Infinity":259,"f:975:26:975:41":147,"s:975:41:975:153":474,"b:975:114:975:135:975:135:975:152":260,"b:980:21:980:36:980:36:980:Infinity:981:22:983:Infinity":261,"b:992:9:992:Infinity:993:10:1097:Infinity":262,"b:998:94:998:122:998:122:998:124":263,"b:998:152:998:196:998:196:998:201":264,"f:998:218:998:223":148,"s:999:16:999:Infinity":475,"f:1006:22:1006:Infinity":149,"s:1007:28:1007:38":476,"s:1008:38:1008:Infinity":477,"f:1008:47:1008:54":150,"s:1008:71:1008:93":478,"s:1008:95:1008:177":479,"b:1008:102:1008:133:1008:137:1008:174":265,"s:1009:38:1009:192":480,"f:1009:50:1009:57":151,"s:1009:62:1009:191":481,"b:1009:62:1009:100:1009:100:1009:128:1009:128:1009:191":266,"s:1010:35:1010:142":482,"f:1010:49:1010:57":152,"s:1010:66:1010:138":483,"b:1010:81:1010:98:1010:98:1010:136:1010:136:1010:138":267,"s:1011:33:1011:104":484,"f:1011:47:1011:55":153,"s:1011:64:1011:100":485,"b:1011:79:1011:98:1011:98:1011:100":268,"s:1012:32:1012:Infinity":486,"b:1012:59:1012:175:1012:175:1012:Infinity":269,"f:1012:73:1012:81":154,"s:1012:90:1012:145":487,"b:1012:105:1012:143:1012:143:1012:145":270,"s:1013:16:1029:Infinity":488,"b:1028:89:1028:129:1028:132:1028:142":271,"b:1036:13:1036:43:1036:31:1060:Infinity":272,"f:1036:31:1036:43":155,"s:1037:29:1037:31":489,"s:1038:14:1042:Infinity":490,"f:1038:23:1038:30":156,"s:1038:35:1038:55":491,"f:1038:56:1038:64":157,"s:1039:26:1039:50":492,"s:1040:28:1040:Infinity":493,"s:1041:16:1041:Infinity":494,"b:1041:31:1041:44:1041:44:1041:49":273,"b:1041:60:1041:79:1041:79:1041:81":274,"s:1043:30:1043:69":495,"s:1044:26:1044:64":496,"f:1044:46:1044:50":158,"s:1044:55:1044:60":497,"b:1045:14:1045:Infinity:undefined:undefined:undefined:undefined":275,"s:1045:14:1045:Infinity":498,"s:1045:40:1045:Infinity":499,"s:1046:14:1057:Infinity":500,"f:1050:29:1050:34":159,"s:1051:22:1055:Infinity":501,"b:1063:13:1063:Infinity:1064:14:1073:Infinity":276,"b:1067:144:1067:158:1067:158:1067:215":277,"b:1067:182:1067:194:1067:194:1067:215":278,"b:1073:17:1073:42:1073:42:1073:Infinity":279,"b:1078:16:1079:17:1079:16:1095:Infinity":280,"f:1082:63:1082:67":160,"s:1082:72:1082:Infinity":502,"f:1084:37:1084:42":161,"s:1085:22:1092:Infinity":503,"b:1085:67:1085:79:1085:79:1085:92":281,"b:1090:72:1090:86:1090:86:1090:104":282,"b:1090:147:1090:155:1090:155:1090:175":283,"b:1101:9:1101:34:1101:34:1101:Infinity:1102:10:1132:Infinity":284,"b:1106:14:1111:Infinity:1111:14:1128:Infinity":285,"f:1105:25:1105:32":162,"s:1105:37:1105:134":504,"b:1105:37:1105:64:1105:64:1105:99:1105:99:1105:134":286,"f:1112:17:1112:24":163,"s:1112:29:1112:126":505,"b:1112:29:1112:56:1112:56:1112:91:1112:91:1112:126":287,"f:1113:17:1113:21":164,"s:1114:28:1114:Infinity":506,"s:1115:18:1128:Infinity":507,"f:1117:22:1117:37":165,"s:1117:37:1117:123":508,"b:1117:46:1117:66:1117:66:1117:81":288,"b:1117:81:1117:103:1117:103:1117:117":289,"b:1120:28:1120:48:1120:48:1120:53":290,"b:1123:72:1123:94:1123:94:1123:104":291,"b:1124:75:1124:87:1124:87:1124:97":292,"b:1135:9:1135:30:1135:30:1135:Infinity:1136:10:1161:Infinity":293,"f:1138:22:1138:37":166,"s:1138:39:1138:61":509,"s:1138:61:1138:86":510,"b:1143:16:1144:31:1144:18:1152:Infinity":294,"f:1144:31:1144:36":167,"s:1145:31:1145:Infinity":511,"s:1146:16:1152:Infinity":512,"b:1147:91:1147:104:1147:104:1147:118":295,"b:1148:93:1148:116:1148:116:1148:138":296,"b:1148:159:1148:173:1148:173:1148:186":297,"b:1148:202:1148:211:1148:211:1148:224":298,"b:1147:28:1147:38:1147:38:1147:41":299,"f:1157:88:1157:98":168,"s:1157:103:1157:131":513,"f:1158:16:1158:27":169,"b:1158:34:1158:80:undefined:undefined:undefined:undefined":300,"s:1158:34:1158:80":514,"s:1158:57:1158:80":515,"b:1159:116:1159:130:1159:130:1159:147":301,"b:1160:30:1160:38:1160:38:1160:Infinity":302,"b:1167:9:1167:Infinity:1168:10:1223:Infinity":303,"f:1171:22:1171:37":170,"s:1171:37:1171:58":516,"f:1176:22:1176:Infinity":171,"s:1177:36:1177:69":517,"s:1178:16:1201:Infinity":518,"f:1183:72:1183:82":172,"s:1183:87:1183:119":519,"f:1194:102:1194:112":173,"s:1194:117:1194:149":520,"f:1198:22:1198:37":174,"s:1198:37:1198:121":521,"b:1205:13:1205:Infinity:1206:14:1221:Infinity":304,"f:1208:29:1208:33":175,"s:1209:18:1219:Infinity":522,"b:1212:47:1212:85:1212:85:1212:Infinity":305,"b:1212:47:1212:74:1212:74:1212:85":306,"b:1213:37:1213:61:1213:61:1213:Infinity":307,"b:1214:34:1214:51:1214:51:1214:Infinity":308,"f:1218:28:1218:43":176,"s:1218:43:1218:60":523,"b:1227:9:1227:Infinity:1228:10:1275:Infinity":309,"f:1231:22:1231:37":177,"s:1231:37:1231:56":524,"f:1235:22:1235:Infinity":178,"s:1236:30:1236:40":525,"s:1237:29:1237:48":526,"s:1238:30:1238:46":527,"s:1239:36:1239:74":528,"s:1240:33:1240:66":529,"s:1241:34:1241:103":530,"s:1242:30:1242:32":531,"s:1243:16:1243:Infinity":532,"s:1243:29:1243:32":533,"b:1243:54:1243:58:1243:58:1243:73":310,"s:1243:78:1243:Infinity":534,"s:1244:16:1244:Infinity":535,"s:1244:29:1244:32":536,"s:1244:55:1244:Infinity":537,"s:1245:16:1271:Infinity":538,"f:1249:67:1249:71":179,"s:1250:24:1250:Infinity":539,"f:1252:29:1252:34":180,"b:1253:24:1253:Infinity:undefined:undefined:undefined:undefined":311,"s:1253:24:1253:Infinity":540,"s:1253:40:1253:Infinity":541,"s:1254:40:1254:Infinity":542,"s:1255:42:1255:71":543,"s:1256:39:1256:58":544,"s:1257:40:1257:61":545,"s:1258:24:1262:Infinity":546,"f:1259:42:1259:57":181,"s:1259:57:1259:93":547,"b:1259:57:1259:68:1259:68:1259:93":312,"b:1260:82:1260:106:1260:106:1260:129":313,"b:1260:153:1260:167:1260:167:1260:203":314,"b:1260:176:1260:190:1260:190:1260:203":315,"b:1260:222:1260:231:1260:231:1260:267":316,"b:1260:240:1260:254:1260:254:1260:267":317,"b:1260:302:1260:308:1260:308:1260:313":318,"b:1260:330:1260:342:1260:342:1260:353":319,"f:1269:41:1269:48":182,"s:1269:53:1269:111":548,"b:1278:9:1278:Infinity:1279:10:1412:Infinity":320,"b:1286:19:1286:45:1286:45:1286:Infinity":321,"b:1294:50:1294:74:1294:74:1294:78":322,"f:1294:78:1294:88":183,"s:1294:93:1294:150":549,"f:1294:93:1294:108":184,"s:1294:112:1294:150":550,"b:1296:50:1296:73:1296:73:1296:77":323,"f:1296:77:1296:87":185,"s:1296:92:1296:148":551,"f:1296:92:1296:107":186,"s:1296:111:1296:148":552,"b:1300:50:1300:68:1300:68:1300:72":324,"f:1300:72:1300:82":187,"s:1300:87:1300:134":553,"f:1300:87:1300:102":188,"s:1300:106:1300:134":554,"b:1302:50:1302:69:1302:69:1302:73":325,"f:1302:73:1302:83":189,"s:1302:88:1302:136":555,"f:1302:88:1302:103":190,"s:1302:107:1302:136":556,"b:1307:147:1307:172:1307:172:1307:175":326,"b:1308:61:1308:86:1308:86:1308:Infinity":327,"f:1309:18:1309:28":191,"s:1309:33:1309:95":557,"f:1309:33:1309:48":192,"s:1309:52:1309:95":558,"b:1320:20:1320:40:1320:40:1320:56:1320:56:1320:58":328,"f:1320:60:1320:64":193,"s:1321:20:1326:Infinity":559,"f:1323:30:1323:45":194,"s:1323:45:1323:132":560,"f:1323:45:1323:60":195,"s:1323:66:1323:132":561,"b:1323:81:1323:91:1323:91:1323:107:1323:107:1323:109":329,"f:1323:111:1323:118":196,"s:1323:122:1323:130":562,"f:1330:100:1330:110":197,"s:1330:115:1330:142":563,"f:1331:20:1331:31":198,"b:1331:38:1331:Infinity:undefined:undefined:undefined:undefined":330,"s:1331:38:1331:Infinity":564,"b:1331:42:1331:63:1331:63:1331:78":331,"s:1331:82:1331:174":565,"f:1331:82:1331:97":199,"s:1331:103:1331:172":566,"b:1331:122:1331:132:1331:132:1331:148:1331:148:1331:150":332,"s:1331:174:1331:Infinity":567,"f:1334:20:1334:35":200,"b:1334:37:1334:172:undefined:undefined:undefined:undefined":333,"s:1334:37:1334:172":568,"s:1334:60:1334:152":569,"f:1334:60:1334:75":201,"s:1334:81:1334:150":570,"b:1334:100:1334:110:1334:110:1334:126:1334:126:1334:128":334,"s:1334:152:1334:172":571,"b:1344:20:1344:48:1344:48:1344:72:1344:72:1344:74":335,"f:1344:76:1344:80":202,"s:1345:20:1350:Infinity":572,"b:1346:47:1346:51:1346:51:1346:Infinity":336,"f:1347:30:1347:45":203,"s:1347:45:1347:232":573,"f:1347:45:1347:60":204,"s:1347:66:1347:232":574,"b:1347:89:1347:107:1347:107:1347:131:1347:131:1347:133":337,"f:1347:135:1347:142":205,"s:1347:142:1347:230":575,"b:1347:174:1347:179:1347:179:1347:193":338,"b:1347:217:1347:221:1347:221:1347:230":339,"b:1345:55:1345:59:1345:59:1345:67":340,"f:1354:124:1354:134":206,"s:1354:139:1354:165":576,"f:1355:20:1355:31":207,"b:1355:38:1355:Infinity:undefined:undefined:undefined:undefined":341,"s:1355:38:1355:Infinity":577,"b:1355:42:1355:63:1355:63:1355:77":342,"s:1355:81:1355:196":578,"f:1355:81:1355:96":208,"s:1355:102:1355:194":579,"b:1355:129:1355:147:1355:147:1355:171:1355:171:1355:173":343,"s:1355:196:1355:Infinity":580,"f:1358:20:1358:35":209,"b:1358:37:1358:193:undefined:undefined:undefined:undefined":344,"s:1358:37:1358:193":581,"s:1358:59:1358:174":582,"f:1358:59:1358:74":210,"s:1358:80:1358:172":583,"b:1358:107:1358:125:1358:125:1358:149:1358:149:1358:151":345,"s:1358:174:1358:193":584,"b:1365:31:1365:47:1365:47:1365:Infinity":346,"b:1373:13:1373:Infinity:1374:14:1383:Infinity":347,"f:1377:26:1377:30":211,"s:1378:20:1381:Infinity":585,"f:1389:14:1389:29":212,"s:1389:29:1389:52":586,"f:1395:14:1395:29":213,"s:1395:29:1395:49":587,"b:1401:19:1401:47:1401:47:1401:49":348,"b:1401:81:1401:121:1401:122:1401:126":349,"b:1401:135:1401:157:1401:157:1401:159":350,"f:1401:168:1401:173":214,"s:1402:18:1405:Infinity":588,"b:1402:55:1402:77:1402:77:1402:85":351,"f:1409:105:1409:117":215,"s:1409:119:1409:152":589,"b:1416:9:1416:41:1416:41:1416:Infinity:1417:10:1467:Infinity":352,"f:1418:20:1418:35":216,"s:1418:35:1418:56":590,"b:1422:20:1422:40:1422:40:1422:45":353,"b:1426:67:1426:87:1426:87:1426:102":354,"b:1427:19:1427:Infinity:1428:20:1430:Infinity":355,"b:1430:122:1430:150:1430:150:1430:152":356,"b:1435:15:1435:Infinity:1436:16:1436:Infinity":357,"b:1440:19:1440:50:1440:50:1440:53":358,"b:1441:44:1441:89:1441:92:1441:97":359,"b:1442:52:1442:64:1442:64:1442:76":360,"f:1443:18:1443:23":217,"s:1444:18:1447:Infinity":591,"b:1455:14:1456:32:1456:16:1465:Infinity":361,"f:1456:32:1456:36":218,"s:1457:14:1465:Infinity":592,"f:1458:16:1458:31":219,"s:1459:38:1459:Infinity":593,"b:1459:38:1459:73:1459:77:1459:Infinity":362,"f:1459:47:1459:52":220,"s:1459:58:1459:73":594,"s:1460:18:1460:Infinity":595,"s:1461:18:1461:Infinity":596,"b:1464:113:1464:135:1464:135:1464:138":363,"b:1470:9:1470:Infinity:1471:10:1514:Infinity":364,"f:1474:22:1474:37":221,"s:1474:37:1474:57":597,"b:1479:15:1479:Infinity:1480:16:1485:15":365,"f:1480:33:1480:45":222,"s:1480:47:1480:78":598,"s:1480:78:1480:Infinity":599,"f:1480:78:1480:88":223,"s:1480:96:1480:169":600,"f:1480:101:1480:105":224,"s:1480:111:1480:169":601,"b:1480:128:1480:141:1480:141:1480:167":366,"f:1485:60:1485:70":225,"s:1485:75:1485:105":602,"f:1497:20:1497:Infinity":226,"s:1498:29:1498:Infinity":603,"b:1499:14:1500:Infinity:1500:23:1500:Infinity":367,"s:1499:14:1500:Infinity":604,"s:1499:44:1499:Infinity":605,"f:1499:62:1499:69":227,"s:1499:74:1499:85":606,"b:1500:23:1500:Infinity:undefined:undefined:undefined:undefined":368,"s:1500:23:1500:Infinity":607,"s:1500:47:1500:Infinity":608,"f:1500:65:1500:72":228,"s:1500:77:1500:100":609,"s:1501:14:1512:Infinity":610,"b:1502:18:1503:27:1503:18:1511:Infinity":369,"f:1503:27:1503:31":229,"s:1504:18:1511:Infinity":611,"b:1504:119:1504:141:1504:141:1504:166":370,"b:1506:65:1506:77:1506:77:1506:90":371,"b:1506:111:1506:115:1506:115:1506:120":372,"b:1507:23:1507:37:1507:37:1507:Infinity":373,"b:1509:21:1509:31:1509:31:1509:Infinity":374}}}
}
