{"C:\\Users\\samsam\\Downloads\\tempo-app-v4_1\\tempo-app\\src\\App.jsx": {"path":"C:\\Users\\samsam\\Downloads\\tempo-app-v4_1\\tempo-app\\src\\App.jsx","statementMap":{"0":{"start":{"line":12,"column":4},"end":{"line":12,"column":null}},"1":{"start":{"line":13,"column":4},"end":{"line":13,"column":null}},"2":{"start":{"line":16,"column":4},"end":{"line":16,"column":null}},"3":{"start":{"line":19,"column":4},"end":{"line":19,"column":null}},"4":{"start":{"line":19,"column":30},"end":{"line":19,"column":null}},"5":{"start":{"line":20,"column":4},"end":{"line":35,"column":null}},"6":{"start":{"line":31,"column":29},"end":{"line":31,"column":78}},"7":{"start":{"line":31,"column":78},"end":{"line":31,"column":null}},"8":{"start":{"line":42,"column":23},"end":{"line":42,"column":null}},"9":{"start":{"line":42,"column":40},"end":{"line":42,"column":null}},"10":{"start":{"line":43,"column":23},"end":{"line":43,"column":null}},"11":{"start":{"line":43,"column":40},"end":{"line":43,"column":null}},"12":{"start":{"line":44,"column":23},"end":{"line":44,"column":null}},"13":{"start":{"line":44,"column":40},"end":{"line":44,"column":null}},"14":{"start":{"line":47,"column":6},"end":{"line":111,"column":null}},"15":{"start":{"line":48,"column":2},"end":{"line":111,"column":null}},"16":{"start":{"line":77,"column":10},"end":{"line":88,"column":null}},"17":{"start":{"line":77,"column":44},"end":{"line":77,"column":58}},"18":{"start":{"line":82,"column":33},"end":{"line":82,"column":90}},"19":{"start":{"line":82,"column":90},"end":{"line":82,"column":null}},"20":{"start":{"line":83,"column":33},"end":{"line":83,"column":93}},"21":{"start":{"line":83,"column":93},"end":{"line":83,"column":null}},"22":{"start":{"line":92,"column":29},"end":{"line":92,"column":46}},"23":{"start":{"line":96,"column":29},"end":{"line":96,"column":null}},"24":{"start":{"line":97,"column":29},"end":{"line":97,"column":null}},"25":{"start":{"line":115,"column":6},"end":{"line":199,"column":null}},"26":{"start":{"line":116,"column":76},"end":{"line":116,"column":96}},"27":{"start":{"line":117,"column":38},"end":{"line":117,"column":58}},"28":{"start":{"line":118,"column":36},"end":{"line":118,"column":56}},"29":{"start":{"line":119,"column":56},"end":{"line":119,"column":77}},"30":{"start":{"line":122,"column":2},"end":{"line":123,"column":null}},"31":{"start":{"line":123,"column":4},"end":{"line":123,"column":null}},"32":{"start":{"line":123,"column":40},"end":{"line":123,"column":68}},"33":{"start":{"line":127,"column":2},"end":{"line":128,"column":null}},"34":{"start":{"line":128,"column":4},"end":{"line":128,"column":null}},"35":{"start":{"line":128,"column":38},"end":{"line":128,"column":69}},"36":{"start":{"line":128,"column":69},"end":{"line":128,"column":91}},"37":{"start":{"line":131,"column":2},"end":{"line":136,"column":null}},"38":{"start":{"line":131,"column":15},"end":{"line":136,"column":null}},"39":{"start":{"line":141,"column":2},"end":{"line":147,"column":null}},"40":{"start":{"line":142,"column":4},"end":{"line":147,"column":null}},"41":{"start":{"line":153,"column":2},"end":{"line":170,"column":null}},"42":{"start":{"line":156,"column":4},"end":{"line":165,"column":null}},"43":{"start":{"line":157,"column":6},"end":{"line":158,"column":null}},"44":{"start":{"line":158,"column":8},"end":{"line":158,"column":null}},"45":{"start":{"line":160,"column":6},"end":{"line":165,"column":null}},"46":{"start":{"line":162,"column":104},"end":{"line":162,"column":126}},"47":{"start":{"line":163,"column":104},"end":{"line":163,"column":126}},"48":{"start":{"line":164,"column":71},"end":{"line":164,"column":89}},"49":{"start":{"line":169,"column":4},"end":{"line":169,"column":null}},"50":{"start":{"line":169,"column":19},"end":{"line":169,"column":null}},"51":{"start":{"line":170,"column":4},"end":{"line":170,"column":null}},"52":{"start":{"line":170,"column":19},"end":{"line":170,"column":null}},"53":{"start":{"line":174,"column":2},"end":{"line":175,"column":null}},"54":{"start":{"line":175,"column":4},"end":{"line":175,"column":null}},"55":{"start":{"line":179,"column":2},"end":{"line":199,"column":null}},"56":{"start":{"line":190,"column":35},"end":{"line":190,"column":56}},"57":{"start":{"line":191,"column":35},"end":{"line":191,"column":63}},"58":{"start":{"line":192,"column":35},"end":{"line":192,"column":62}},"59":{"start":{"line":203,"column":6},"end":{"line":208,"column":null}},"60":{"start":{"line":204,"column":2},"end":{"line":208,"column":null}},"61":{"start":{"line":213,"column":2},"end":{"line":222,"column":null}}},"fnMap":{"0":{"name":"(anonymous_0)","decl":{"start":{"line":11,"column":2},"end":{"line":11,"column":14}},"loc":{"start":{"line":11,"column":21},"end":{"line":13,"column":null}},"line":11},"1":{"name":"(anonymous_1)","decl":{"start":{"line":15,"column":9},"end":{"line":15,"column":34}},"loc":{"start":{"line":15,"column":41},"end":{"line":16,"column":null}},"line":15},"2":{"name":"(anonymous_2)","decl":{"start":{"line":18,"column":2},"end":{"line":18,"column":11}},"loc":{"start":{"line":18,"column":11},"end":{"line":35,"column":null}},"line":18},"3":{"name":"(anonymous_3)","decl":{"start":{"line":31,"column":12},"end":{"line":31,"column":27}},"loc":{"start":{"line":31,"column":27},"end":{"line":31,"column":null}},"line":31},"4":{"name":"(anonymous_4)","decl":{"start":{"line":42,"column":29},"end":{"line":42,"column":40}},"loc":{"start":{"line":42,"column":40},"end":{"line":42,"column":null}},"line":42},"5":{"name":"(anonymous_5)","decl":{"start":{"line":43,"column":29},"end":{"line":43,"column":40}},"loc":{"start":{"line":43,"column":40},"end":{"line":43,"column":null}},"line":43},"6":{"name":"(anonymous_6)","decl":{"start":{"line":44,"column":29},"end":{"line":44,"column":40}},"loc":{"start":{"line":44,"column":40},"end":{"line":44,"column":null}},"line":44},"7":{"name":"(anonymous_7)","decl":{"start":{"line":47,"column":6},"end":{"line":47,"column":27}},"loc":{"start":{"line":48,"column":2},"end":{"line":111,"column":null}},"line":48},"8":{"name":"(anonymous_8)","decl":{"start":{"line":76,"column":10},"end":{"line":76,"column":15}},"loc":{"start":{"line":77,"column":10},"end":{"line":88,"column":null}},"line":77},"9":{"name":"(anonymous_9)","decl":{"start":{"line":77,"column":29},"end":{"line":77,"column":44}},"loc":{"start":{"line":77,"column":44},"end":{"line":77,"column":58}},"line":77},"10":{"name":"(anonymous_10)","decl":{"start":{"line":82,"column":12},"end":{"line":82,"column":26}},"loc":{"start":{"line":82,"column":31},"end":{"line":82,"column":null}},"line":82},"11":{"name":"(anonymous_11)","decl":{"start":{"line":83,"column":12},"end":{"line":83,"column":26}},"loc":{"start":{"line":83,"column":31},"end":{"line":83,"column":null}},"line":83},"12":{"name":"(anonymous_12)","decl":{"start":{"line":92,"column":14},"end":{"line":92,"column":29}},"loc":{"start":{"line":92,"column":29},"end":{"line":92,"column":46}},"line":92},"13":{"name":"(anonymous_13)","decl":{"start":{"line":96,"column":8},"end":{"line":96,"column":22}},"loc":{"start":{"line":96,"column":27},"end":{"line":96,"column":null}},"line":96},"14":{"name":"(anonymous_14)","decl":{"start":{"line":97,"column":8},"end":{"line":97,"column":22}},"loc":{"start":{"line":97,"column":27},"end":{"line":97,"column":null}},"line":97},"15":{"name":"(anonymous_15)","decl":{"start":{"line":115,"column":6},"end":{"line":115,"column":24}},"loc":{"start":{"line":115,"column":24},"end":{"line":199,"column":null}},"line":115},"16":{"name":"(anonymous_16)","decl":{"start":{"line":123,"column":26},"end":{"line":123,"column":40}},"loc":{"start":{"line":123,"column":40},"end":{"line":123,"column":68}},"line":123},"17":{"name":"(anonymous_17)","decl":{"start":{"line":128,"column":17},"end":{"line":128,"column":30}},"loc":{"start":{"line":128,"column":36},"end":{"line":128,"column":null}},"line":128},"18":{"name":"(anonymous_18)","decl":{"start":{"line":162,"column":85},"end":{"line":162,"column":104}},"loc":{"start":{"line":162,"column":104},"end":{"line":162,"column":126}},"line":162},"19":{"name":"(anonymous_19)","decl":{"start":{"line":163,"column":85},"end":{"line":163,"column":104}},"loc":{"start":{"line":163,"column":104},"end":{"line":163,"column":126}},"line":163},"20":{"name":"(anonymous_20)","decl":{"start":{"line":164,"column":52},"end":{"line":164,"column":71}},"loc":{"start":{"line":164,"column":71},"end":{"line":164,"column":89}},"line":164},"21":{"name":"(anonymous_21)","decl":{"start":{"line":190,"column":20},"end":{"line":190,"column":35}},"loc":{"start":{"line":190,"column":35},"end":{"line":190,"column":56}},"line":190},"22":{"name":"(anonymous_22)","decl":{"start":{"line":191,"column":20},"end":{"line":191,"column":35}},"loc":{"start":{"line":191,"column":35},"end":{"line":191,"column":63}},"line":191},"23":{"name":"(anonymous_23)","decl":{"start":{"line":192,"column":20},"end":{"line":192,"column":35}},"loc":{"start":{"line":192,"column":35},"end":{"line":192,"column":62}},"line":192},"24":{"name":"(anonymous_24)","decl":{"start":{"line":203,"column":6},"end":{"line":203,"column":null}},"loc":{"start":{"line":204,"column":2},"end":{"line":208,"column":null}},"line":204},"25":{"name":"App","decl":{"start":{"line":212,"column":24},"end":{"line":212,"column":30}},"loc":{"start":{"line":212,"column":30},"end":{"line":222,"column":null}},"line":212}},"branchMap":{"0":{"loc":{"start":{"line":19,"column":4},"end":{"line":19,"column":null}},"type":"if","locations":[{"start":{"line":19,"column":4},"end":{"line":19,"column":null}},{"start":{},"end":{}}],"line":19},"1":{"loc":{"start":{"line":28,"column":13},"end":{"line":28,"column":null}},"type":"binary-expr","locations":[{"start":{"line":28,"column":13},"end":{"line":28,"column":42}},{"start":{"line":28,"column":42},"end":{"line":28,"column":null}}],"line":28},"2":{"loc":{"start":{"line":122,"column":2},"end":{"line":123,"column":null}},"type":"if","locations":[{"start":{"line":122,"column":2},"end":{"line":123,"column":null}},{"start":{},"end":{}}],"line":122},"3":{"loc":{"start":{"line":127,"column":2},"end":{"line":128,"column":null}},"type":"if","locations":[{"start":{"line":127,"column":2},"end":{"line":128,"column":null}},{"start":{},"end":{}}],"line":127},"4":{"loc":{"start":{"line":127,"column":6},"end":{"line":127,"column":36}},"type":"binary-expr","locations":[{"start":{"line":127,"column":6},"end":{"line":127,"column":29}},{"start":{"line":127,"column":29},"end":{"line":127,"column":36}}],"line":127},"5":{"loc":{"start":{"line":131,"column":2},"end":{"line":136,"column":null}},"type":"if","locations":[{"start":{"line":131,"column":2},"end":{"line":136,"column":null}},{"start":{},"end":{}}],"line":131},"6":{"loc":{"start":{"line":141,"column":2},"end":{"line":147,"column":null}},"type":"if","locations":[{"start":{"line":141,"column":2},"end":{"line":147,"column":null}},{"start":{},"end":{}}],"line":141},"7":{"loc":{"start":{"line":141,"column":6},"end":{"line":141,"column":24}},"type":"binary-expr","locations":[{"start":{"line":141,"column":6},"end":{"line":141,"column":14}},{"start":{"line":141,"column":14},"end":{"line":141,"column":24}}],"line":141},"8":{"loc":{"start":{"line":153,"column":2},"end":{"line":170,"column":null}},"type":"if","locations":[{"start":{"line":153,"column":2},"end":{"line":170,"column":null}},{"start":{},"end":{}}],"line":153},"9":{"loc":{"start":{"line":153,"column":6},"end":{"line":153,"column":23}},"type":"binary-expr","locations":[{"start":{"line":153,"column":6},"end":{"line":153,"column":14}},{"start":{"line":153,"column":14},"end":{"line":153,"column":23}}],"line":153},"10":{"loc":{"start":{"line":156,"column":4},"end":{"line":165,"column":null}},"type":"if","locations":[{"start":{"line":156,"column":4},"end":{"line":165,"column":null}},{"start":{},"end":{}}],"line":156},"11":{"loc":{"start":{"line":157,"column":6},"end":{"line":158,"column":null}},"type":"if","locations":[{"start":{"line":157,"column":6},"end":{"line":158,"column":null}},{"start":{},"end":{}}],"line":157},"12":{"loc":{"start":{"line":162,"column":11},"end":{"line":162,"column":null}},"type":"binary-expr","locations":[{"start":{"line":162,"column":11},"end":{"line":162,"column":42}},{"start":{"line":162,"column":42},"end":{"line":162,"column":null}}],"line":162},"13":{"loc":{"start":{"line":163,"column":11},"end":{"line":163,"column":null}},"type":"binary-expr","locations":[{"start":{"line":163,"column":11},"end":{"line":163,"column":42}},{"start":{"line":163,"column":42},"end":{"line":163,"column":null}}],"line":163},"14":{"loc":{"start":{"line":164,"column":11},"end":{"line":164,"column":null}},"type":"binary-expr","locations":[{"start":{"line":164,"column":11},"end":{"line":164,"column":42}},{"start":{"line":164,"column":42},"end":{"line":164,"column":null}}],"line":164},"15":{"loc":{"start":{"line":169,"column":4},"end":{"line":169,"column":null}},"type":"if","locations":[{"start":{"line":169,"column":4},"end":{"line":169,"column":null}},{"start":{},"end":{}}],"line":169},"16":{"loc":{"start":{"line":170,"column":4},"end":{"line":170,"column":null}},"type":"if","locations":[{"start":{"line":170,"column":4},"end":{"line":170,"column":null}},{"start":{},"end":{}}],"line":170},"17":{"loc":{"start":{"line":174,"column":2},"end":{"line":175,"column":null}},"type":"if","locations":[{"start":{"line":174,"column":2},"end":{"line":175,"column":null}},{"start":{},"end":{}}],"line":174},"18":{"loc":{"start":{"line":174,"column":6},"end":{"line":174,"column":92}},"type":"binary-expr","locations":[{"start":{"line":174,"column":6},"end":{"line":174,"column":31}},{"start":{"line":174,"column":31},"end":{"line":174,"column":63}},{"start":{"line":174,"column":63},"end":{"line":174,"column":92}}],"line":174}},"s":{"0":18,"1":18,"2":0,"3":18,"4":18,"5":0,"6":0,"7":0,"8":1,"9":1,"10":1,"11":1,"12":1,"13":1,"14":1,"15":7,"16":14,"17":2,"18":0,"19":0,"20":0,"21":0,"22":1,"23":0,"24":0,"25":1,"26":28,"27":28,"28":28,"29":28,"30":28,"31":1,"32":0,"33":27,"34":0,"35":0,"36":0,"37":27,"38":27,"39":26,"40":1,"41":25,"42":15,"43":11,"44":7,"45":4,"46":0,"47":0,"48":0,"49":4,"50":4,"51":2,"52":2,"53":10,"54":3,"55":7,"56":1,"57":0,"58":0,"59":1,"60":3,"61":18},"f":{"0":18,"1":1,"2":18,"3":0,"4":1,"5":1,"6":1,"7":7,"8":14,"9":2,"10":0,"11":0,"12":1,"13":0,"14":0,"15":28,"16":0,"17":0,"18":0,"19":0,"20":0,"21":1,"22":0,"23":0,"24":3,"25":18},"b":{"0":[18,0],"1":[0,0],"2":[1,27],"3":[0,27],"4":[27,0],"5":[1,26],"6":[1,25],"7":[26,16],"8":[15,10],"9":[25,15],"10":[11,4],"11":[7,4],"12":[4,1],"13":[11,1],"14":[11,2],"15":[2,2],"16":[2,0],"17":[3,7],"18":[10,7,7]},"meta":{"lastBranch":19,"lastFunction":26,"lastStatement":62,"seen":{"f:11:2:11:14":0,"s:12:4:12:Infinity":0,"s:13:4:13:Infinity":1,"f:15:9:15:34":1,"s:16:4:16:Infinity":2,"f:18:2:18:11":2,"b:19:4:19:Infinity:undefined:undefined:undefined:undefined":0,"s:19:4:19:Infinity":3,"s:19:30:19:Infinity":4,"s:20:4:35:Infinity":5,"b:28:13:28:42:28:42:28:Infinity":1,"f:31:12:31:27":3,"s:31:29:31:78":6,"s:31:78:31:Infinity":7,"s:42:23:42:Infinity":8,"f:42:29:42:40":4,"s:42:40:42:Infinity":9,"s:43:23:43:Infinity":10,"f:43:29:43:40":5,"s:43:40:43:Infinity":11,"s:44:23:44:Infinity":12,"f:44:29:44:40":6,"s:44:40:44:Infinity":13,"s:47:6:111:Infinity":14,"f:47:6:47:27":7,"s:48:2:111:Infinity":15,"f:76:10:76:15":8,"s:77:10:88:Infinity":16,"f:77:29:77:44":9,"s:77:44:77:58":17,"f:82:12:82:26":10,"s:82:33:82:90":18,"s:82:90:82:Infinity":19,"f:83:12:83:26":11,"s:83:33:83:93":20,"s:83:93:83:Infinity":21,"f:92:14:92:29":12,"s:92:29:92:46":22,"f:96:8:96:22":13,"s:96:29:96:Infinity":23,"f:97:8:97:22":14,"s:97:29:97:Infinity":24,"s:115:6:199:Infinity":25,"f:115:6:115:24":15,"s:116:76:116:96":26,"s:117:38:117:58":27,"s:118:36:118:56":28,"s:119:56:119:77":29,"b:122:2:123:Infinity:undefined:undefined:undefined:undefined":2,"s:122:2:123:Infinity":30,"s:123:4:123:Infinity":31,"f:123:26:123:40":16,"s:123:40:123:68":32,"b:127:2:128:Infinity:undefined:undefined:undefined:undefined":3,"s:127:2:128:Infinity":33,"b:127:6:127:29:127:29:127:36":4,"s:128:4:128:Infinity":34,"f:128:17:128:30":17,"s:128:38:128:69":35,"s:128:69:128:91":36,"b:131:2:136:Infinity:undefined:undefined:undefined:undefined":5,"s:131:2:136:Infinity":37,"s:131:15:136:Infinity":38,"b:141:2:147:Infinity:undefined:undefined:undefined:undefined":6,"s:141:2:147:Infinity":39,"b:141:6:141:14:141:14:141:24":7,"s:142:4:147:Infinity":40,"b:153:2:170:Infinity:undefined:undefined:undefined:undefined":8,"s:153:2:170:Infinity":41,"b:153:6:153:14:153:14:153:23":9,"b:156:4:165:Infinity:undefined:undefined:undefined:undefined":10,"s:156:4:165:Infinity":42,"b:157:6:158:Infinity:undefined:undefined:undefined:undefined":11,"s:157:6:158:Infinity":43,"s:158:8:158:Infinity":44,"s:160:6:165:Infinity":45,"b:162:11:162:42:162:42:162:Infinity":12,"f:162:85:162:104":18,"s:162:104:162:126":46,"b:163:11:163:42:163:42:163:Infinity":13,"f:163:85:163:104":19,"s:163:104:163:126":47,"b:164:11:164:42:164:42:164:Infinity":14,"f:164:52:164:71":20,"s:164:71:164:89":48,"b:169:4:169:Infinity:undefined:undefined:undefined:undefined":15,"s:169:4:169:Infinity":49,"s:169:19:169:Infinity":50,"b:170:4:170:Infinity:undefined:undefined:undefined:undefined":16,"s:170:4:170:Infinity":51,"s:170:19:170:Infinity":52,"b:174:2:175:Infinity:undefined:undefined:undefined:undefined":17,"s:174:2:175:Infinity":53,"b:174:6:174:31:174:31:174:63:174:63:174:92":18,"s:175:4:175:Infinity":54,"s:179:2:199:Infinity":55,"f:190:20:190:35":21,"s:190:35:190:56":56,"f:191:20:191:35":22,"s:191:35:191:63":57,"f:192:20:192:35":23,"s:192:35:192:62":58,"s:203:6:208:Infinity":59,"f:203:6:203:Infinity":24,"s:204:2:208:Infinity":60,"f:212:24:212:30":25,"s:213:2:222:Infinity":61}}}
,"C:\\Users\\samsam\\Downloads\\tempo-app-v4_1\\tempo-app\\src\\components\\AnimatedCounter.jsx": {"path":"C:\\Users\\samsam\\Downloads\\tempo-app-v4_1\\tempo-app\\src\\components\\AnimatedCounter.jsx","statementMap":{"0":{"start":{"line":5,"column":8},"end":{"line":5,"column":26}},"1":{"start":{"line":6,"column":8},"end":{"line":6,"column":62}},"2":{"start":{"line":7,"column":8},"end":{"line":7,"column":39}},"3":{"start":{"line":8,"column":18},"end":{"line":8,"column":43}},"4":{"start":{"line":10,"column":2},"end":{"line":18,"column":null}},"5":{"start":{"line":11,"column":4},"end":{"line":11,"column":null}},"6":{"start":{"line":11,"column":19},"end":{"line":11,"column":null}},"7":{"start":{"line":12,"column":10},"end":{"line":16,"column":6}},"8":{"start":{"line":15,"column":23},"end":{"line":15,"column":null}},"9":{"start":{"line":17,"column":4},"end":{"line":17,"column":null}},"10":{"start":{"line":17,"column":17},"end":{"line":17,"column":32}},"11":{"start":{"line":20,"column":2},"end":{"line":22,"column":null}}},"fnMap":{"0":{"name":"AnimatedCounter","decl":{"start":{"line":4,"column":24},"end":{"line":4,"column":40}},"loc":{"start":{"line":4,"column":105},"end":{"line":22,"column":null}},"line":4},"1":{"name":"(anonymous_1)","decl":{"start":{"line":10,"column":2},"end":{"line":10,"column":18}},"loc":{"start":{"line":10,"column":18},"end":{"line":18,"column":6}},"line":10},"2":{"name":"(anonymous_2)","decl":{"start":{"line":15,"column":6},"end":{"line":15,"column":17}},"loc":{"start":{"line":15,"column":23},"end":{"line":15,"column":null}},"line":15},"3":{"name":"(anonymous_3)","decl":{"start":{"line":17,"column":4},"end":{"line":17,"column":17}},"loc":{"start":{"line":17,"column":17},"end":{"line":17,"column":32}},"line":17}},"branchMap":{"0":{"loc":{"start":{"line":4,"column":49},"end":{"line":4,"column":62}},"type":"default-arg","locations":[{"start":{"line":4,"column":58},"end":{"line":4,"column":62}}],"line":4},"1":{"loc":{"start":{"line":4,"column":62},"end":{"line":4,"column":75}},"type":"default-arg","locations":[{"start":{"line":4,"column":71},"end":{"line":4,"column":75}}],"line":4},"2":{"loc":{"start":{"line":4,"column":75},"end":{"line":4,"column":91}},"type":"default-arg","locations":[{"start":{"line":4,"column":86},"end":{"line":4,"column":91}}],"line":4},"3":{"loc":{"start":{"line":4,"column":91},"end":{"line":4,"column":101}},"type":"default-arg","locations":[{"start":{"line":4,"column":99},"end":{"line":4,"column":101}}],"line":4},"4":{"loc":{"start":{"line":11,"column":4},"end":{"line":11,"column":null}},"type":"if","locations":[{"start":{"line":11,"column":4},"end":{"line":11,"column":null}},{"start":{},"end":{}}],"line":11}},"s":{"0":13,"1":13,"2":13,"3":13,"4":13,"5":9,"6":0,"7":9,"8":9,"9":9,"10":9,"11":13},"f":{"0":13,"1":9,"2":9,"3":9},"b":{"0":[13],"1":[13],"2":[13],"3":[13],"4":[0,9]},"meta":{"lastBranch":5,"lastFunction":4,"lastStatement":12,"seen":{"f:4:24:4:40":0,"b:4:58:4:62":0,"b:4:71:4:75":1,"b:4:86:4:91":2,"b:4:99:4:101":3,"s:5:8:5:26":0,"s:6:8:6:62":1,"s:7:8:7:39":2,"s:8:18:8:43":3,"s:10:2:18:Infinity":4,"f:10:2:10:18":1,"b:11:4:11:Infinity:undefined:undefined:undefined:undefined":4,"s:11:4:11:Infinity":5,"s:11:19:11:Infinity":6,"s:12:10:16:6":7,"f:15:6:15:17":2,"s:15:23:15:Infinity":8,"s:17:4:17:Infinity":9,"f:17:4:17:17":3,"s:17:17:17:32":10,"s:20:2:22:Infinity":11}}}
,"C:\\Users\\samsam\\Downloads\\tempo-app-v4_1\\tempo-app\\src\\components\\ContractModal.jsx": {"path":"C:\\Users\\samsam\\Downloads\\tempo-app-v4_1\\tempo-app\\src\\components\\ContractModal.jsx","statementMap":{"0":{"start":{"line":5,"column":6},"end":{"line":5,"column":null}},"1":{"start":{"line":5,"column":26},"end":{"line":5,"column":null}},"2":{"start":{"line":8,"column":20},"end":{"line":8,"column":50}},"3":{"start":{"line":9,"column":19},"end":{"line":9,"column":49}},"4":{"start":{"line":10,"column":8},"end":{"line":10,"column":25}},"5":{"start":{"line":12,"column":8},"end":{"line":14,"column":null}},"6":{"start":{"line":13,"column":4},"end":{"line":13,"column":null}},"7":{"start":{"line":13,"column":33},"end":{"line":13,"column":null}},"8":{"start":{"line":14,"column":4},"end":{"line":14,"column":null}},"9":{"start":{"line":18,"column":2},"end":{"line":22,"column":null}},"10":{"start":{"line":19,"column":10},"end":{"line":19,"column":null}},"11":{"start":{"line":19,"column":27},"end":{"line":19,"column":null}},"12":{"start":{"line":19,"column":63},"end":{"line":19,"column":null}},"13":{"start":{"line":20,"column":4},"end":{"line":20,"column":null}},"14":{"start":{"line":21,"column":4},"end":{"line":21,"column":null}},"15":{"start":{"line":21,"column":17},"end":{"line":21,"column":63}},"16":{"start":{"line":24,"column":20},"end":{"line":26,"column":null}},"17":{"start":{"line":28,"column":2},"end":{"line":103,"column":null}},"18":{"start":{"line":54,"column":12},"end":{"line":57,"column":null}},"19":{"start":{"line":82,"column":67},"end":{"line":82,"column":96}}},"fnMap":{"0":{"name":"(anonymous_0)","decl":{"start":{"line":5,"column":6},"end":{"line":5,"column":20}},"loc":{"start":{"line":5,"column":26},"end":{"line":5,"column":null}},"line":5},"1":{"name":"ContractModal","decl":{"start":{"line":7,"column":24},"end":{"line":7,"column":38}},"loc":{"start":{"line":7,"column":100},"end":{"line":103,"column":null}},"line":7},"2":{"name":"(anonymous_2)","decl":{"start":{"line":12,"column":8},"end":{"line":12,"column":27}},"loc":{"start":{"line":12,"column":27},"end":{"line":14,"column":null}},"line":12},"3":{"name":"(anonymous_3)","decl":{"start":{"line":18,"column":2},"end":{"line":18,"column":18}},"loc":{"start":{"line":18,"column":18},"end":{"line":22,"column":6}},"line":18},"4":{"name":"(anonymous_4)","decl":{"start":{"line":19,"column":10},"end":{"line":19,"column":19}},"loc":{"start":{"line":19,"column":25},"end":{"line":19,"column":null}},"line":19},"5":{"name":"(anonymous_5)","decl":{"start":{"line":21,"column":4},"end":{"line":21,"column":17}},"loc":{"start":{"line":21,"column":17},"end":{"line":21,"column":63}},"line":21},"6":{"name":"(anonymous_6)","decl":{"start":{"line":53,"column":12},"end":{"line":53,"column":17}},"loc":{"start":{"line":54,"column":12},"end":{"line":57,"column":null}},"line":54},"7":{"name":"(anonymous_7)","decl":{"start":{"line":82,"column":52},"end":{"line":82,"column":62}},"loc":{"start":{"line":82,"column":67},"end":{"line":82,"column":96}},"line":82}},"branchMap":{"0":{"loc":{"start":{"line":5,"column":26},"end":{"line":5,"column":null}},"type":"cond-expr","locations":[{"start":{"line":5,"column":30},"end":{"line":5,"column":121}},{"start":{"line":5,"column":124},"end":{"line":5,"column":null}}],"line":5},"1":{"loc":{"start":{"line":13,"column":4},"end":{"line":13,"column":null}},"type":"if","locations":[{"start":{"line":13,"column":4},"end":{"line":13,"column":null}},{"start":{},"end":{}}],"line":13},"2":{"loc":{"start":{"line":13,"column":8},"end":{"line":13,"column":33}},"type":"binary-expr","locations":[{"start":{"line":13,"column":8},"end":{"line":13,"column":22}},{"start":{"line":13,"column":22},"end":{"line":13,"column":33}}],"line":13},"3":{"loc":{"start":{"line":19,"column":27},"end":{"line":19,"column":null}},"type":"if","locations":[{"start":{"line":19,"column":27},"end":{"line":19,"column":null}},{"start":{},"end":{}}],"line":19},"4":{"loc":{"start":{"line":19,"column":31},"end":{"line":19,"column":63}},"type":"binary-expr","locations":[{"start":{"line":19,"column":31},"end":{"line":19,"column":53}},{"start":{"line":19,"column":53},"end":{"line":19,"column":63}}],"line":19},"5":{"loc":{"start":{"line":24,"column":20},"end":{"line":26,"column":null}},"type":"cond-expr","locations":[{"start":{"line":25,"column":6},"end":{"line":25,"column":92}},{"start":{"line":26,"column":6},"end":{"line":26,"column":null}}],"line":24},"6":{"loc":{"start":{"line":24,"column":20},"end":{"line":24,"column":null}},"type":"binary-expr","locations":[{"start":{"line":24,"column":20},"end":{"line":24,"column":43}},{"start":{"line":24,"column":43},"end":{"line":24,"column":null}}],"line":24},"7":{"loc":{"start":{"line":25,"column":62},"end":{"line":25,"column":92}},"type":"cond-expr","locations":[{"start":{"line":25,"column":82},"end":{"line":25,"column":89}},{"start":{"line":25,"column":89},"end":{"line":25,"column":92}}],"line":25},"8":{"loc":{"start":{"line":46,"column":27},"end":{"line":46,"column":48}},"type":"binary-expr","locations":[{"start":{"line":46,"column":27},"end":{"line":46,"column":44}},{"start":{"line":46,"column":44},"end":{"line":46,"column":48}}],"line":46},"9":{"loc":{"start":{"line":47,"column":28},"end":{"line":47,"column":105}},"type":"cond-expr","locations":[{"start":{"line":47,"column":37},"end":{"line":47,"column":98}},{"start":{"line":47,"column":101},"end":{"line":47,"column":105}}],"line":47},"10":{"loc":{"start":{"line":47,"column":40},"end":{"line":47,"column":64}},"type":"binary-expr","locations":[{"start":{"line":47,"column":40},"end":{"line":47,"column":61}},{"start":{"line":47,"column":61},"end":{"line":47,"column":64}}],"line":47},"11":{"loc":{"start":{"line":47,"column":67},"end":{"line":47,"column":92}},"type":"binary-expr","locations":[{"start":{"line":47,"column":67},"end":{"line":47,"column":87}},{"start":{"line":47,"column":87},"end":{"line":47,"column":92}}],"line":47},"12":{"loc":{"start":{"line":49,"column":22},"end":{"line":49,"column":90}},"type":"cond-expr","locations":[{"start":{"line":49,"column":44},"end":{"line":49,"column":78}},{"start":{"line":49,"column":78},"end":{"line":49,"column":90}}],"line":49},"13":{"loc":{"start":{"line":51,"column":21},"end":{"line":51,"column":41}},"type":"binary-expr","locations":[{"start":{"line":51,"column":21},"end":{"line":51,"column":37}},{"start":{"line":51,"column":37},"end":{"line":51,"column":41}}],"line":51},"14":{"loc":{"start":{"line":52,"column":16},"end":{"line":52,"column":null}},"type":"cond-expr","locations":[{"start":{"line":52,"column":28},"end":{"line":52,"column":103}},{"start":{"line":52,"column":106},"end":{"line":52,"column":null}}],"line":52},"15":{"loc":{"start":{"line":52,"column":65},"end":{"line":52,"column":102}},"type":"cond-expr","locations":[{"start":{"line":52,"column":85},"end":{"line":52,"column":94}},{"start":{"line":52,"column":94},"end":{"line":52,"column":102}}],"line":52},"16":{"loc":{"start":{"line":71,"column":67},"end":{"line":71,"column":130}},"type":"cond-expr","locations":[{"start":{"line":71,"column":87},"end":{"line":71,"column":106}},{"start":{"line":71,"column":106},"end":{"line":71,"column":130}}],"line":71},"17":{"loc":{"start":{"line":73,"column":9},"end":{"line":75,"column":null}},"type":"binary-expr","locations":[{"start":{"line":73,"column":9},"end":{"line":73,"column":null}},{"start":{"line":74,"column":10},"end":{"line":75,"column":null}}],"line":73},"18":{"loc":{"start":{"line":96,"column":49},"end":{"line":96,"column":null}},"type":"binary-expr","locations":[{"start":{"line":96,"column":49},"end":{"line":96,"column":63}},{"start":{"line":96,"column":63},"end":{"line":96,"column":76}},{"start":{"line":96,"column":76},"end":{"line":96,"column":null}}],"line":96},"19":{"loc":{"start":{"line":97,"column":24},"end":{"line":97,"column":null}},"type":"cond-expr","locations":[{"start":{"line":97,"column":34},"end":{"line":97,"column":57}},{"start":{"line":97,"column":57},"end":{"line":97,"column":null}}],"line":97},"20":{"loc":{"start":{"line":98,"column":162},"end":{"line":98,"column":210}},"type":"cond-expr","locations":[{"start":{"line":98,"column":200},"end":{"line":98,"column":207}},{"start":{"line":98,"column":207},"end":{"line":98,"column":210}}],"line":98},"21":{"loc":{"start":{"line":98,"column":162},"end":{"line":98,"column":200}},"type":"binary-expr","locations":[{"start":{"line":98,"column":162},"end":{"line":98,"column":176}},{"start":{"line":98,"column":176},"end":{"line":98,"column":189}},{"start":{"line":98,"column":189},"end":{"line":98,"column":200}}],"line":98},"22":{"loc":{"start":{"line":98,"column":219},"end":{"line":98,"column":284}},"type":"cond-expr","locations":[{"start":{"line":98,"column":257},"end":{"line":98,"column":273}},{"start":{"line":98,"column":273},"end":{"line":98,"column":284}}],"line":98},"23":{"loc":{"start":{"line":98,"column":219},"end":{"line":98,"column":257}},"type":"binary-expr","locations":[{"start":{"line":98,"column":219},"end":{"line":98,"column":233}},{"start":{"line":98,"column":233},"end":{"line":98,"column":246}},{"start":{"line":98,"column":246},"end":{"line":98,"column":257}}],"line":98},"24":{"loc":{"start":{"line":99,"column":13},"end":{"line":99,"column":null}},"type":"cond-expr","locations":[{"start":{"line":99,"column":23},"end":{"line":99,"column":49}},{"start":{"line":99,"column":49},"end":{"line":99,"column":null}}],"line":99}},"s":{"0":1,"1":30,"2":30,"3":30,"4":30,"5":30,"6":1,"7":0,"8":1,"9":30,"10":23,"11":2,"12":1,"13":23,"14":23,"15":23,"16":30,"17":30,"18":209,"19":3},"f":{"0":30,"1":30,"2":1,"3":23,"4":2,"5":23,"6":209,"7":3},"b":{"0":[30,0],"1":[0,1],"2":[1,1],"3":[1,1],"4":[2,2],"5":[29,1],"6":[30,30],"7":[27,2],"8":[30,1],"9":[30,0],"10":[30,0],"11":[30,0],"12":[29,1],"13":[30,0],"14":[29,1],"15":[27,2],"16":[28,2],"17":[30,6],"18":[30,6,2],"19":[2,28],"20":[28,2],"21":[30,6,2],"22":[28,2],"23":[30,6,2],"24":[2,28]},"meta":{"lastBranch":25,"lastFunction":8,"lastStatement":20,"seen":{"s:5:6:5:Infinity":0,"f:5:6:5:20":0,"s:5:26:5:Infinity":1,"b:5:30:5:121:5:124:5:Infinity":0,"f:7:24:7:38":1,"s:8:20:8:50":2,"s:9:19:9:49":3,"s:10:8:10:25":4,"s:12:8:14:Infinity":5,"f:12:8:12:27":2,"b:13:4:13:Infinity:undefined:undefined:undefined:undefined":1,"s:13:4:13:Infinity":6,"b:13:8:13:22:13:22:13:33":2,"s:13:33:13:Infinity":7,"s:14:4:14:Infinity":8,"s:18:2:22:Infinity":9,"f:18:2:18:18":3,"s:19:10:19:Infinity":10,"f:19:10:19:19":4,"b:19:27:19:Infinity:undefined:undefined:undefined:undefined":3,"s:19:27:19:Infinity":11,"b:19:31:19:53:19:53:19:63":4,"s:19:63:19:Infinity":12,"s:20:4:20:Infinity":13,"s:21:4:21:Infinity":14,"f:21:4:21:17":5,"s:21:17:21:63":15,"s:24:20:26:Infinity":16,"b:25:6:25:92:26:6:26:Infinity":5,"b:24:20:24:43:24:43:24:Infinity":6,"b:25:82:25:89:25:89:25:92":7,"s:28:2:103:Infinity":17,"b:46:27:46:44:46:44:46:48":8,"b:47:37:47:98:47:101:47:105":9,"b:47:40:47:61:47:61:47:64":10,"b:47:67:47:87:47:87:47:92":11,"b:49:44:49:78:49:78:49:90":12,"b:51:21:51:37:51:37:51:41":13,"b:52:28:52:103:52:106:52:Infinity":14,"b:52:85:52:94:52:94:52:102":15,"f:53:12:53:17":6,"s:54:12:57:Infinity":18,"b:71:87:71:106:71:106:71:130":16,"b:73:9:73:Infinity:74:10:75:Infinity":17,"f:82:52:82:62":7,"s:82:67:82:96":19,"b:96:49:96:63:96:63:96:76:96:76:96:Infinity":18,"b:97:34:97:57:97:57:97:Infinity":19,"b:98:200:98:207:98:207:98:210":20,"b:98:162:98:176:98:176:98:189:98:189:98:200":21,"b:98:257:98:273:98:273:98:284":22,"b:98:219:98:233:98:233:98:246:98:246:98:257":23,"b:99:23:99:49:99:49:99:Infinity":24}}}
,"C:\\Users\\samsam\\Downloads\\tempo-app-v4_1\\tempo-app\\src\\components\\MissionsMap.jsx": {"path":"C:\\Users\\samsam\\Downloads\\tempo-app-v4_1\\tempo-app\\src\\components\\MissionsMap.jsx","statementMap":{"0":{"start":{"line":7,"column":0},"end":{"line":7,"column":null}},"1":{"start":{"line":8,"column":0},"end":{"line":12,"column":null}},"2":{"start":{"line":14,"column":20},"end":{"line":26,"column":null}},"3":{"start":{"line":28,"column":23},"end":{"line":28,"column":40}},"4":{"start":{"line":31,"column":2},"end":{"line":31,"column":null}},"5":{"start":{"line":31,"column":34},"end":{"line":31,"column":null}},"6":{"start":{"line":32,"column":2},"end":{"line":32,"column":null}},"7":{"start":{"line":32,"column":56},"end":{"line":32,"column":null}},"8":{"start":{"line":33,"column":8},"end":{"line":33,"column":56}},"9":{"start":{"line":34,"column":2},"end":{"line":34,"column":null}},"10":{"start":{"line":34,"column":25},"end":{"line":34,"column":null}},"11":{"start":{"line":36,"column":2},"end":{"line":37,"column":null}},"12":{"start":{"line":37,"column":4},"end":{"line":37,"column":null}},"13":{"start":{"line":37,"column":50},"end":{"line":37,"column":null}},"14":{"start":{"line":39,"column":2},"end":{"line":39,"column":null}},"15":{"start":{"line":42,"column":6},"end":{"line":42,"column":null}},"16":{"start":{"line":42,"column":26},"end":{"line":42,"column":null}},"17":{"start":{"line":45,"column":19},"end":{"line":45,"column":104}},"18":{"start":{"line":45,"column":38},"end":{"line":45,"column":81}},"19":{"start":{"line":45,"column":94},"end":{"line":45,"column":104}},"20":{"start":{"line":47,"column":2},"end":{"line":52,"column":null}},"21":{"start":{"line":48,"column":4},"end":{"line":52,"column":null}},"22":{"start":{"line":57,"column":2},"end":{"line":94,"column":null}},"23":{"start":{"line":65,"column":10},"end":{"line":91,"column":null}},"24":{"start":{"line":79,"column":41},"end":{"line":79,"column":59}},"25":{"start":{"line":83,"column":41},"end":{"line":83,"column":51}}},"fnMap":{"0":{"name":"getCoordsForMission","decl":{"start":{"line":30,"column":9},"end":{"line":30,"column":29}},"loc":{"start":{"line":30,"column":38},"end":{"line":39,"column":null}},"line":30},"1":{"name":"(anonymous_1)","decl":{"start":{"line":42,"column":6},"end":{"line":42,"column":20}},"loc":{"start":{"line":42,"column":26},"end":{"line":42,"column":null}},"line":42},"2":{"name":"MissionsMap","decl":{"start":{"line":44,"column":24},"end":{"line":44,"column":36}},"loc":{"start":{"line":44,"column":88},"end":{"line":94,"column":null}},"line":44},"3":{"name":"(anonymous_3)","decl":{"start":{"line":45,"column":28},"end":{"line":45,"column":32}},"loc":{"start":{"line":45,"column":38},"end":{"line":45,"column":81}},"line":45},"4":{"name":"(anonymous_4)","decl":{"start":{"line":45,"column":82},"end":{"line":45,"column":89}},"loc":{"start":{"line":45,"column":94},"end":{"line":45,"column":104}},"line":45},"5":{"name":"(anonymous_5)","decl":{"start":{"line":64,"column":18},"end":{"line":64,"column":22}},"loc":{"start":{"line":65,"column":10},"end":{"line":91,"column":null}},"line":65},"6":{"name":"(anonymous_6)","decl":{"start":{"line":79,"column":26},"end":{"line":79,"column":41}},"loc":{"start":{"line":79,"column":41},"end":{"line":79,"column":59}},"line":79},"7":{"name":"(anonymous_7)","decl":{"start":{"line":83,"column":26},"end":{"line":83,"column":41}},"loc":{"start":{"line":83,"column":41},"end":{"line":83,"column":51}},"line":83}},"branchMap":{"0":{"loc":{"start":{"line":31,"column":2},"end":{"line":31,"column":null}},"type":"if","locations":[{"start":{"line":31,"column":2},"end":{"line":31,"column":null}},{"start":{},"end":{}}],"line":31},"1":{"loc":{"start":{"line":31,"column":6},"end":{"line":31,"column":34}},"type":"binary-expr","locations":[{"start":{"line":31,"column":6},"end":{"line":31,"column":21}},{"start":{"line":31,"column":21},"end":{"line":31,"column":34}}],"line":31},"2":{"loc":{"start":{"line":32,"column":2},"end":{"line":32,"column":null}},"type":"if","locations":[{"start":{"line":32,"column":2},"end":{"line":32,"column":null}},{"start":{},"end":{}}],"line":32},"3":{"loc":{"start":{"line":32,"column":6},"end":{"line":32,"column":56}},"type":"binary-expr","locations":[{"start":{"line":32,"column":6},"end":{"line":32,"column":32}},{"start":{"line":32,"column":32},"end":{"line":32,"column":56}}],"line":32},"4":{"loc":{"start":{"line":33,"column":16},"end":{"line":33,"column":36}},"type":"binary-expr","locations":[{"start":{"line":33,"column":16},"end":{"line":33,"column":32}},{"start":{"line":33,"column":32},"end":{"line":33,"column":36}}],"line":33},"5":{"loc":{"start":{"line":34,"column":2},"end":{"line":34,"column":null}},"type":"if","locations":[{"start":{"line":34,"column":2},"end":{"line":34,"column":null}},{"start":{},"end":{}}],"line":34},"6":{"loc":{"start":{"line":37,"column":4},"end":{"line":37,"column":null}},"type":"if","locations":[{"start":{"line":37,"column":4},"end":{"line":37,"column":null}},{"start":{},"end":{}}],"line":37},"7":{"loc":{"start":{"line":37,"column":8},"end":{"line":37,"column":48}},"type":"binary-expr","locations":[{"start":{"line":37,"column":8},"end":{"line":37,"column":26}},{"start":{"line":37,"column":30},"end":{"line":37,"column":48}}],"line":37},"8":{"loc":{"start":{"line":42,"column":26},"end":{"line":42,"column":null}},"type":"cond-expr","locations":[{"start":{"line":42,"column":30},"end":{"line":42,"column":105}},{"start":{"line":42,"column":108},"end":{"line":42,"column":null}}],"line":42},"9":{"loc":{"start":{"line":47,"column":2},"end":{"line":52,"column":null}},"type":"if","locations":[{"start":{"line":47,"column":2},"end":{"line":52,"column":null}},{"start":{},"end":{}}],"line":47},"10":{"loc":{"start":{"line":72,"column":19},"end":{"line":72,"column":null}},"type":"cond-expr","locations":[{"start":{"line":72,"column":35},"end":{"line":72,"column":60}},{"start":{"line":72,"column":60},"end":{"line":72,"column":null}}],"line":72},"11":{"loc":{"start":{"line":73,"column":19},"end":{"line":73,"column":null}},"type":"cond-expr","locations":[{"start":{"line":73,"column":34},"end":{"line":73,"column":69}},{"start":{"line":73,"column":69},"end":{"line":73,"column":null}}],"line":73},"12":{"loc":{"start":{"line":75,"column":17},"end":{"line":76,"column":null}},"type":"binary-expr","locations":[{"start":{"line":75,"column":17},"end":{"line":75,"column":null}},{"start":{"line":76,"column":18},"end":{"line":76,"column":null}}],"line":75},"13":{"loc":{"start":{"line":85,"column":84},"end":{"line":85,"column":126}},"type":"cond-expr","locations":[{"start":{"line":85,"column":103},"end":{"line":85,"column":115}},{"start":{"line":85,"column":115},"end":{"line":85,"column":126}}],"line":85},"14":{"loc":{"start":{"line":85,"column":133},"end":{"line":85,"column":172}},"type":"cond-expr","locations":[{"start":{"line":85,"column":152},"end":{"line":85,"column":164}},{"start":{"line":85,"column":164},"end":{"line":85,"column":172}}],"line":85},"15":{"loc":{"start":{"line":85,"column":213},"end":{"line":85,"column":255}},"type":"cond-expr","locations":[{"start":{"line":85,"column":232},"end":{"line":85,"column":244}},{"start":{"line":85,"column":244},"end":{"line":85,"column":255}}],"line":85},"16":{"loc":{"start":{"line":86,"column":21},"end":{"line":86,"column":null}},"type":"cond-expr","locations":[{"start":{"line":86,"column":40},"end":{"line":86,"column":54}},{"start":{"line":86,"column":54},"end":{"line":86,"column":null}}],"line":86}},"s":{"0":1,"1":1,"2":1,"3":1,"4":21,"5":1,"6":20,"7":0,"8":20,"9":21,"10":18,"11":2,"12":64,"13":0,"14":2,"15":1,"16":0,"17":16,"18":21,"19":21,"20":16,"21":2,"22":14,"23":19,"24":1,"25":1},"f":{"0":21,"1":0,"2":16,"3":21,"4":21,"5":19,"6":1,"7":1},"b":{"0":[1,20],"1":[21,1],"2":[0,20],"3":[20,0],"4":[20,0],"5":[18,3],"6":[0,64],"7":[64,64],"8":[0,0],"9":[2,14],"10":[1,18],"11":[0,19],"12":[19,0],"13":[1,18],"14":[1,18],"15":[1,18],"16":[1,18]},"meta":{"lastBranch":17,"lastFunction":8,"lastStatement":26,"seen":{"s:7:0:7:Infinity":0,"s:8:0:12:Infinity":1,"s:14:20:26:Infinity":2,"s:28:23:28:40":3,"f:30:9:30:29":0,"b:31:2:31:Infinity:undefined:undefined:undefined:undefined":0,"s:31:2:31:Infinity":4,"b:31:6:31:21:31:21:31:34":1,"s:31:34:31:Infinity":5,"b:32:2:32:Infinity:undefined:undefined:undefined:undefined":2,"s:32:2:32:Infinity":6,"b:32:6:32:32:32:32:32:56":3,"s:32:56:32:Infinity":7,"s:33:8:33:56":8,"b:33:16:33:32:33:32:33:36":4,"b:34:2:34:Infinity:undefined:undefined:undefined:undefined":5,"s:34:2:34:Infinity":9,"s:34:25:34:Infinity":10,"s:36:2:37:Infinity":11,"b:37:4:37:Infinity:undefined:undefined:undefined:undefined":6,"s:37:4:37:Infinity":12,"b:37:8:37:26:37:30:37:48":7,"s:37:50:37:Infinity":13,"s:39:2:39:Infinity":14,"s:42:6:42:Infinity":15,"f:42:6:42:20":1,"s:42:26:42:Infinity":16,"b:42:30:42:105:42:108:42:Infinity":8,"f:44:24:44:36":2,"s:45:19:45:104":17,"f:45:28:45:32":3,"s:45:38:45:81":18,"f:45:82:45:89":4,"s:45:94:45:104":19,"b:47:2:52:Infinity:undefined:undefined:undefined:undefined":9,"s:47:2:52:Infinity":20,"s:48:4:52:Infinity":21,"s:57:2:94:Infinity":22,"f:64:18:64:22":5,"s:65:10:91:Infinity":23,"b:72:35:72:60:72:60:72:Infinity":10,"b:73:34:73:69:73:69:73:Infinity":11,"b:75:17:75:Infinity:76:18:76:Infinity":12,"f:79:26:79:41":6,"s:79:41:79:59":24,"f:83:26:83:41":7,"s:83:41:83:51":25,"b:85:103:85:115:85:115:85:126":13,"b:85:152:85:164:85:164:85:172":14,"b:85:232:85:244:85:244:85:255":15,"b:86:40:86:54:86:54:86:Infinity":16}}}
,"C:\\Users\\samsam\\Downloads\\tempo-app-v4_1\\tempo-app\\src\\components\\RatingModal.jsx": {"path":"C:\\Users\\samsam\\Downloads\\tempo-app-v4_1\\tempo-app\\src\\components\\RatingModal.jsx","statementMap":{"0":{"start":{"line":5,"column":28},"end":{"line":5,"column":45}},"1":{"start":{"line":6,"column":28},"end":{"line":6,"column":45}},"2":{"start":{"line":7,"column":32},"end":{"line":7,"column":50}},"3":{"start":{"line":8,"column":8},"end":{"line":8,"column":25}},"4":{"start":{"line":11,"column":2},"end":{"line":15,"column":null}},"5":{"start":{"line":12,"column":10},"end":{"line":12,"column":null}},"6":{"start":{"line":12,"column":27},"end":{"line":12,"column":null}},"7":{"start":{"line":12,"column":63},"end":{"line":12,"column":null}},"8":{"start":{"line":13,"column":4},"end":{"line":13,"column":null}},"9":{"start":{"line":14,"column":4},"end":{"line":14,"column":null}},"10":{"start":{"line":14,"column":17},"end":{"line":14,"column":63}},"11":{"start":{"line":17,"column":2},"end":{"line":70,"column":null}},"12":{"start":{"line":29,"column":12},"end":{"line":39,"column":null}},"13":{"start":{"line":33,"column":29},"end":{"line":33,"column":40}},"14":{"start":{"line":34,"column":34},"end":{"line":34,"column":45}},"15":{"start":{"line":35,"column":34},"end":{"line":35,"column":45}},"16":{"start":{"line":54,"column":25},"end":{"line":54,"column":null}},"17":{"start":{"line":64,"column":27},"end":{"line":64,"column":51}}},"fnMap":{"0":{"name":"RatingModal","decl":{"start":{"line":4,"column":24},"end":{"line":4,"column":36}},"loc":{"start":{"line":4,"column":79},"end":{"line":70,"column":null}},"line":4},"1":{"name":"(anonymous_1)","decl":{"start":{"line":11,"column":2},"end":{"line":11,"column":18}},"loc":{"start":{"line":11,"column":18},"end":{"line":15,"column":6}},"line":11},"2":{"name":"(anonymous_2)","decl":{"start":{"line":12,"column":10},"end":{"line":12,"column":19}},"loc":{"start":{"line":12,"column":25},"end":{"line":12,"column":null}},"line":12},"3":{"name":"(anonymous_3)","decl":{"start":{"line":14,"column":4},"end":{"line":14,"column":17}},"loc":{"start":{"line":14,"column":17},"end":{"line":14,"column":63}},"line":14},"4":{"name":"(anonymous_4)","decl":{"start":{"line":28,"column":23},"end":{"line":28,"column":27}},"loc":{"start":{"line":29,"column":12},"end":{"line":39,"column":null}},"line":29},"5":{"name":"(anonymous_5)","decl":{"start":{"line":33,"column":14},"end":{"line":33,"column":29}},"loc":{"start":{"line":33,"column":29},"end":{"line":33,"column":40}},"line":33},"6":{"name":"(anonymous_6)","decl":{"start":{"line":34,"column":14},"end":{"line":34,"column":34}},"loc":{"start":{"line":34,"column":34},"end":{"line":34,"column":45}},"line":34},"7":{"name":"(anonymous_7)","decl":{"start":{"line":35,"column":14},"end":{"line":35,"column":34}},"loc":{"start":{"line":35,"column":34},"end":{"line":35,"column":45}},"line":35},"8":{"name":"(anonymous_8)","decl":{"start":{"line":54,"column":10},"end":{"line":54,"column":20}},"loc":{"start":{"line":54,"column":25},"end":{"line":54,"column":null}},"line":54},"9":{"name":"(anonymous_9)","decl":{"start":{"line":64,"column":12},"end":{"line":64,"column":27}},"loc":{"start":{"line":64,"column":27},"end":{"line":64,"column":51}},"line":64}},"branchMap":{"0":{"loc":{"start":{"line":12,"column":27},"end":{"line":12,"column":null}},"type":"if","locations":[{"start":{"line":12,"column":27},"end":{"line":12,"column":null}},{"start":{},"end":{}}],"line":12},"1":{"loc":{"start":{"line":12,"column":31},"end":{"line":12,"column":63}},"type":"binary-expr","locations":[{"start":{"line":12,"column":31},"end":{"line":12,"column":53}},{"start":{"line":12,"column":53},"end":{"line":12,"column":63}}],"line":12},"2":{"loc":{"start":{"line":31,"column":40},"end":{"line":31,"column":57}},"type":"cond-expr","locations":[{"start":{"line":31,"column":48},"end":{"line":31,"column":54}},{"start":{"line":31,"column":54},"end":{"line":31,"column":57}}],"line":31},"3":{"loc":{"start":{"line":36,"column":95},"end":{"line":36,"column":146}},"type":"cond-expr","locations":[{"start":{"line":36,"column":119},"end":{"line":36,"column":133}},{"start":{"line":36,"column":133},"end":{"line":36,"column":146}}],"line":36},"4":{"loc":{"start":{"line":36,"column":101},"end":{"line":36,"column":119}},"type":"binary-expr","locations":[{"start":{"line":36,"column":101},"end":{"line":36,"column":110}},{"start":{"line":36,"column":110},"end":{"line":36,"column":119}}],"line":36},"5":{"loc":{"start":{"line":42,"column":10},"end":{"line":45,"column":null}},"type":"binary-expr","locations":[{"start":{"line":42,"column":10},"end":{"line":42,"column":null}},{"start":{"line":43,"column":10},"end":{"line":45,"column":null}}],"line":42},"6":{"loc":{"start":{"line":42,"column":10},"end":{"line":42,"column":28}},"type":"binary-expr","locations":[{"start":{"line":42,"column":10},"end":{"line":42,"column":19}},{"start":{"line":42,"column":19},"end":{"line":42,"column":28}}],"line":42},"7":{"loc":{"start":{"line":44,"column":25},"end":{"line":44,"column":null}},"type":"binary-expr","locations":[{"start":{"line":44,"column":25},"end":{"line":44,"column":34}},{"start":{"line":44,"column":34},"end":{"line":44,"column":null}}],"line":44},"8":{"loc":{"start":{"line":61,"column":22},"end":{"line":61,"column":null}},"type":"binary-expr","locations":[{"start":{"line":61,"column":22},"end":{"line":61,"column":32}},{"start":{"line":61,"column":32},"end":{"line":61,"column":null}}],"line":61},"9":{"loc":{"start":{"line":62,"column":27},"end":{"line":62,"column":null}},"type":"binary-expr","locations":[{"start":{"line":62,"column":27},"end":{"line":62,"column":37}},{"start":{"line":62,"column":37},"end":{"line":62,"column":null}}],"line":62},"10":{"loc":{"start":{"line":63,"column":19},"end":{"line":63,"column":null}},"type":"cond-expr","locations":[{"start":{"line":63,"column":28},"end":{"line":63,"column":71}},{"start":{"line":63,"column":71},"end":{"line":63,"column":null}}],"line":63},"11":{"loc":{"start":{"line":66,"column":13},"end":{"line":66,"column":null}},"type":"cond-expr","locations":[{"start":{"line":66,"column":23},"end":{"line":66,"column":36}},{"start":{"line":66,"column":36},"end":{"line":66,"column":null}}],"line":66}},"s":{"0":23,"1":23,"2":23,"3":23,"4":23,"5":15,"6":2,"7":1,"8":15,"9":15,"10":15,"11":23,"12":115,"13":4,"14":2,"15":1,"16":1,"17":2},"f":{"0":23,"1":15,"2":2,"3":15,"4":115,"5":4,"6":2,"7":1,"8":1,"9":2},"b":{"0":[1,1],"1":[2,2],"2":[92,23],"3":[21,94],"4":[115,105],"5":[23,7],"6":[23,21],"7":[7,5],"8":[23,5],"9":[23,5],"10":[18,5],"11":[3,20]},"meta":{"lastBranch":12,"lastFunction":10,"lastStatement":18,"seen":{"f:4:24:4:36":0,"s:5:28:5:45":0,"s:6:28:6:45":1,"s:7:32:7:50":2,"s:8:8:8:25":3,"s:11:2:15:Infinity":4,"f:11:2:11:18":1,"s:12:10:12:Infinity":5,"f:12:10:12:19":2,"b:12:27:12:Infinity:undefined:undefined:undefined:undefined":0,"s:12:27:12:Infinity":6,"b:12:31:12:53:12:53:12:63":1,"s:12:63:12:Infinity":7,"s:13:4:13:Infinity":8,"s:14:4:14:Infinity":9,"f:14:4:14:17":3,"s:14:17:14:63":10,"s:17:2:70:Infinity":11,"f:28:23:28:27":4,"s:29:12:39:Infinity":12,"b:31:48:31:54:31:54:31:57":2,"f:33:14:33:29":5,"s:33:29:33:40":13,"f:34:14:34:34":6,"s:34:34:34:45":14,"f:35:14:35:34":7,"s:35:34:35:45":15,"b:36:119:36:133:36:133:36:146":3,"b:36:101:36:110:36:110:36:119":4,"b:42:10:42:Infinity:43:10:45:Infinity":5,"b:42:10:42:19:42:19:42:28":6,"b:44:25:44:34:44:34:44:Infinity":7,"f:54:10:54:20":8,"s:54:25:54:Infinity":16,"b:61:22:61:32:61:32:61:Infinity":8,"b:62:27:62:37:62:37:62:Infinity":9,"b:63:28:63:71:63:71:63:Infinity":10,"f:64:12:64:27":9,"s:64:27:64:51":17,"b:66:23:66:36:66:36:66:Infinity":11}}}
,"C:\\Users\\samsam\\Downloads\\tempo-app-v4_1\\tempo-app\\src\\components\\SignatureCanvas.jsx": {"path":"C:\\Users\\samsam\\Downloads\\tempo-app-v4_1\\tempo-app\\src\\components\\SignatureCanvas.jsx","statementMap":{"0":{"start":{"line":4,"column":8},"end":{"line":4,"column":32}},"1":{"start":{"line":5,"column":18},"end":{"line":5,"column":47}},"2":{"start":{"line":6,"column":19},"end":{"line":6,"column":49}},"3":{"start":{"line":8,"column":2},"end":{"line":15,"column":null}},"4":{"start":{"line":9,"column":19},"end":{"line":9,"column":null}},"5":{"start":{"line":10,"column":4},"end":{"line":10,"column":null}},"6":{"start":{"line":10,"column":17},"end":{"line":10,"column":null}},"7":{"start":{"line":11,"column":16},"end":{"line":11,"column":39}},"8":{"start":{"line":12,"column":4},"end":{"line":12,"column":null}},"9":{"start":{"line":13,"column":4},"end":{"line":13,"column":null}},"10":{"start":{"line":14,"column":4},"end":{"line":14,"column":null}},"11":{"start":{"line":17,"column":8},"end":{"line":24,"column":null}},"12":{"start":{"line":18,"column":19},"end":{"line":18,"column":null}},"13":{"start":{"line":19,"column":17},"end":{"line":19,"column":47}},"14":{"start":{"line":20,"column":19},"end":{"line":20,"column":null}},"15":{"start":{"line":21,"column":19},"end":{"line":21,"column":null}},"16":{"start":{"line":22,"column":20},"end":{"line":22,"column":null}},"17":{"start":{"line":23,"column":20},"end":{"line":23,"column":null}},"18":{"start":{"line":24,"column":4},"end":{"line":24,"column":null}},"19":{"start":{"line":27,"column":8},"end":{"line":33,"column":null}},"20":{"start":{"line":28,"column":4},"end":{"line":28,"column":null}},"21":{"start":{"line":29,"column":4},"end":{"line":29,"column":null}},"22":{"start":{"line":30,"column":16},"end":{"line":30,"column":50}},"23":{"start":{"line":31,"column":16},"end":{"line":31,"column":25}},"24":{"start":{"line":32,"column":4},"end":{"line":32,"column":null}},"25":{"start":{"line":33,"column":4},"end":{"line":33,"column":null}},"26":{"start":{"line":36,"column":8},"end":{"line":43,"column":null}},"27":{"start":{"line":37,"column":4},"end":{"line":37,"column":null}},"28":{"start":{"line":37,"column":18},"end":{"line":37,"column":null}},"29":{"start":{"line":38,"column":4},"end":{"line":38,"column":null}},"30":{"start":{"line":39,"column":16},"end":{"line":39,"column":50}},"31":{"start":{"line":40,"column":16},"end":{"line":40,"column":25}},"32":{"start":{"line":41,"column":4},"end":{"line":41,"column":null}},"33":{"start":{"line":42,"column":4},"end":{"line":42,"column":null}},"34":{"start":{"line":43,"column":4},"end":{"line":43,"column":null}},"35":{"start":{"line":46,"column":8},"end":{"line":46,"column":38}},"36":{"start":{"line":46,"column":21},"end":{"line":46,"column":38}},"37":{"start":{"line":48,"column":8},"end":{"line":52,"column":null}},"38":{"start":{"line":49,"column":19},"end":{"line":49,"column":null}},"39":{"start":{"line":50,"column":16},"end":{"line":50,"column":39}},"40":{"start":{"line":51,"column":4},"end":{"line":51,"column":null}},"41":{"start":{"line":52,"column":4},"end":{"line":52,"column":null}},"42":{"start":{"line":55,"column":8},"end":{"line":63,"column":null}},"43":{"start":{"line":56,"column":4},"end":{"line":56,"column":null}},"44":{"start":{"line":56,"column":19},"end":{"line":56,"column":null}},"45":{"start":{"line":57,"column":20},"end":{"line":57,"column":66}},"46":{"start":{"line":59,"column":4},"end":{"line":61,"column":null}},"47":{"start":{"line":60,"column":6},"end":{"line":60,"column":null}},"48":{"start":{"line":61,"column":6},"end":{"line":61,"column":null}},"49":{"start":{"line":63,"column":4},"end":{"line":63,"column":null}},"50":{"start":{"line":66,"column":2},"end":{"line":116,"column":null}}},"fnMap":{"0":{"name":"SignatureCanvas","decl":{"start":{"line":3,"column":24},"end":{"line":3,"column":40}},"loc":{"start":{"line":3,"column":73},"end":{"line":116,"column":null}},"line":3},"1":{"name":"(anonymous_1)","decl":{"start":{"line":8,"column":2},"end":{"line":8,"column":18}},"loc":{"start":{"line":8,"column":18},"end":{"line":15,"column":7}},"line":8},"2":{"name":"(anonymous_2)","decl":{"start":{"line":17,"column":8},"end":{"line":17,"column":18}},"loc":{"start":{"line":17,"column":24},"end":{"line":24,"column":null}},"line":17},"3":{"name":"(anonymous_3)","decl":{"start":{"line":27,"column":8},"end":{"line":27,"column":17}},"loc":{"start":{"line":27,"column":23},"end":{"line":33,"column":null}},"line":27},"4":{"name":"(anonymous_4)","decl":{"start":{"line":36,"column":8},"end":{"line":36,"column":16}},"loc":{"start":{"line":36,"column":22},"end":{"line":43,"column":null}},"line":36},"5":{"name":"(anonymous_5)","decl":{"start":{"line":46,"column":8},"end":{"line":46,"column":21}},"loc":{"start":{"line":46,"column":21},"end":{"line":46,"column":38}},"line":46},"6":{"name":"(anonymous_6)","decl":{"start":{"line":48,"column":8},"end":{"line":48,"column":22}},"loc":{"start":{"line":48,"column":22},"end":{"line":52,"column":null}},"line":48},"7":{"name":"(anonymous_7)","decl":{"start":{"line":55,"column":8},"end":{"line":55,"column":21}},"loc":{"start":{"line":55,"column":21},"end":{"line":63,"column":null}},"line":55}},"branchMap":{"0":{"loc":{"start":{"line":3,"column":50},"end":{"line":3,"column":73}},"type":"default-arg","locations":[{"start":{"line":3,"column":58},"end":{"line":3,"column":73}}],"line":3},"1":{"loc":{"start":{"line":10,"column":4},"end":{"line":10,"column":null}},"type":"if","locations":[{"start":{"line":10,"column":4},"end":{"line":10,"column":null}},{"start":{},"end":{}}],"line":10},"2":{"loc":{"start":{"line":22,"column":20},"end":{"line":22,"column":null}},"type":"cond-expr","locations":[{"start":{"line":22,"column":32},"end":{"line":22,"column":55}},{"start":{"line":22,"column":55},"end":{"line":22,"column":null}}],"line":22},"3":{"loc":{"start":{"line":23,"column":20},"end":{"line":23,"column":null}},"type":"cond-expr","locations":[{"start":{"line":23,"column":32},"end":{"line":23,"column":55}},{"start":{"line":23,"column":55},"end":{"line":23,"column":null}}],"line":23},"4":{"loc":{"start":{"line":37,"column":4},"end":{"line":37,"column":null}},"type":"if","locations":[{"start":{"line":37,"column":4},"end":{"line":37,"column":null}},{"start":{},"end":{}}],"line":37},"5":{"loc":{"start":{"line":56,"column":4},"end":{"line":56,"column":null}},"type":"if","locations":[{"start":{"line":56,"column":4},"end":{"line":56,"column":null}},{"start":{},"end":{}}],"line":56},"6":{"loc":{"start":{"line":59,"column":4},"end":{"line":61,"column":null}},"type":"if","locations":[{"start":{"line":59,"column":4},"end":{"line":61,"column":null}},{"start":{},"end":{}}],"line":59},"7":{"loc":{"start":{"line":97,"column":7},"end":{"line":100,"column":null}},"type":"binary-expr","locations":[{"start":{"line":97,"column":7},"end":{"line":97,"column":null}},{"start":{"line":98,"column":8},"end":{"line":100,"column":null}}],"line":97},"8":{"loc":{"start":{"line":110,"column":22},"end":{"line":110,"column":null}},"type":"cond-expr","locations":[{"start":{"line":110,"column":33},"end":{"line":110,"column":58}},{"start":{"line":110,"column":58},"end":{"line":110,"column":null}}],"line":110},"9":{"loc":{"start":{"line":111,"column":99},"end":{"line":111,"column":137}},"type":"cond-expr","locations":[{"start":{"line":111,"column":110},"end":{"line":111,"column":124}},{"start":{"line":111,"column":124},"end":{"line":111,"column":137}}],"line":111},"10":{"loc":{"start":{"line":111,"column":144},"end":{"line":111,"column":177}},"type":"cond-expr","locations":[{"start":{"line":111,"column":155},"end":{"line":111,"column":164}},{"start":{"line":111,"column":164},"end":{"line":111,"column":177}}],"line":111},"11":{"loc":{"start":{"line":111,"column":185},"end":{"line":111,"column":219}},"type":"cond-expr","locations":[{"start":{"line":111,"column":196},"end":{"line":111,"column":208}},{"start":{"line":111,"column":208},"end":{"line":111,"column":219}}],"line":111}},"s":{"0":30,"1":30,"2":30,"3":30,"4":12,"5":12,"6":0,"7":12,"8":12,"9":12,"10":12,"11":30,"12":11,"13":11,"14":11,"15":11,"16":11,"17":11,"18":11,"19":30,"20":6,"21":6,"22":6,"23":6,"24":6,"25":6,"26":30,"27":6,"28":1,"29":5,"30":5,"31":5,"32":5,"33":5,"34":5,"35":30,"36":6,"37":30,"38":1,"39":1,"40":1,"41":1,"42":30,"43":2,"44":0,"45":2,"46":2,"47":1,"48":1,"49":1,"50":30},"f":{"0":30,"1":12,"2":11,"3":6,"4":6,"5":6,"6":1,"7":2},"b":{"0":[30],"1":[0,12],"2":[0,11],"3":[0,11],"4":[1,5],"5":[0,2],"6":[1,1],"7":[30,10],"8":[10,20],"9":[10,20],"10":[10,20],"11":[10,20]},"meta":{"lastBranch":12,"lastFunction":8,"lastStatement":51,"seen":{"f:3:24:3:40":0,"b:3:58:3:73":0,"s:4:8:4:32":0,"s:5:18:5:47":1,"s:6:19:6:49":2,"s:8:2:15:Infinity":3,"f:8:2:8:18":1,"s:9:19:9:Infinity":4,"b:10:4:10:Infinity:undefined:undefined:undefined:undefined":1,"s:10:4:10:Infinity":5,"s:10:17:10:Infinity":6,"s:11:16:11:39":7,"s:12:4:12:Infinity":8,"s:13:4:13:Infinity":9,"s:14:4:14:Infinity":10,"s:17:8:24:Infinity":11,"f:17:8:17:18":2,"s:18:19:18:Infinity":12,"s:19:17:19:47":13,"s:20:19:20:Infinity":14,"s:21:19:21:Infinity":15,"s:22:20:22:Infinity":16,"b:22:32:22:55:22:55:22:Infinity":2,"s:23:20:23:Infinity":17,"b:23:32:23:55:23:55:23:Infinity":3,"s:24:4:24:Infinity":18,"s:27:8:33:Infinity":19,"f:27:8:27:17":3,"s:28:4:28:Infinity":20,"s:29:4:29:Infinity":21,"s:30:16:30:50":22,"s:31:16:31:25":23,"s:32:4:32:Infinity":24,"s:33:4:33:Infinity":25,"s:36:8:43:Infinity":26,"f:36:8:36:16":4,"b:37:4:37:Infinity:undefined:undefined:undefined:undefined":4,"s:37:4:37:Infinity":27,"s:37:18:37:Infinity":28,"s:38:4:38:Infinity":29,"s:39:16:39:50":30,"s:40:16:40:25":31,"s:41:4:41:Infinity":32,"s:42:4:42:Infinity":33,"s:43:4:43:Infinity":34,"s:46:8:46:38":35,"f:46:8:46:21":5,"s:46:21:46:38":36,"s:48:8:52:Infinity":37,"f:48:8:48:22":6,"s:49:19:49:Infinity":38,"s:50:16:50:39":39,"s:51:4:51:Infinity":40,"s:52:4:52:Infinity":41,"s:55:8:63:Infinity":42,"f:55:8:55:21":7,"b:56:4:56:Infinity:undefined:undefined:undefined:undefined":5,"s:56:4:56:Infinity":43,"s:56:19:56:Infinity":44,"s:57:20:57:66":45,"b:59:4:61:Infinity:undefined:undefined:undefined:undefined":6,"s:59:4:61:Infinity":46,"s:60:6:60:Infinity":47,"s:61:6:61:Infinity":48,"s:63:4:63:Infinity":49,"s:66:2:116:Infinity":50,"b:97:7:97:Infinity:98:8:100:Infinity":7,"b:110:33:110:58:110:58:110:Infinity":8,"b:111:110:111:124:111:124:111:137":9,"b:111:155:111:164:111:164:111:177":10,"b:111:196:111:208:111:208:111:219":11}}}
,"C:\\Users\\samsam\\Downloads\\tempo-app-v4_1\\tempo-app\\src\\contexts\\AuthContext.jsx": {"path":"C:\\Users\\samsam\\Downloads\\tempo-app-v4_1\\tempo-app\\src\\contexts\\AuthContext.jsx","statementMap":{"0":{"start":{"line":4,"column":13},"end":{"line":4,"column":46}},"1":{"start":{"line":7,"column":13},"end":{"line":156,"column":null}},"2":{"start":{"line":8,"column":15},"end":{"line":8,"column":52}},"3":{"start":{"line":9,"column":18},"end":{"line":9,"column":52}},"4":{"start":{"line":10,"column":19},"end":{"line":10,"column":52}},"5":{"start":{"line":11,"column":18},"end":{"line":11,"column":52}},"6":{"start":{"line":12,"column":21},"end":{"line":12,"column":53}},"7":{"start":{"line":13,"column":8},"end":{"line":13,"column":34}},"8":{"start":{"line":16,"column":8},"end":{"line":38,"column":8}},"9":{"start":{"line":17,"column":4},"end":{"line":36,"column":null}},"10":{"start":{"line":18,"column":36},"end":{"line":22,"column":22}},"11":{"start":{"line":24,"column":6},"end":{"line":24,"column":null}},"12":{"start":{"line":24,"column":26},"end":{"line":24,"column":null}},"13":{"start":{"line":26,"column":6},"end":{"line":26,"column":null}},"14":{"start":{"line":28,"column":6},"end":{"line":33,"column":null}},"15":{"start":{"line":29,"column":25},"end":{"line":29,"column":98}},"16":{"start":{"line":30,"column":8},"end":{"line":30,"column":null}},"17":{"start":{"line":31,"column":17},"end":{"line":33,"column":null}},"18":{"start":{"line":32,"column":25},"end":{"line":32,"column":100}},"19":{"start":{"line":33,"column":8},"end":{"line":33,"column":null}},"20":{"start":{"line":36,"column":6},"end":{"line":36,"column":null}},"21":{"start":{"line":41,"column":2},"end":{"line":75,"column":null}},"22":{"start":{"line":42,"column":39},"end":{"line":72,"column":null}},"23":{"start":{"line":43,"column":6},"end":{"line":47,"column":null}},"24":{"start":{"line":44,"column":8},"end":{"line":44,"column":null}},"25":{"start":{"line":45,"column":8},"end":{"line":45,"column":null}},"26":{"start":{"line":46,"column":8},"end":{"line":46,"column":null}},"27":{"start":{"line":47,"column":8},"end":{"line":47,"column":null}},"28":{"start":{"line":50,"column":6},"end":{"line":51,"column":null}},"29":{"start":{"line":51,"column":8},"end":{"line":51,"column":null}},"30":{"start":{"line":54,"column":6},"end":{"line":58,"column":null}},"31":{"start":{"line":55,"column":8},"end":{"line":55,"column":null}},"32":{"start":{"line":56,"column":8},"end":{"line":56,"column":null}},"33":{"start":{"line":58,"column":8},"end":{"line":58,"column":null}},"34":{"start":{"line":58,"column":27},"end":{"line":58,"column":null}},"35":{"start":{"line":61,"column":6},"end":{"line":68,"column":null}},"36":{"start":{"line":62,"column":8},"end":{"line":62,"column":null}},"37":{"start":{"line":63,"column":8},"end":{"line":63,"column":null}},"38":{"start":{"line":64,"column":8},"end":{"line":64,"column":null}},"39":{"start":{"line":65,"column":8},"end":{"line":65,"column":null}},"40":{"start":{"line":66,"column":8},"end":{"line":66,"column":null}},"41":{"start":{"line":67,"column":8},"end":{"line":67,"column":null}},"42":{"start":{"line":68,"column":8},"end":{"line":68,"column":null}},"43":{"start":{"line":71,"column":6},"end":{"line":71,"column":null}},"44":{"start":{"line":74,"column":4},"end":{"line":74,"column":null}},"45":{"start":{"line":74,"column":17},"end":{"line":74,"column":43}},"46":{"start":{"line":84,"column":2},"end":{"line":95,"column":null}},"47":{"start":{"line":85,"column":4},"end":{"line":85,"column":null}},"48":{"start":{"line":85,"column":15},"end":{"line":85,"column":null}},"49":{"start":{"line":87,"column":20},"end":{"line":87,"column":null}},"50":{"start":{"line":88,"column":16},"end":{"line":90,"column":null}},"51":{"start":{"line":89,"column":6},"end":{"line":89,"column":null}},"52":{"start":{"line":90,"column":6},"end":{"line":90,"column":null}},"53":{"start":{"line":90,"column":22},"end":{"line":90,"column":null}},"54":{"start":{"line":93,"column":4},"end":{"line":93,"column":null}},"55":{"start":{"line":94,"column":4},"end":{"line":94,"column":null}},"56":{"start":{"line":94,"column":19},"end":{"line":94,"column":null}},"57":{"start":{"line":98,"column":2},"end":{"line":104,"column":null}},"58":{"start":{"line":99,"column":4},"end":{"line":103,"column":null}},"59":{"start":{"line":100,"column":6},"end":{"line":100,"column":null}},"60":{"start":{"line":101,"column":6},"end":{"line":101,"column":null}},"61":{"start":{"line":101,"column":26},"end":{"line":101,"column":null}},"62":{"start":{"line":103,"column":19},"end":{"line":103,"column":36}},"63":{"start":{"line":106,"column":19},"end":{"line":114,"column":null}},"64":{"start":{"line":107,"column":4},"end":{"line":114,"column":null}},"65":{"start":{"line":108,"column":30},"end":{"line":111,"column":8}},"66":{"start":{"line":112,"column":6},"end":{"line":112,"column":null}},"67":{"start":{"line":114,"column":6},"end":{"line":114,"column":null}},"68":{"start":{"line":118,"column":16},"end":{"line":123,"column":null}},"69":{"start":{"line":119,"column":4},"end":{"line":123,"column":null}},"70":{"start":{"line":120,"column":30},"end":{"line":120,"column":89}},"71":{"start":{"line":121,"column":6},"end":{"line":121,"column":null}},"72":{"start":{"line":123,"column":6},"end":{"line":123,"column":null}},"73":{"start":{"line":127,"column":17},"end":{"line":138,"column":null}},"74":{"start":{"line":129,"column":22},"end":{"line":129,"column":83}},"75":{"start":{"line":129,"column":60},"end":{"line":129,"column":82}},"76":{"start":{"line":130,"column":4},"end":{"line":130,"column":null}},"77":{"start":{"line":130,"column":27},"end":{"line":130,"column":53}},"78":{"start":{"line":131,"column":4},"end":{"line":138,"column":null}},"79":{"start":{"line":132,"column":6},"end":{"line":132,"column":null}},"80":{"start":{"line":134,"column":6},"end":{"line":134,"column":null}},"81":{"start":{"line":136,"column":6},"end":{"line":136,"column":null}},"82":{"start":{"line":137,"column":6},"end":{"line":137,"column":null}},"83":{"start":{"line":138,"column":6},"end":{"line":138,"column":null}},"84":{"start":{"line":142,"column":26},"end":{"line":143,"column":null}},"85":{"start":{"line":143,"column":4},"end":{"line":143,"column":null}},"86":{"start":{"line":143,"column":14},"end":{"line":143,"column":null}},"87":{"start":{"line":146,"column":2},"end":{"line":156,"column":null}}},"fnMap":{"0":{"name":"(anonymous_0)","decl":{"start":{"line":7,"column":13},"end":{"line":7,"column":29}},"loc":{"start":{"line":7,"column":46},"end":{"line":156,"column":null}},"line":7},"1":{"name":"(anonymous_1)","decl":{"start":{"line":16,"column":34},"end":{"line":16,"column":41}},"loc":{"start":{"line":16,"column":52},"end":{"line":38,"column":7}},"line":16},"2":{"name":"(anonymous_2)","decl":{"start":{"line":41,"column":2},"end":{"line":41,"column":18}},"loc":{"start":{"line":41,"column":18},"end":{"line":75,"column":7}},"line":41},"3":{"name":"(anonymous_3)","decl":{"start":{"line":42,"column":53},"end":{"line":42,"column":72}},"loc":{"start":{"line":42,"column":91},"end":{"line":72,"column":null}},"line":42},"4":{"name":"(anonymous_4)","decl":{"start":{"line":74,"column":4},"end":{"line":74,"column":17}},"loc":{"start":{"line":74,"column":17},"end":{"line":74,"column":43}},"line":74},"5":{"name":"(anonymous_5)","decl":{"start":{"line":84,"column":2},"end":{"line":84,"column":18}},"loc":{"start":{"line":84,"column":18},"end":{"line":95,"column":6}},"line":84},"6":{"name":"(anonymous_6)","decl":{"start":{"line":88,"column":16},"end":{"line":88,"column":28}},"loc":{"start":{"line":88,"column":28},"end":{"line":90,"column":null}},"line":88},"7":{"name":"(anonymous_7)","decl":{"start":{"line":94,"column":4},"end":{"line":94,"column":17}},"loc":{"start":{"line":94,"column":17},"end":{"line":94,"column":null}},"line":94},"8":{"name":"(anonymous_8)","decl":{"start":{"line":98,"column":2},"end":{"line":98,"column":18}},"loc":{"start":{"line":98,"column":18},"end":{"line":104,"column":7}},"line":98},"9":{"name":"(anonymous_9)","decl":{"start":{"line":99,"column":31},"end":{"line":99,"column":37}},"loc":{"start":{"line":99,"column":63},"end":{"line":103,"column":7}},"line":99},"10":{"name":"(anonymous_10)","decl":{"start":{"line":103,"column":7},"end":{"line":103,"column":19}},"loc":{"start":{"line":103,"column":19},"end":{"line":103,"column":36}},"line":103},"11":{"name":"(anonymous_11)","decl":{"start":{"line":106,"column":19},"end":{"line":106,"column":26}},"loc":{"start":{"line":106,"column":90},"end":{"line":114,"column":null}},"line":106},"12":{"name":"(anonymous_12)","decl":{"start":{"line":118,"column":16},"end":{"line":118,"column":23}},"loc":{"start":{"line":118,"column":47},"end":{"line":123,"column":null}},"line":118},"13":{"name":"(anonymous_13)","decl":{"start":{"line":127,"column":17},"end":{"line":127,"column":29}},"loc":{"start":{"line":127,"column":29},"end":{"line":138,"column":null}},"line":127},"14":{"name":"(anonymous_14)","decl":{"start":{"line":129,"column":48},"end":{"line":129,"column":55}},"loc":{"start":{"line":129,"column":60},"end":{"line":129,"column":82}},"line":129},"15":{"name":"(anonymous_15)","decl":{"start":{"line":130,"column":14},"end":{"line":130,"column":22}},"loc":{"start":{"line":130,"column":27},"end":{"line":130,"column":53}},"line":130},"16":{"name":"(anonymous_16)","decl":{"start":{"line":142,"column":26},"end":{"line":142,"column":38}},"loc":{"start":{"line":142,"column":38},"end":{"line":143,"column":null}},"line":142}},"branchMap":{"0":{"loc":{"start":{"line":24,"column":6},"end":{"line":24,"column":null}},"type":"if","locations":[{"start":{"line":24,"column":6},"end":{"line":24,"column":null}},{"start":{},"end":{}}],"line":24},"1":{"loc":{"start":{"line":24,"column":10},"end":{"line":24,"column":26}},"type":"binary-expr","locations":[{"start":{"line":24,"column":10},"end":{"line":24,"column":19}},{"start":{"line":24,"column":19},"end":{"line":24,"column":26}}],"line":24},"2":{"loc":{"start":{"line":28,"column":6},"end":{"line":33,"column":null}},"type":"if","locations":[{"start":{"line":28,"column":6},"end":{"line":33,"column":null}},{"start":{"line":31,"column":17},"end":{"line":33,"column":null}}],"line":28},"3":{"loc":{"start":{"line":30,"column":20},"end":{"line":30,"column":33}},"type":"binary-expr","locations":[{"start":{"line":30,"column":20},"end":{"line":30,"column":28}},{"start":{"line":30,"column":28},"end":{"line":30,"column":33}}],"line":30},"4":{"loc":{"start":{"line":31,"column":17},"end":{"line":33,"column":null}},"type":"if","locations":[{"start":{"line":31,"column":17},"end":{"line":33,"column":null}},{"start":{},"end":{}}],"line":31},"5":{"loc":{"start":{"line":33,"column":20},"end":{"line":33,"column":33}},"type":"binary-expr","locations":[{"start":{"line":33,"column":20},"end":{"line":33,"column":28}},{"start":{"line":33,"column":28},"end":{"line":33,"column":33}}],"line":33},"6":{"loc":{"start":{"line":43,"column":6},"end":{"line":47,"column":null}},"type":"if","locations":[{"start":{"line":43,"column":6},"end":{"line":47,"column":null}},{"start":{},"end":{}}],"line":43},"7":{"loc":{"start":{"line":45,"column":16},"end":{"line":45,"column":38}},"type":"binary-expr","locations":[{"start":{"line":45,"column":16},"end":{"line":45,"column":33}},{"start":{"line":45,"column":33},"end":{"line":45,"column":38}}],"line":45},"8":{"loc":{"start":{"line":50,"column":6},"end":{"line":51,"column":null}},"type":"if","locations":[{"start":{"line":50,"column":6},"end":{"line":51,"column":null}},{"start":{},"end":{}}],"line":50},"9":{"loc":{"start":{"line":50,"column":10},"end":{"line":50,"column":55}},"type":"binary-expr","locations":[{"start":{"line":50,"column":10},"end":{"line":50,"column":35}},{"start":{"line":50,"column":35},"end":{"line":50,"column":55}}],"line":50},"10":{"loc":{"start":{"line":54,"column":6},"end":{"line":58,"column":null}},"type":"if","locations":[{"start":{"line":54,"column":6},"end":{"line":58,"column":null}},{"start":{},"end":{}}],"line":54},"11":{"loc":{"start":{"line":58,"column":8},"end":{"line":58,"column":null}},"type":"if","locations":[{"start":{"line":58,"column":8},"end":{"line":58,"column":null}},{"start":{},"end":{}}],"line":58},"12":{"loc":{"start":{"line":61,"column":6},"end":{"line":68,"column":null}},"type":"if","locations":[{"start":{"line":61,"column":6},"end":{"line":68,"column":null}},{"start":{},"end":{}}],"line":61},"13":{"loc":{"start":{"line":71,"column":14},"end":{"line":71,"column":36}},"type":"binary-expr","locations":[{"start":{"line":71,"column":14},"end":{"line":71,"column":31}},{"start":{"line":71,"column":31},"end":{"line":71,"column":36}}],"line":71},"14":{"loc":{"start":{"line":85,"column":4},"end":{"line":85,"column":null}},"type":"if","locations":[{"start":{"line":85,"column":4},"end":{"line":85,"column":null}},{"start":{},"end":{}}],"line":85},"15":{"loc":{"start":{"line":90,"column":6},"end":{"line":90,"column":null}},"type":"if","locations":[{"start":{"line":90,"column":6},"end":{"line":90,"column":null}},{"start":{},"end":{}}],"line":90},"16":{"loc":{"start":{"line":100,"column":14},"end":{"line":100,"column":36}},"type":"binary-expr","locations":[{"start":{"line":100,"column":14},"end":{"line":100,"column":31}},{"start":{"line":100,"column":31},"end":{"line":100,"column":36}}],"line":100},"17":{"loc":{"start":{"line":101,"column":6},"end":{"line":101,"column":null}},"type":"if","locations":[{"start":{"line":101,"column":6},"end":{"line":101,"column":null}},{"start":{},"end":{}}],"line":101},"18":{"loc":{"start":{"line":110,"column":45},"end":{"line":110,"column":62}},"type":"binary-expr","locations":[{"start":{"line":110,"column":45},"end":{"line":110,"column":58}},{"start":{"line":110,"column":58},"end":{"line":110,"column":62}}],"line":110},"19":{"loc":{"start":{"line":110,"column":73},"end":{"line":110,"column":89}},"type":"binary-expr","locations":[{"start":{"line":110,"column":73},"end":{"line":110,"column":85}},{"start":{"line":110,"column":85},"end":{"line":110,"column":89}}],"line":110},"20":{"loc":{"start":{"line":110,"column":103},"end":{"line":110,"column":122}},"type":"binary-expr","locations":[{"start":{"line":110,"column":103},"end":{"line":110,"column":118}},{"start":{"line":110,"column":118},"end":{"line":110,"column":122}}],"line":110},"21":{"loc":{"start":{"line":112,"column":13},"end":{"line":112,"column":null}},"type":"cond-expr","locations":[{"start":{"line":112,"column":21},"end":{"line":112,"column":30}},{"start":{"line":112,"column":33},"end":{"line":112,"column":null}}],"line":112},"22":{"loc":{"start":{"line":143,"column":4},"end":{"line":143,"column":null}},"type":"if","locations":[{"start":{"line":143,"column":4},"end":{"line":143,"column":null}},{"start":{},"end":{}}],"line":143}},"s":{"0":3,"1":3,"2":117,"3":117,"4":117,"5":117,"6":117,"7":117,"8":117,"9":20,"10":20,"11":18,"12":3,"13":15,"14":15,"15":11,"16":11,"17":4,"18":2,"19":2,"20":2,"21":117,"22":39,"23":21,"24":5,"25":5,"26":5,"27":5,"28":16,"29":1,"30":15,"31":2,"32":2,"33":2,"34":2,"35":15,"36":2,"37":2,"38":2,"39":2,"40":2,"41":2,"42":2,"43":13,"44":39,"45":39,"46":117,"47":58,"48":41,"49":17,"50":17,"51":17,"52":17,"53":17,"54":17,"55":17,"56":17,"57":117,"58":39,"59":37,"60":37,"61":36,"62":2,"63":117,"64":6,"65":6,"66":4,"67":2,"68":117,"69":5,"70":5,"71":3,"72":2,"73":117,"74":3,"75":2,"76":3,"77":1,"78":3,"79":3,"80":1,"81":1,"82":1,"83":1,"84":117,"85":3,"86":1,"87":117},"f":{"0":117,"1":20,"2":39,"3":21,"4":39,"5":58,"6":17,"7":17,"8":39,"9":37,"10":2,"11":6,"12":5,"13":3,"14":2,"15":1,"16":3},"b":{"0":[3,15],"1":[18,18],"2":[11,4],"3":[11,0],"4":[2,2],"5":[2,0],"6":[5,16],"7":[5,0],"8":[1,15],"9":[16,12],"10":[2,13],"11":[2,0],"12":[2,13],"13":[13,0],"14":[41,17],"15":[17,0],"16":[37,36],"17":[36,1],"18":[6,5],"19":[6,5],"20":[6,5],"21":[1,3],"22":[1,2]},"meta":{"lastBranch":23,"lastFunction":17,"lastStatement":88,"seen":{"s:4:13:4:46":0,"s:7:13:156:Infinity":1,"f:7:13:7:29":0,"s:8:15:8:52":2,"s:9:18:9:52":3,"s:10:19:10:52":4,"s:11:18:11:52":5,"s:12:21:12:53":6,"s:13:8:13:34":7,"s:16:8:38:8":8,"f:16:34:16:41":1,"s:17:4:36:Infinity":9,"s:18:36:22:22":10,"b:24:6:24:Infinity:undefined:undefined:undefined:undefined":0,"s:24:6:24:Infinity":11,"b:24:10:24:19:24:19:24:26":1,"s:24:26:24:Infinity":12,"s:26:6:26:Infinity":13,"b:28:6:33:Infinity:31:17:33:Infinity":2,"s:28:6:33:Infinity":14,"s:29:25:29:98":15,"s:30:8:30:Infinity":16,"b:30:20:30:28:30:28:30:33":3,"b:31:17:33:Infinity:undefined:undefined:undefined:undefined":4,"s:31:17:33:Infinity":17,"s:32:25:32:100":18,"s:33:8:33:Infinity":19,"b:33:20:33:28:33:28:33:33":5,"s:36:6:36:Infinity":20,"s:41:2:75:Infinity":21,"f:41:2:41:18":2,"s:42:39:72:Infinity":22,"f:42:53:42:72":3,"b:43:6:47:Infinity:undefined:undefined:undefined:undefined":6,"s:43:6:47:Infinity":23,"s:44:8:44:Infinity":24,"s:45:8:45:Infinity":25,"b:45:16:45:33:45:33:45:38":7,"s:46:8:46:Infinity":26,"s:47:8:47:Infinity":27,"b:50:6:51:Infinity:undefined:undefined:undefined:undefined":8,"s:50:6:51:Infinity":28,"b:50:10:50:35:50:35:50:55":9,"s:51:8:51:Infinity":29,"b:54:6:58:Infinity:undefined:undefined:undefined:undefined":10,"s:54:6:58:Infinity":30,"s:55:8:55:Infinity":31,"s:56:8:56:Infinity":32,"b:58:8:58:Infinity:undefined:undefined:undefined:undefined":11,"s:58:8:58:Infinity":33,"s:58:27:58:Infinity":34,"b:61:6:68:Infinity:undefined:undefined:undefined:undefined":12,"s:61:6:68:Infinity":35,"s:62:8:62:Infinity":36,"s:63:8:63:Infinity":37,"s:64:8:64:Infinity":38,"s:65:8:65:Infinity":39,"s:66:8:66:Infinity":40,"s:67:8:67:Infinity":41,"s:68:8:68:Infinity":42,"s:71:6:71:Infinity":43,"b:71:14:71:31:71:31:71:36":13,"s:74:4:74:Infinity":44,"f:74:4:74:17":4,"s:74:17:74:43":45,"s:84:2:95:Infinity":46,"f:84:2:84:18":5,"b:85:4:85:Infinity:undefined:undefined:undefined:undefined":14,"s:85:4:85:Infinity":47,"s:85:15:85:Infinity":48,"s:87:20:87:Infinity":49,"s:88:16:90:Infinity":50,"f:88:16:88:28":6,"s:89:6:89:Infinity":51,"b:90:6:90:Infinity:undefined:undefined:undefined:undefined":15,"s:90:6:90:Infinity":52,"s:90:22:90:Infinity":53,"s:93:4:93:Infinity":54,"s:94:4:94:Infinity":55,"f:94:4:94:17":7,"s:94:19:94:Infinity":56,"s:98:2:104:Infinity":57,"f:98:2:98:18":8,"s:99:4:103:Infinity":58,"f:99:31:99:37":9,"s:100:6:100:Infinity":59,"b:100:14:100:31:100:31:100:36":16,"b:101:6:101:Infinity:undefined:undefined:undefined:undefined":17,"s:101:6:101:Infinity":60,"s:101:26:101:Infinity":61,"f:103:7:103:19":10,"s:103:19:103:36":62,"s:106:19:114:Infinity":63,"f:106:19:106:26":11,"s:107:4:114:Infinity":64,"s:108:30:111:8":65,"b:110:45:110:58:110:58:110:62":18,"b:110:73:110:85:110:85:110:89":19,"b:110:103:110:118:110:118:110:122":20,"s:112:6:112:Infinity":66,"b:112:21:112:30:112:33:112:Infinity":21,"s:114:6:114:Infinity":67,"s:118:16:123:Infinity":68,"f:118:16:118:23":12,"s:119:4:123:Infinity":69,"s:120:30:120:89":70,"s:121:6:121:Infinity":71,"s:123:6:123:Infinity":72,"s:127:17:138:Infinity":73,"f:127:17:127:29":13,"s:129:22:129:83":74,"f:129:48:129:55":14,"s:129:60:129:82":75,"s:130:4:130:Infinity":76,"f:130:14:130:22":15,"s:130:27:130:53":77,"s:131:4:138:Infinity":78,"s:132:6:132:Infinity":79,"s:134:6:134:Infinity":80,"s:136:6:136:Infinity":81,"s:137:6:137:Infinity":82,"s:138:6:138:Infinity":83,"s:142:26:143:Infinity":84,"f:142:26:142:38":16,"b:143:4:143:Infinity:undefined:undefined:undefined:undefined":22,"s:143:4:143:Infinity":85,"s:143:14:143:Infinity":86,"s:146:2:156:Infinity":87}}}
[...]
:20:520:36":395,"s:521:18:521:31":396,"s:522:4:549:Infinity":397,"b:523:85:523:98:523:98:523:104":135,"b:523:38:523:60:523:60:523:85":136,"f:524:8:524:23":90,"s:524:25:524:48":398,"s:524:48:524:Infinity":399,"f:531:20:531:29":91,"s:531:36:531:57":400,"s:531:57:531:Infinity":401,"b:532:34:532:58:532:58:532:Infinity":137,"b:533:90:533:104:533:104:533:117":138,"b:534:29:534:53:534:53:534:Infinity":139,"b:535:54:535:71:535:71:535:83":140,"b:541:12:541:31:541:31:541:33":141,"f:541:46:541:50":92,"s:541:55:541:96":402,"b:542:12:542:34:542:34:542:62:542:62:542:Infinity":142,"b:545:186:545:210:545:210:545:Infinity":143,"b:546:37:546:53:546:53:546:68":144,"f:547:12:547:21":93,"s:547:28:547:49":403,"s:547:49:547:67":404,"b:547:77:547:86:547:86:547:Infinity":145,"b:548:28:548:34:548:34:548:Infinity":146,"b:548:42:548:54:548:54:548:Infinity":147,"b:555:2:560:Infinity:undefined:undefined:undefined:undefined":148,"s:555:2:560:Infinity":405,"s:555:15:560:Infinity":406,"s:564:2:1525:Infinity":407,"b:566:7:566:Infinity:567:8:569:Infinity":149,"b:567:120:567:132:567:132:567:175":150,"b:567:152:567:162:567:162:567:175":151,"b:572:7:572:Infinity:573:8:600:Infinity":152,"f:586:14:586:19":94,"s:587:14:593:Infinity":408,"f:596:14:596:29":95,"s:596:31:596:57":409,"s:596:57:596:110":410,"b:603:7:603:Infinity:604:8:614:Infinity":153,"f:611:12:611:27":96,"s:611:27:611:49":411,"b:616:7:616:Infinity:617:8:622:Infinity":154,"f:621:10:621:25":97,"s:621:25:621:Infinity":412,"b:626:108:626:120:626:120:626:131":155,"b:634:42:634:52:634:52:634:56":156,"b:634:126:634:136:634:136:634:147":157,"b:635:84:635:97:635:97:635:119":158,"f:636:56:636:66":98,"s:636:71:636:100":413,"f:638:18:638:33":99,"s:638:33:638:76":414,"b:638:64:638:71:638:71:638:76":159,"b:639:31:639:38:639:38:639:Infinity":160,"b:641:66:641:91:641:91:641:116":161,"b:642:24:642:45:642:44:642:Infinity":162,"f:644:18:644:33":100,"s:644:35:644:58":415,"b:646:13:646:32:646:32:646:Infinity":163,"f:652:183:652:188":101,"s:653:10:658:Infinity":416,"f:653:26:653:41":102,"s:653:41:653:53":417,"b:653:156:653:168:653:168:653:181":164,"b:653:203:653:207:653:207:653:212":165,"b:653:236:653:258:653:258:653:283":166,"b:655:13:655:30:655:30:655:Infinity:656:14:656:Infinity":167,"b:664:9:664:Infinity:665:10:703:Infinity":168,"b:669:91:669:107:669:107:669:130":169,"b:669:134:669:153:669:153:669:156":170,"b:671:19:671:47:671:47:671:49":171,"b:671:81:671:121:671:122:671:126":172,"f:671:161:671:166":103,"s:672:18:675:Infinity":418,"b:679:13:679:Infinity:680:14:685:Infinity":173,"f:680:196:680:211":104,"s:680:211:680:232":419,"b:682:133:682:137:682:137:682:140":174,"b:682:173:682:177:682:177:682:Infinity":175,"b:689:14:695:Infinity:695:14:701:Infinity":176,"f:698:26:698:41":105,"s:698:41:698:62":420,"f:700:37:700:41":106,"s:700:46:700:79":421,"b:706:9:706:Infinity:707:10:817:Infinity":177,"b:709:139:709:143:709:143:709:146":178,"b:709:183:709:187:709:187:709:Infinity":179,"f:714:36:714:46":107,"s:714:51:714:81":422,"b:715:69:715:74:715:74:715:82":180,"b:717:15:717:30:717:30:717:Infinity":181,"f:717:38:717:53":108,"s:717:53:717:71":423,"f:722:55:722:65":109,"s:722:70:722:95":424,"f:731:22:731:37":110,"s:731:37:731:65":425,"b:732:93:732:119:732:119:732:142":182,"b:732:178:732:194:732:194:732:207":183,"b:732:238:732:254:732:254:732:267":184,"b:733:27:733:52:733:52:733:Infinity":185,"f:735:22:735:37":111,"s:735:37:735:57":426,"b:736:79:736:105:736:105:736:128":186,"b:736:150:736:166:736:166:736:179":187,"b:736:196:736:212:736:212:736:225":188,"b:737:27:737:94:737:94:737:Infinity":189,"b:739:15:739:Infinity:740:16:742:Infinity":190,"f:740:24:740:39":112,"s:740:39:740:59":427,"b:748:13:748:Infinity:749:14:791:Infinity":191,"f:753:97:753:107":113,"s:753:112:753:144":428,"f:757:99:757:109":114,"s:757:114:757:146":429,"f:761:101:761:111":115,"s:761:116:761:152":430,"f:765:103:765:113":116,"s:765:118:765:154":431,"f:771:68:771:78":117,"s:771:83:771:115":432,"f:780:67:780:77":118,"s:780:82:780:113":433,"f:788:24:788:39":119,"s:788:41:788:63":434,"s:788:63:788:85":435,"s:788:85:788:111":436,"s:788:111:788:137":437,"s:788:137:788:163":438,"s:788:163:788:Infinity":439,"f:797:153:797:158":120,"s:798:16:798:Infinity":440,"f:798:32:798:47":121,"s:798:47:798:66":441,"b:798:139:798:163:798:163:798:186":192,"b:798:215:798:229:798:229:798:242":193,"b:798:266:798:280:798:280:798:293":194,"b:798:353:798:357:798:357:798:362":195,"b:802:14:813:33:813:16:815:Infinity":196,"f:805:18:805:36":122,"s:805:44:805:67":442,"s:805:67:805:Infinity":443,"b:810:84:810:90:810:90:810:93":197,"b:814:16:815:33:815:16:815:Infinity":198,"f:815:33:815:37":123,"s:815:42:815:Infinity":444,"b:820:9:820:Infinity:821:10:833:Infinity":199,"b:825:120:825:124:825:124:825:Infinity":200,"f:827:22:827:37":124,"s:827:37:827:58":445,"b:830:16:831:25:831:16:831:109":201,"f:831:25:831:32":125,"s:831:37:831:65":446,"f:831:67:831:71":126,"s:831:76:831:109":447,"b:836:9:836:40:836:40:836:Infinity:837:10:882:Infinity":202,"f:838:20:838:35":127,"s:838:35:838:56":448,"f:842:24:842:39":128,"s:842:39:842:69":449,"b:843:60:843:84:843:84:843:Infinity":203,"b:844:116:844:130:844:130:844:143":204,"b:845:80:845:97:845:97:845:109":205,"f:850:18:850:33":129,"s:850:33:850:106":450,"b:855:15:855:46:855:46:855:Infinity":206,"b:857:18:857:51:857:51:857:53":207,"f:857:55:857:59":130,"s:857:64:857:105":451,"b:858:18:858:50:858:50:858:52":208,"f:858:54:858:58":131,"s:858:63:858:181":452,"b:862:54:862:88:862:88:862:100":209,"b:865:59:865:140:865:140:865:Infinity":210,"f:866:16:866:21":132,"s:867:16:870:Infinity":453,"b:869:62:869:66:869:66:869:71":211,"b:869:95:869:107:869:107:869:120":212,"f:877:67:877:82":133,"s:877:82:877:103":454,"b:878:75:878:105:878:107:878:137":213,"f:878:137:878:152":134,"s:878:152:878:180":455,"b:879:46:879:57:879:57:879:Infinity":214,"b:879:88:879:112:879:112:879:Infinity":215,"b:885:9:885:Infinity:886:10:1000:Infinity":216,"b:888:137:888:143:888:143:888:146":217,"f:892:89:892:96":135,"s:892:99:892:120":456,"f:892:165:892:172":136,"s:892:175:892:197":457,"f:892:241:892:248":137,"s:892:251:892:273":458,"f:892:319:892:326":138,"s:892:329:892:362":459,"f:892:372:892:377":139,"s:893:16:895:Infinity":460,"f:893:32:893:47":140,"s:893:47:893:64":461,"b:893:135:893:159:893:159:893:182":218,"b:893:209:893:223:893:223:893:236":219,"b:893:258:893:272:893:272:893:285":220,"b:893:343:893:347:893:347:893:352":221,"b:894:23:894:32:894:32:894:Infinity":222,"b:900:14:907:Infinity:907:14:996:Infinity":223,"f:904:48:904:63":141,"s:904:63:904:84":462,"f:908:17:908:24":142,"b:909:18:909:Infinity:undefined:undefined:undefined:undefined":224,"s:909:18:909:Infinity":463,"s:909:46:909:Infinity":464,"b:910:18:910:Infinity:undefined:undefined:undefined:undefined":225,"s:910:18:910:Infinity":465,"s:910:51:910:Infinity":466,"s:911:18:911:Infinity":467,"f:913:17:913:21":143,"s:914:26:914:Infinity":468,"s:915:27:915:Infinity":469,"b:915:27:915:53:915:53:915:Infinity":226,"s:916:35:916:Infinity":470,"s:917:36:917:Infinity":471,"s:918:37:918:61":472,"s:919:34:919:Infinity":473,"b:919:69:919:117:919:120:919:Infinity":227,"b:919:34:919:52:919:52:919:69":228,"s:920:16:996:Infinity":474,"b:921:116:921:140:921:140:921:203":229,"b:921:154:921:178:921:178:921:203":230,"b:924:86:924:98:924:98:924:108":231,"b:925:73:925:95:925:95:925:99":232,"b:925:103:925:114:925:114:925:Infinity":233,"b:927:62:927:77:927:77:927:87":234,"b:927:140:927:153:927:153:927:169":235,"b:930:21:930:50:930:50:930:Infinity:931:22:947:Infinity":236,"f:932:123:932:128":144,"s:933:46:933:Infinity":475,"b:933:60:933:64:933:64:933:Infinity":237,"b:933:92:933:96:933:96:933:Infinity":238,"b:933:123:933:127:933:127:933:Infinity":239,"b:933:152:933:156:933:156:933:Infinity":240,"s:934:39:934:Infinity":476,"s:935:26:944:Infinity":477,"b:938:107:938:156:938:156:938:169":241,"b:938:127:938:141:938:141:938:156":242,"b:939:35:939:43:939:43:939:Infinity":243,"b:941:73:941:87:941:87:941:100":244,"b:941:132:941:138:941:138:941:143":245,"b:943:31:943:40:943:40:944:Infinity":246,"b:943:102:943:116:943:116:943:129":247,"b:950:23:950:41:950:41:950:Infinity":248,"b:951:23:951:41:951:41:951:Infinity":249,"b:952:23:952:40:952:40:952:Infinity":250,"b:953:23:953:38:953:38:953:Infinity":251,"b:954:23:954:42:954:42:954:Infinity":252,"b:955:23:955:36:955:36:955:Infinity":253,"b:957:21:957:Infinity:958:22:963:Infinity":254,"f:960:26:960:41":145,"s:960:41:960:63":478,"b:965:21:965:35:965:35:965:Infinity:966:22:979:Infinity":255,"b:968:26:972:27:972:26:977:25":256,"f:973:28:973:43":146,"s:973:43:973:142":479,"b:973:105:973:127:973:127:973:141":257,"f:978:26:978:41":147,"s:978:41:978:127":480,"b:978:50:978:70:978:70:978:85":258,"b:978:85:978:107:978:107:978:121":259,"b:983:21:983:36:983:36:983:Infinity:984:22:989:Infinity":260,"f:986:26:986:41":148,"s:986:41:986:153":481,"b:986:114:986:135:986:135:986:152":261,"b:991:21:991:36:991:36:991:Infinity:992:22:994:Infinity":262,"b:1003:9:1003:Infinity:1004:10:1108:Infinity":263,"b:1009:94:1009:122:1009:122:1009:124":264,"b:1009:152:1009:196:1009:196:1009:201":265,"f:1009:218:1009:223":149,"s:1010:16:1010:Infinity":482,"f:1017:22:1017:Infinity":150,"s:1018:28:1018:38":483,"s:1019:38:1019:Infinity":484,"f:1019:47:1019:54":151,"s:1019:71:1019:93":485,"s:1019:95:1019:177":486,"b:1019:102:1019:133:1019:137:1019:174":266,"s:1020:38:1020:192":487,"f:1020:50:1020:57":152,"s:1020:62:1020:191":488,"b:1020:62:1020:100:1020:100:1020:128:1020:128:1020:191":267,"s:1021:35:1021:142":489,"f:1021:49:1021:57":153,"s:1021:66:1021:138":490,"b:1021:81:1021:98:1021:98:1021:136:1021:136:1021:138":268,"s:1022:33:1022:104":491,"f:1022:47:1022:55":154,"s:1022:64:1022:100":492,"b:1022:79:1022:98:1022:98:1022:100":269,"s:1023:32:1023:Infinity":493,"b:1023:59:1023:175:1023:175:1023:Infinity":270,"f:1023:73:1023:81":155,"s:1023:90:1023:145":494,"b:1023:105:1023:143:1023:143:1023:145":271,"s:1024:16:1040:Infinity":495,"b:1039:89:1039:129:1039:132:1039:142":272,"b:1047:13:1047:43:1047:31:1071:Infinity":273,"f:1047:31:1047:43":156,"s:1048:29:1048:31":496,"s:1049:14:1053:Infinity":497,"f:1049:23:1049:30":157,"s:1049:35:1049:55":498,"f:1049:56:1049:64":158,"s:1050:26:1050:50":499,"s:1051:28:1051:Infinity":500,"s:1052:16:1052:Infinity":501,"b:1052:31:1052:44:1052:44:1052:49":274,"b:1052:60:1052:79:1052:79:1052:81":275,"s:1054:30:1054:69":502,"s:1055:26:1055:64":503,"f:1055:46:1055:50":159,"s:1055:55:1055:60":504,"b:1056:14:1056:Infinity:undefined:undefined:undefined:undefined":276,"s:1056:14:1056:Infinity":505,"s:1056:40:1056:Infinity":506,"s:1057:14:1068:Infinity":507,"f:1061:29:1061:34":160,"s:1062:22:1066:Infinity":508,"b:1074:13:1074:Infinity:1075:14:1084:Infinity":277,"b:1078:144:1078:158:1078:158:1078:215":278,"b:1078:182:1078:194:1078:194:1078:215":279,"b:1084:17:1084:42:1084:42:1084:Infinity":280,"b:1089:16:1090:17:1090:16:1106:Infinity":281,"f:1093:63:1093:67":161,"s:1093:72:1093:Infinity":509,"f:1095:37:1095:42":162,"s:1096:22:1103:Infinity":510,"b:1096:67:1096:79:1096:79:1096:92":282,"b:1101:72:1101:86:1101:86:1101:104":283,"b:1101:147:1101:155:1101:155:1101:175":284,"b:1112:9:1112:34:1112:34:1112:Infinity:1113:10:1143:Infinity":285,"b:1117:14:1122:Infinity:1122:14:1139:Infinity":286,"f:1116:25:1116:32":163,"s:1116:37:1116:134":511,"b:1116:37:1116:64:1116:64:1116:99:1116:99:1116:134":287,"f:1123:17:1123:24":164,"s:1123:29:1123:126":512,"b:1123:29:1123:56:1123:56:1123:91:1123:91:1123:126":288,"f:1124:17:1124:21":165,"s:1125:28:1125:Infinity":513,"s:1126:18:1139:Infinity":514,"f:1128:22:1128:37":166,"s:1128:37:1128:123":515,"b:1128:46:1128:66:1128:66:1128:81":289,"b:1128:81:1128:103:1128:103:1128:117":290,"b:1131:28:1131:48:1131:48:1131:53":291,"b:1134:72:1134:94:1134:94:1134:104":292,"b:1135:75:1135:87:1135:87:1135:97":293,"b:1146:9:1146:30:1146:30:1146:Infinity:1147:10:1172:Infinity":294,"f:1149:22:1149:37":167,"s:1149:39:1149:61":516,"s:1149:61:1149:86":517,"b:1154:16:1155:31:1155:18:1163:Infinity":295,"f:1155:31:1155:36":168,"s:1156:31:1156:Infinity":518,"s:1157:16:1163:Infinity":519,"b:1158:91:1158:104:1158:104:1158:118":296,"b:1159:93:1159:116:1159:116:1159:138":297,"b:1159:159:1159:173:1159:173:1159:186":298,"b:1159:202:1159:211:1159:211:1159:224":299,"b:1158:28:1158:38:1158:38:1158:41":300,"f:1168:88:1168:98":169,"s:1168:103:1168:131":520,"f:1169:16:1169:27":170,"b:1169:34:1169:80:undefined:undefined:undefined:undefined":301,"s:1169:34:1169:80":521,"s:1169:57:1169:80":522,"b:1170:116:1170:130:1170:130:1170:147":302,"b:1171:30:1171:38:1171:38:1171:Infinity":303,"b:1178:9:1178:Infinity:1179:10:1234:Infinity":304,"f:1182:22:1182:37":171,"s:1182:37:1182:58":523,"f:1187:22:1187:Infinity":172,"s:1188:36:1188:69":524,"s:1189:16:1212:Infinity":525,"f:1194:72:1194:82":173,"s:1194:87:1194:119":526,"f:1205:102:1205:112":174,"s:1205:117:1205:149":527,"f:1209:22:1209:37":175,"s:1209:37:1209:121":528,"b:1216:13:1216:Infinity:1217:14:1232:Infinity":305,"f:1219:29:1219:33":176,"s:1220:18:1230:Infinity":529,"b:1223:47:1223:85:1223:85:1223:Infinity":306,"b:1223:47:1223:74:1223:74:1223:85":307,"b:1224:37:1224:61:1224:61:1224:Infinity":308,"b:1225:34:1225:51:1225:51:1225:Infinity":309,"f:1229:28:1229:43":177,"s:1229:43:1229:60":530,"b:1238:9:1238:Infinity:1239:10:1286:Infinity":310,"f:1242:22:1242:37":178,"s:1242:37:1242:56":531,"f:1246:22:1246:Infinity":179,"s:1247:30:1247:40":532,"s:1248:29:1248:48":533,"s:1249:30:1249:46":534,"s:1250:36:1250:74":535,"s:1251:33:1251:66":536,"s:1252:34:1252:103":537,"s:1253:30:1253:32":538,"s:1254:16:1254:Infinity":539,"s:1254:29:1254:32":540,"b:1254:54:1254:58:1254:58:1254:73":311,"s:1254:78:1254:Infinity":541,"s:1255:16:1255:Infinity":542,"s:1255:29:1255:32":543,"s:1255:55:1255:Infinity":544,"s:1256:16:1282:Infinity":545,"f:1260:67:1260:71":180,"s:1261:24:1261:Infinity":546,"f:1263:29:1263:34":181,"b:1264:24:1264:Infinity:undefined:undefined:undefined:undefined":312,"s:1264:24:1264:Infinity":547,"s:1264:40:1264:Infinity":548,"s:1265:40:1265:Infinity":549,"s:1266:42:1266:71":550,"s:1267:39:1267:58":551,"s:1268:40:1268:61":552,"s:1269:24:1273:Infinity":553,"f:1270:42:1270:57":182,"s:1270:57:1270:93":554,"b:1270:57:1270:68:1270:68:1270:93":313,"b:1271:82:1271:106:1271:106:1271:129":314,"b:1271:153:1271:167:1271:167:1271:203":315,"b:1271:176:1271:190:1271:190:1271:203":316,"b:1271:222:1271:231:1271:231:1271:267":317,"b:1271:240:1271:254:1271:254:1271:267":318,"b:1271:302:1271:308:1271:308:1271:313":319,"b:1271:330:1271:342:1271:342:1271:353":320,"f:1280:41:1280:48":183,"s:1280:53:1280:111":555,"b:1289:9:1289:Infinity:1290:10:1423:Infinity":321,"b:1297:19:1297:45:1297:45:1297:Infinity":322,"b:1305:50:1305:74:1305:74:1305:78":323,"f:1305:78:1305:88":184,"s:1305:93:1305:150":556,"f:1305:93:1305:108":185,"s:1305:112:1305:150":557,"b:1307:50:1307:73:1307:73:1307:77":324,"f:1307:77:1307:87":186,"s:1307:92:1307:148":558,"f:1307:92:1307:107":187,"s:1307:111:1307:148":559,"b:1311:50:1311:68:1311:68:1311:72":325,"f:1311:72:1311:82":188,"s:1311:87:1311:134":560,"f:1311:87:1311:102":189,"s:1311:106:1311:134":561,"b:1313:50:1313:69:1313:69:1313:73":326,"f:1313:73:1313:83":190,"s:1313:88:1313:136":562,"f:1313:88:1313:103":191,"s:1313:107:1313:136":563,"b:1318:147:1318:172:1318:172:1318:175":327,"b:1319:61:1319:86:1319:86:1319:Infinity":328,"f:1320:18:1320:28":192,"s:1320:33:1320:95":564,"f:1320:33:1320:48":193,"s:1320:52:1320:95":565,"b:1331:20:1331:40:1331:40:1331:56:1331:56:1331:58":329,"f:1331:60:1331:64":194,"s:1332:20:1337:Infinity":566,"f:1334:30:1334:45":195,"s:1334:45:1334:132":567,"f:1334:45:1334:60":196,"s:1334:66:1334:132":568,"b:1334:81:1334:91:1334:91:1334:107:1334:107:1334:109":330,"f:1334:111:1334:118":197,"s:1334:122:1334:130":569,"f:1341:100:1341:110":198,"s:1341:115:1341:142":570,"f:1342:20:1342:31":199,"b:1342:38:1342:Infinity:undefined:undefined:undefined:undefined":331,"s:1342:38:1342:Infinity":571,"b:1342:42:1342:63:1342:63:1342:78":332,"s:1342:82:1342:174":572,"f:1342:82:1342:97":200,"s:1342:103:1342:172":573,"b:1342:122:1342:132:1342:132:1342:148:1342:148:1342:150":333,"s:1342:174:1342:Infinity":574,"f:1345:20:1345:35":201,"b:1345:37:1345:172:undefined:undefined:undefined:undefined":334,"s:1345:37:1345:172":575,"s:1345:60:1345:152":576,"f:1345:60:1345:75":202,"s:1345:81:1345:150":577,"b:1345:100:1345:110:1345:110:1345:126:1345:126:1345:128":335,"s:1345:152:1345:172":578,"b:1355:20:1355:48:1355:48:1355:72:1355:72:1355:74":336,"f:1355:76:1355:80":203,"s:1356:20:1361:Infinity":579,"b:1357:47:1357:51:1357:51:1357:Infinity":337,"f:1358:30:1358:45":204,"s:1358:45:1358:232":580,"f:1358:45:1358:60":205,"s:1358:66:1358:232":581,"b:1358:89:1358:107:1358:107:1358:131:1358:131:1358:133":338,"f:1358:135:1358:142":206,"s:1358:142:1358:230":582,"b:1358:174:1358:179:1358:179:1358:193":339,"b:1358:217:1358:221:1358:221:1358:230":340,"b:1356:55:1356:59:1356:59:1356:67":341,"f:1365:124:1365:134":207,"s:1365:139:1365:165":583,"f:1366:20:1366:31":208,"b:1366:38:1366:Infinity:undefined:undefined:undefined:undefined":342,"s:1366:38:1366:Infinity":584,"b:1366:42:1366:63:1366:63:1366:77":343,"s:1366:81:1366:196":585,"f:1366:81:1366:96":209,"s:1366:102:1366:194":586,"b:1366:129:1366:147:1366:147:1366:171:1366:171:1366:173":344,"s:1366:196:1366:Infinity":587,"f:1369:20:1369:35":210,"b:1369:37:1369:193:undefined:undefined:undefined:undefined":345,"s:1369:37:1369:193":588,"s:1369:59:1369:174":589,"f:1369:59:1369:74":211,"s:1369:80:1369:172":590,"b:1369:107:1369:125:1369:125:1369:149:1369:149:1369:151":346,"s:1369:174:1369:193":591,"b:1376:31:1376:47:1376:47:1376:Infinity":347,"b:1384:13:1384:Infinity:1385:14:1394:Infinity":348,"f:1388:26:1388:30":212,"s:1389:20:1392:Infinity":592,"f:1400:14:1400:29":213,"s:1400:29:1400:52":593,"f:1406:14:1406:29":214,"s:1406:29:1406:49":594,"b:1412:19:1412:47:1412:47:1412:49":349,"b:1412:81:1412:121:1412:122:1412:126":350,"b:1412:135:1412:157:1412:157:1412:159":351,"f:1412:168:1412:173":215,"s:1413:18:1416:Infinity":595,"b:1413:55:1413:77:1413:77:1413:85":352,"f:1420:105:1420:117":216,"s:1420:119:1420:137":596,"b:1427:9:1427:41:1427:41:1427:Infinity:1428:10:1478:Infinity":353,"f:1429:20:1429:35":217,"s:1429:35:1429:56":597,"b:1433:20:1433:40:1433:40:1433:45":354,"b:1437:67:1437:87:1437:87:1437:102":355,"b:1438:19:1438:Infinity:1439:20:1441:Infinity":356,"b:1441:122:1441:150:1441:150:1441:152":357,"b:1446:15:1446:Infinity:1447:16:1447:Infinity":358,"b:1451:19:1451:50:1451:50:1451:53":359,"b:1452:44:1452:89:1452:92:1452:97":360,"b:1453:52:1453:64:1453:64:1453:76":361,"f:1454:18:1454:23":218,"s:1455:18:1458:Infinity":598,"b:1466:14:1467:32:1467:16:1476:Infinity":362,"f:1467:32:1467:36":219,"s:1468:14:1476:Infinity":599,"f:1469:16:1469:31":220,"s:1470:38:1470:Infinity":600,"b:1470:38:1470:73:1470:77:1470:Infinity":363,"f:1470:47:1470:52":221,"s:1470:58:1470:73":601,"s:1471:18:1471:Infinity":602,"s:1472:18:1472:Infinity":603,"b:1475:113:1475:135:1475:135:1475:138":364,"b:1481:9:1481:Infinity:1482:10:1525:Infinity":365,"f:1485:22:1485:37":222,"s:1485:37:1485:57":604,"b:1490:15:1490:Infinity:1491:16:1496:15":366,"f:1491:33:1491:45":223,"s:1491:47:1491:78":605,"s:1491:78:1491:Infinity":606,"f:1491:78:1491:88":224,"s:1491:96:1491:169":607,"f:1491:101:1491:105":225,"s:1491:111:1491:169":608,"b:1491:128:1491:141:1491:141:1491:167":367,"f:1496:60:1496:70":226,"s:1496:75:1496:105":609,"f:1508:20:1508:Infinity":227,"s:1509:29:1509:Infinity":610,"b:1510:14:1511:Infinity:1511:23:1511:Infinity":368,"s:1510:14:1511:Infinity":611,"s:1510:44:1510:Infinity":612,"f:1510:62:1510:69":228,"s:1510:74:1510:85":613,"b:1511:23:1511:Infinity:undefined:undefined:undefined:undefined":369,"s:1511:23:1511:Infinity":614,"s:1511:47:1511:Infinity":615,"f:1511:65:1511:72":229,"s:1511:77:1511:100":616,"s:1512:14:1523:Infinity":617,"b:1513:18:1514:27:1514:18:1522:Infinity":370,"f:1514:27:1514:31":230,"s:1515:18:1522:Infinity":618,"b:1515:119:1515:141:1515:141:1515:166":371,"b:1517:65:1517:77:1517:77:1517:90":372,"b:1517:111:1517:115:1517:115:1517:120":373,"b:1518:23:1518:37:1518:37:1518:Infinity":374,"b:1520:21:1520:31:1520:31:1520:Infinity":375}}}
}
